#
# There is insufficient memory for the Java Runtime Environment to continue.
# Native memory allocation (malloc) failed to allocate 1446048 bytes for Chunk::new
# Possible reasons:
#   The system is out of physical RAM or swap space
#   In 32 bit mode, the process size limit was hit
# Possible solutions:
#   Reduce memory load on the system
#   Increase physical memory or swap space
#   Check if swap backing store is full
#   Use 64 bit Java on a 64 bit OS
#   Decrease Java heap size (-Xmx/-Xms)
#   Decrease number of Java threads
#   Decrease Java thread stack sizes (-Xss)
#   Set larger code cache with -XX:ReservedCodeCacheSize=
# This output file may be truncated or incomplete.
#
#  Out of Memory Error (allocation.cpp:390), pid=11916, tid=0x0000000000001e84
#
# JRE version: OpenJDK Runtime Environment (8.0_152-b01) (build 1.8.0_152-release-1343-b01)
# Java VM: OpenJDK 64-Bit Server VM (25.152-b01 mixed mode windows-amd64 compressed oops)
# Failed to write core dump. Minidumps are not enabled by default on client versions of Windows
#

---------------  T H R E A D  ---------------

Current thread (0x0000000015cab000):  JavaThread "C2 CompilerThread0" daemon [_thread_in_native, id=7812, stack(0x0000000016be0000,0x0000000016ce0000)]

Stack: [0x0000000016be0000,0x0000000016ce0000]
[error occurred during error reporting (printing stack bounds), id 0xc0000005]

Native frames: (J=compiled Java code, j=interpreted, Vv=VM code, C=native code)


Current CompileTask:
C2:  21181 3100       4       groovy.lang.MetaClassImpl$1MOPIter::methodNameAction (479 bytes)


---------------  P R O C E S S  ---------------

Java Threads: ( => current thread )
  0x000000001a01f800 JavaThread "build operations Thread 2" [_thread_blocked, id=6248, stack(0x000000001dd50000,0x000000001de50000)]
  0x000000001a01b800 JavaThread "build operations" [_thread_blocked, id=1016, stack(0x000000001dc50000,0x000000001dd50000)]
  0x000000001a01c800 JavaThread "Cache worker for Artifact transforms cache (C:\Users\samsung\.gradle\caches\transforms-1)" [_thread_blocked, id=11368, stack(0x000000001aee0000,0x000000001afe0000)]
  0x00000000179d4800 JavaThread "Cache worker for file hash cache (D:\OrderListLogic\.gradle\4.4\fileHashes)" [_thread_blocked, id=11612, stack(0x0000000019c10000,0x0000000019d10000)]
  0x0000000016f0e800 JavaThread "File lock request listener" [_thread_in_native, id=12140, stack(0x0000000019b10000,0x0000000019c10000)]
  0x0000000016f0e000 JavaThread "Cache worker for file hash cache (C:\Users\samsung\.gradle\caches\4.4\fileHashes)" [_thread_blocked, id=8992, stack(0x0000000019a10000,0x0000000019b10000)]
  0x0000000016fcf000 JavaThread "Stdin handler" [_thread_blocked, id=9512, stack(0x0000000019710000,0x0000000019810000)]
  0x0000000016fce000 JavaThread "Asynchronous log dispatcher for DefaultDaemonConnection: socket connection from /127.0.0.1:60311 to /127.0.0.1:60312" [_thread_blocked, id=13152, stack(0x0000000019610000,0x0000000019710000)]
  0x0000000016f55000 JavaThread "Daemon worker" [_thread_blocked, id=7112, stack(0x0000000019510000,0x0000000019610000)]
  0x0000000016f52000 JavaThread "Cancel handler" [_thread_blocked, id=9312, stack(0x0000000019410000,0x0000000019510000)]
  0x0000000016f3e800 JavaThread "Handler for socket connection from /127.0.0.1:60311 to /127.0.0.1:60312" [_thread_in_native, id=988, stack(0x0000000019110000,0x0000000019210000)]
  0x0000000018293800 JavaThread "Daemon" [_thread_blocked, id=7692, stack(0x0000000019010000,0x0000000019110000)]
  0x0000000017862800 JavaThread "Daemon periodic checks" [_thread_blocked, id=4388, stack(0x0000000018f10000,0x0000000019010000)]
  0x0000000017848800 JavaThread "Incoming local TCP Connector on port 60311" [_thread_in_native, id=10524, stack(0x0000000018db0000,0x0000000018eb0000)]
  0x0000000016e14800 JavaThread "Service Thread" daemon [_thread_blocked, id=11636, stack(0x00000000171e0000,0x00000000172e0000)]
  0x0000000015d0c800 JavaThread "C1 CompilerThread1" daemon [_thread_blocked, id=10660, stack(0x0000000016ce0000,0x0000000016de0000)]
=>0x0000000015cab000 JavaThread "C2 CompilerThread0" daemon [_thread_in_native, id=7812, stack(0x0000000016be0000,0x0000000016ce0000)]
  0x0000000015ca8800 JavaThread "Attach Listener" daemon [_thread_blocked, id=11008, stack(0x0000000016ae0000,0x0000000016be0000)]
  0x0000000015cfe000 JavaThread "Signal Dispatcher" daemon [_thread_blocked, id=6216, stack(0x00000000169e0000,0x0000000016ae0000)]
  0x0000000002566000 JavaThread "Finalizer" daemon [_thread_blocked, id=13288, stack(0x00000000168e0000,0x00000000169e0000)]
  0x000000000255e000 JavaThread "Reference Handler" daemon [_thread_blocked, id=8696, stack(0x00000000167e0000,0x00000000168e0000)]
  0x000000000215e000 JavaThread "main" [_thread_blocked, id=7664, stack(0x0000000001ff0000,0x00000000020f0000)]

Other Threads:
  0x0000000015c64800 VMThread [stack: 0x00000000166e0000,0x00000000167e0000] [id=10460]
  0x0000000016e17000 WatcherThread [stack: 0x00000000172e0000,0x00000000173e0000] [id=11812]

VM state:at safepoint (normal execution)

VM Mutex/Monitor currently owned by a thread:  ([mutex/lock_event])
[0x000000000215d4b0] Threads_lock - owner thread: 0x0000000015c64800
[0x000000000215d830] Heap_lock - owner thread: 0x0000000016f55000

Heap:
 PSYoungGen      total 113664K, used 10226K [0x00000000e0000000, 0x00000000e9080000, 0x0000000100000000)
  eden space 103424K, 0% used [0x00000000e0000000,0x00000000e0000000,0x00000000e6500000)
  from space 10240K, 99% used [0x00000000e7c80000,0x00000000e867ca20,0x00000000e8680000)
  to   space 6656K, 0% used [0x00000000e8a00000,0x00000000e8a00000,0x00000000e9080000)
 ParOldGen       total 43008K, used 16072K [0x00000000a0000000, 0x00000000a2a00000, 0x00000000e0000000)
  object space 43008K, 37% used [0x00000000a0000000,0x00000000a0fb23b0,0x00000000a2a00000)
 Metaspace       used 34589K, capacity 35370K, committed 35416K, reserved 1079296K
  class space    used 4834K, capacity 5094K, committed 5120K, reserved 1048576K

Card table byte_map: [0x0000000011930000,0x0000000011c40000] byte_map_base: 0x0000000011430000

Marking Bits: (ParMarkBitMap*) 0x000000005dc95aa0
 Begin Bits: [0x0000000012040000, 0x0000000013840000)
 End Bits:   [0x0000000013840000, 0x0000000015040000)

Polling page: 0x0000000000740000

CodeCache: size=245760Kb used=10121Kb max_used=10277Kb free=235638Kb
 bounds [0x0000000002570000, 0x0000000002f90000, 0x0000000011570000]
 total_blobs=3655 nmethods=2963 adapters=606
 compilation: enabled

Compilation events (10 events):
Event: 20.772 Thread 0x0000000015d0c800 3252       2       jdk.internal.org.objectweb.asm.MethodVisitor::<init> (35 bytes)
Event: 20.772 Thread 0x0000000015d0c800 nmethod 3252 0x0000000002744090 code [0x0000000002744200, 0x0000000002744428]
Event: 20.775 Thread 0x0000000015d0c800 3253       1       java.lang.Integer::intValue (5 bytes)
Event: 20.775 Thread 0x0000000015d0c800 nmethod 3253 0x0000000002746690 code [0x00000000027467e0, 0x00000000027468f0]
Event: 20.809 Thread 0x0000000015d0c800 3254       1       sun.nio.fs.WindowsPath::toString (5 bytes)
Event: 20.809 Thread 0x0000000015d0c800 nmethod 3254 0x00000000027463d0 code [0x0000000002746520, 0x0000000002746630]
Event: 20.936 Thread 0x0000000015d0c800 3255       2       java.lang.Class::getSimpleName (120 bytes)
Event: 20.938 Thread 0x0000000015d0c800 nmethod 3255 0x0000000002a7a0d0 code [0x0000000002a7a320, 0x0000000002a7ab78]
Event: 20.945 Thread 0x0000000015d0c800 3257       1       sun.misc.SharedSecrets::getJavaLangAccess (4 bytes)
Event: 20.946 Thread 0x0000000015d0c800 nmethod 3257 0x000000000271f450 code [0x000000000271f5a0, 0x000000000271f690]

GC Heap History (10 events):
Event: 10.635 GC heap after
Heap after GC invocations=4 (full 0):
 PSYoungGen      total 68096K, used 2552K [0x00000000e0000000, 0x00000000e4500000, 0x0000000100000000)
  eden space 65536K, 0% used [0x00000000e0000000,0x00000000e0000000,0x00000000e4000000)
  from space 2560K, 99% used [0x00000000e4280000,0x00000000e44fe030,0x00000000e4500000)
  to   space 2560K, 0% used [0x00000000e4000000,0x00000000e4000000,0x00000000e4280000)
 ParOldGen       total 44032K, used 7781K [0x00000000a0000000, 0x00000000a2b00000, 0x00000000e0000000)
  object space 44032K, 17% used [0x00000000a0000000,0x00000000a07995c8,0x00000000a2b00000)
 Metaspace       used 14414K, capacity 14774K, committed 14976K, reserved 1062912K
  class space    used 1999K, capacity 2125K, committed 2176K, reserved 1048576K
}
Event: 14.080 GC heap before
{Heap before GC invocations=5 (full 0):
 PSYoungGen      total 68096K, used 51427K [0x00000000e0000000, 0x00000000e4500000, 0x0000000100000000)
  eden space 65536K, 74% used [0x00000000e0000000,0x00000000e2fbad98,0x00000000e4000000)
  from space 2560K, 99% used [0x00000000e4280000,0x00000000e44fe030,0x00000000e4500000)
  to   space 2560K, 0% used [0x00000000e4000000,0x00000000e4000000,0x00000000e4280000)
 ParOldGen       total 44032K, used 7781K [0x00000000a0000000, 0x00000000a2b00000, 0x00000000e0000000)
  object space 44032K, 17% used [0x00000000a0000000,0x00000000a07995c8,0x00000000a2b00000)
 Metaspace       used 20783K, capacity 21206K, committed 21248K, reserved 1067008K
  class space    used 2891K, capacity 3042K, committed 3072K, reserved 1048576K
Event: 14.105 GC heap after
Heap after GC invocations=5 (full 0):
 PSYoungGen      total 68096K, used 2536K [0x00000000e0000000, 0x00000000e9400000, 0x0000000100000000)
  eden space 65536K, 0% used [0x00000000e0000000,0x00000000e0000000,0x00000000e4000000)
  from space 2560K, 99% used [0x00000000e4000000,0x00000000e427a050,0x00000000e4280000)
  to   space 10240K, 0% used [0x00000000e8a00000,0x00000000e8a00000,0x00000000e9400000)
 ParOldGen       total 44032K, used 14414K [0x00000000a0000000, 0x00000000a2b00000, 0x00000000e0000000)
  object space 44032K, 32% used [0x00000000a0000000,0x00000000a0e13ba8,0x00000000a2b00000)
 Metaspace       used 20783K, capacity 21206K, committed 21248K, reserved 1067008K
  class space    used 2891K, capacity 3042K, committed 3072K, reserved 1048576K
}
Event: 14.105 GC heap before
{Heap before GC invocations=6 (full 1):
 PSYoungGen      total 68096K, used 2536K [0x00000000e0000000, 0x00000000e9400000, 0x0000000100000000)
  eden space 65536K, 0% used [0x00000000e0000000,0x00000000e0000000,0x00000000e4000000)
  from space 2560K, 99% used [0x00000000e4000000,0x00000000e427a050,0x00000000e4280000)
  to   space 10240K, 0% used [0x00000000e8a00000,0x00000000e8a00000,0x00000000e9400000)
 ParOldGen       total 44032K, used 14414K [0x00000000a0000000, 0x00000000a2b00000, 0x00000000e0000000)
  object space 44032K, 32% used [0x00000000a0000000,0x00000000a0e13ba8,0x00000000a2b00000)
 Metaspace       used 20783K, capacity 21206K, committed 21248K, reserved 1067008K
  class space    used 2891K, capacity 3042K, committed 3072K, reserved 1048576K
Event: 14.213 GC heap after
Heap after GC invocations=6 (full 1):
 PSYoungGen      total 68096K, used 0K [0x00000000e0000000, 0x00000000e9400000, 0x0000000100000000)
  eden space 65536K, 0% used [0x00000000e0000000,0x00000000e0000000,0x00000000e4000000)
  from space 2560K, 0% used [0x00000000e4000000,0x00000000e4000000,0x00000000e4280000)
  to   space 10240K, 0% used [0x00000000e8a00000,0x00000000e8a00000,0x00000000e9400000)
 ParOldGen       total 43008K, used 11819K [0x00000000a0000000, 0x00000000a2a00000, 0x00000000e0000000)
  object space 43008K, 27% used [0x00000000a0000000,0x00000000a0b8adc0,0x00000000a2a00000)
 Metaspace       used 20783K, capacity 21206K, committed 21248K, reserved 1067008K
  class space    used 2891K, capacity 3042K, committed 3072K, reserved 1048576K
}
Event: 16.341 GC heap before
{Heap before GC invocations=7 (full 1):
 PSYoungGen      total 68096K, used 65536K [0x00000000e0000000, 0x00000000e9400000, 0x0000000100000000)
  eden space 65536K, 100% used [0x00000000e0000000,0x00000000e4000000,0x00000000e4000000)
  from space 2560K, 0% used [0x00000000e4000000,0x00000000e4000000,0x00000000e4280000)
  to   space 10240K, 0% used [0x00000000e8a00000,0x00000000e8a00000,0x00000000e9400000)
 ParOldGen       total 43008K, used 11819K [0x00000000a0000000, 0x00000000a2a00000, 0x00000000e0000000)
  object space 43008K, 27% used [0x00000000a0000000,0x00000000a0b8adc0,0x00000000a2a00000)
 Metaspace       used 25958K, capacity 26502K, committed 26624K, reserved 1073152K
  class space    used 3625K, capacity 3776K, committed 3840K, reserved 1048576K
Event: 16.360 GC heap after
Heap after GC invocations=7 (full 1):
 PSYoungGen      total 110080K, used 6640K [0x00000000e0000000, 0x00000000e9080000, 0x0000000100000000)
  eden space 103424K, 0% used [0x00000000e0000000,0x00000000e0000000,0x00000000e6500000)
  from space 6656K, 99% used [0x00000000e8a00000,0x00000000e907c348,0x00000000e9080000)
  to   space 10240K, 0% used [0x00000000e7c80000,0x00000000e7c80000,0x00000000e8680000)
 ParOldGen       total 43008K, used 11827K [0x00000000a0000000, 0x00000000a2a00000, 0x00000000e0000000)
  object space 43008K, 27% used [0x00000000a0000000,0x00000000a0b8cdc0,0x00000000a2a00000)
 Metaspace       used 25958K, capacity 26502K, committed 26624K, reserved 1073152K
  class space    used 3625K, capacity 3776K, committed 3840K, reserved 1048576K
}
Event: 20.981 GC heap before
{Heap before GC invocations=8 (full 1):
 PSYoungGen      total 110080K, used 107817K [0x00000000e0000000, 0x00000000e9080000, 0x0000000100000000)
  eden space 103424K, 97% used [0x00000000e0000000,0x00000000e62ce118,0x00000000e6500000)
  from space 6656K, 99% used [0x00000000e8a00000,0x00000000e907c348,0x00000000e9080000)
  to   space 10240K, 0% used [0x00000000e7c80000,0x00000000e7c80000,0x00000000e8680000)
 ParOldGen       total 43008K, used 11827K [0x00000000a0000000, 0x00000000a2a00000, 0x00000000e0000000)
  object space 43008K, 27% used [0x00000000a0000000,0x00000000a0b8cdc0,0x00000000a2a00000)
 Metaspace       used 34589K, capacity 35370K, committed 35416K, reserved 1079296K
  class space    used 4834K, capacity 5094K, committed 5120K, reserved 1048576K
Event: 21.131 GC heap after
Heap after GC invocations=8 (full 1):
 PSYoungGen      total 113664K, used 10226K [0x00000000e0000000, 0x00000000e9080000, 0x0000000100000000)
  eden space 103424K, 0% used [0x00000000e0000000,0x00000000e0000000,0x00000000e6500000)
  from space 10240K, 99% used [0x00000000e7c80000,0x00000000e867ca20,0x00000000e8680000)
  to   space 6656K, 0% used [0x00000000e8a00000,0x00000000e8a00000,0x00000000e9080000)
 ParOldGen       total 43008K, used 16072K [0x00000000a0000000, 0x00000000a2a00000, 0x00000000e0000000)
  object space 43008K, 37% used [0x00000000a0000000,0x00000000a0fb23b0,0x00000000a2a00000)
 Metaspace       used 34589K, capacity 35370K, committed 35416K, reserved 1079296K
  class space    used 4834K, capacity 5094K, committed 5120K, reserved 1048576K
}
Event: 21.131 GC heap before
{Heap before GC invocations=9 (full 2):
 PSYoungGen      total 113664K, used 10226K [0x00000000e0000000, 0x00000000e9080000, 0x0000000100000000)
  eden space 103424K, 0% used [0x00000000e0000000,0x00000000e0000000,0x00000000e6500000)
  from space 10240K, 99% used [0x00000000e7c80000,0x00000000e867ca20,0x00000000e8680000)
  to   space 6656K, 0% used [0x00000000e8a00000,0x00000000e8a00000,0x00000000e9080000)
 ParOldGen       total 43008K, used 16072K [0x00000000a0000000, 0x00000000a2a00000, 0x00000000e0000000)
  object space 43008K, 37% used [0x00000000a0000000,0x00000000a0fb23b0,0x00000000a2a00000)
 Metaspace       used 34589K, capacity 35370K, committed 35416K, reserved 1079296K
  class space    used 4834K, capacity 5094K, committed 5120K, reserved 1048576K

Deoptimization events (10 events):
Event: 17.689 Thread 0x0000000016f55000 Uncommon trap: reason=unstable_if action=reinterpret pc=0x0000000002cd51ec method=java.net.URLStreamHandler.sameFile(Ljava/net/URL;Ljava/net/URL;)Z @ 63
Event: 17.700 Thread 0x0000000016f55000 Uncommon trap: reason=unstable_if action=reinterpret pc=0x0000000002cdea38 method=java.net.URLStreamHandler.sameFile(Ljava/net/URL;Ljava/net/URL;)Z @ 63
Event: 18.209 Thread 0x0000000016f55000 Uncommon trap: reason=unstable_if action=reinterpret pc=0x00000000028503e8 method=java.net.URI.match(CJJ)Z @ 45
Event: 18.209 Thread 0x0000000016f55000 Uncommon trap: reason=unstable_if action=reinterpret pc=0x00000000026cbf08 method=java.net.URI.match(CJJ)Z @ 19
Event: 18.884 Thread 0x000000001a01b800 Uncommon trap: reason=unstable_if action=reinterpret pc=0x0000000002e7c7e4 method=com.esotericsoftware.kryo.io.Output.writeString(Ljava/lang/CharSequence;)V @ 1
Event: 19.900 Thread 0x0000000016f55000 Uncommon trap: reason=unstable_if action=reinterpret pc=0x0000000002866538 method=java.util.jar.JarFile.match([C[B[I[I)Z @ 29
Event: 20.350 Thread 0x0000000016f55000 Uncommon trap: reason=class_check action=maybe_recompile pc=0x0000000002ebac40 method=java.io.BufferedInputStream.read1([BII)I @ 39
Event: 20.351 Thread 0x0000000016f55000 Uncommon trap: reason=class_check action=maybe_recompile pc=0x0000000002ebac40 method=java.io.BufferedInputStream.read1([BII)I @ 39
Event: 20.351 Thread 0x0000000016f55000 Uncommon trap: reason=class_check action=maybe_recompile pc=0x0000000002ebac40 method=java.io.BufferedInputStream.read1([BII)I @ 39
Event: 20.360 Thread 0x0000000016f55000 Uncommon trap: reason=unstable_if action=reinterpret pc=0x0000000002a61090 method=java.util.regex.Pattern.has(I)Z @ 6

Classes redefined (0 events):
No events

Internal exceptions (10 events):
Event: 20.005 Thread 0x0000000016f55000 Exception <a 'java/lang/ClassNotFoundException': org/gradle/api/internal/ConventionTaskBeanInfo> (0x00000000e4f623f8) thrown at [D:\src\AOSP-openjdk-cygwin\jdk8u\hotspot\src\share\vm\classfile\systemDictionary.cpp, line 210]
Event: 20.011 Thread 0x0000000016f55000 Exception <a 'java/lang/ClassNotFoundException': org/gradle/api/DefaultTaskBeanInfo> (0x00000000e4f84fd0) thrown at [D:\src\AOSP-openjdk-cygwin\jdk8u\hotspot\src\share\vm\classfile\systemDictionary.cpp, line 210]
Event: 20.013 Thread 0x0000000016f55000 Exception <a 'java/lang/ClassNotFoundException': org/gradle/api/internal/AbstractTaskBeanInfo> (0x00000000e4fae1b8) thrown at [D:\src\AOSP-openjdk-cygwin\jdk8u\hotspot\src\share\vm\classfile\systemDictionary.cpp, line 210]
Event: 20.015 Thread 0x0000000016f55000 Exception <a 'java/lang/ClassNotFoundException': org/gradle/api/internal/AbstractTaskCustomizer> (0x00000000e4fd7f20) thrown at [D:\src\AOSP-openjdk-cygwin\jdk8u\hotspot\src\share\vm\classfile\systemDictionary.cpp, line 210]
Event: 20.026 Thread 0x0000000016f55000 Exception <a 'java/lang/ClassNotFoundException': org/gradle/api/DefaultTaskCustomizer> (0x00000000e505fcb0) thrown at [D:\src\AOSP-openjdk-cygwin\jdk8u\hotspot\src\share\vm\classfile\systemDictionary.cpp, line 210]
Event: 20.028 Thread 0x0000000016f55000 Exception <a 'java/lang/ClassNotFoundException': org/gradle/api/internal/ConventionTaskCustomizer> (0x00000000e5099450) thrown at [D:\src\AOSP-openjdk-cygwin\jdk8u\hotspot\src\share\vm\classfile\systemDictionary.cpp, line 210]
Event: 20.031 Thread 0x0000000016f55000 Exception <a 'java/lang/ClassNotFoundException': org/gradle/api/tasks/DeleteCustomizer> (0x00000000e50d0b80) thrown at [D:\src\AOSP-openjdk-cygwin\jdk8u\hotspot\src\share\vm\classfile\systemDictionary.cpp, line 210]
Event: 20.034 Thread 0x0000000016f55000 Exception <a 'java/lang/ClassNotFoundException': org/gradle/api/tasks/Delete_DecoratedCustomizer> (0x00000000e5115eb8) thrown at [D:\src\AOSP-openjdk-cygwin\jdk8u\hotspot\src\share\vm\classfile\systemDictionary.cpp, line 210]
Event: 20.163 Thread 0x0000000016f55000 Exception <a 'java/lang/ClassNotFoundException': build_3lgfx18g0ea68acm72r7xqwa7BeanInfo> (0x00000000e523f038) thrown at [D:\src\AOSP-openjdk-cygwin\jdk8u\hotspot\src\share\vm\classfile\systemDictionary.cpp, line 210]
Event: 20.164 Thread 0x0000000016f55000 Exception <a 'java/lang/ClassNotFoundException': build_3lgfx18g0ea68acm72r7xqwa7Customizer> (0x00000000e5249530) thrown at [D:\src\AOSP-openjdk-cygwin\jdk8u\hotspot\src\share\vm\classfile\systemDictionary.cpp, line 210]

Events (10 events):
Event: 20.975 loading class com/google/common/cache/LocalCache$LocalLoadingCache done
Event: 20.976 loading class com/google/common/cache/LocalCache$LocalManualCache
Event: 20.976 loading class com/google/common/cache/LocalCache$LocalManualCache done
Event: 20.977 loading class com/google/common/cache/LocalCache$LocalManualCache$1
Event: 20.977 loading class com/google/common/cache/LocalCache$LocalManualCache$1 done
Event: 20.978 loading class com/google/common/util/concurrent/UncheckedExecutionException
Event: 20.978 loading class com/google/common/util/concurrent/UncheckedExecutionException done
Event: 20.979 loading class com/google/common/cache/LocalCache
Event: 20.979 loading class com/google/common/cache/LocalCache done
Event: 20.981 Executing VM operation: CollectForMetadataAllocation


Dynamic libraries:
0x00007ff7cb9a0000 - 0x00007ff7cb9d1000 	D:\android\studio\jre\bin\java.exe
0x00007ff977060000 - 0x00007ff97720d000 	C:\Windows\SYSTEM32\ntdll.dll
0x00007ff974af0000 - 0x00007ff974c2f000 	C:\Windows\system32\KERNEL32.DLL
0x00007ff974540000 - 0x00007ff974656000 	C:\Windows\system32\KERNELBASE.dll
0x00007ff976f20000 - 0x00007ff976fca000 	C:\Windows\system32\ADVAPI32.dll
0x00007ff976350000 - 0x00007ff9764c7000 	C:\Windows\system32\USER32.dll
0x00007ff972280000 - 0x00007ff9724fb000 	C:\Windows\WinSxS\amd64_microsoft.windows.common-controls_6595b64144ccf1df_6.0.9600.19291_none_6248a9f3ecb5e89b\COMCTL32.dll
0x00007ff976990000 - 0x00007ff976a3a000 	C:\Windows\system32\msvcrt.dll
0x00007ff976590000 - 0x00007ff9765e9000 	C:\Windows\SYSTEM32\sechost.dll
0x00007ff9765f0000 - 0x00007ff976730000 	C:\Windows\system32\RPCRT4.dll
0x00007ff976a40000 - 0x00007ff976b8c000 	C:\Windows\system32\GDI32.dll
0x00007ff9746c0000 - 0x00007ff9746ee000 	C:\Windows\system32\SspiCli.dll
0x00007ff9768f0000 - 0x00007ff976926000 	C:\Windows\system32\IMM32.DLL
0x00007ff976dc0000 - 0x00007ff976f11000 	C:\Windows\system32\MSCTF.dll
0x000000005d0c0000 - 0x000000005d192000 	D:\android\studio\jre\jre\bin\msvcr100.dll
0x000000005d4d0000 - 0x000000005dd11000 	D:\android\studio\jre\jre\bin\server\jvm.dll
0x00007ff96e490000 - 0x00007ff96e499000 	C:\Windows\SYSTEM32\WSOCK32.dll
0x00007ff971a60000 - 0x00007ff971a82000 	C:\Windows\SYSTEM32\WINMM.dll
0x00007ff9721c0000 - 0x00007ff9721ca000 	C:\Windows\SYSTEM32\VERSION.dll
0x00007ff976fd0000 - 0x00007ff976fd7000 	C:\Windows\system32\PSAPI.DLL
0x00007ff976930000 - 0x00007ff97698a000 	C:\Windows\system32\WS2_32.dll
0x00007ff971a20000 - 0x00007ff971a4a000 	C:\Windows\SYSTEM32\WINMMBASE.dll
0x00007ff977050000 - 0x00007ff977059000 	C:\Windows\system32\NSI.dll
0x00007ff974260000 - 0x00007ff9742af000 	C:\Windows\SYSTEM32\cfgmgr32.dll
0x00007ff972fa0000 - 0x00007ff972fc8000 	C:\Windows\SYSTEM32\DEVOBJ.dll
0x00007ff96e320000 - 0x00007ff96e32f000 	D:\android\studio\jre\jre\bin\verify.dll
0x00007ff96bf40000 - 0x00007ff96bf69000 	D:\android\studio\jre\jre\bin\java.dll
0x00007ff96e300000 - 0x00007ff96e316000 	D:\android\studio\jre\jre\bin\zip.dll
0x00007ff974e20000 - 0x00007ff97634b000 	C:\Windows\system32\SHELL32.dll
0x00007ff976ba0000 - 0x00007ff976db0000 	C:\Windows\SYSTEM32\combase.dll
0x00007ff974890000 - 0x00007ff9748e4000 	C:\Windows\system32\SHLWAPI.dll
0x00007ff9729b0000 - 0x00007ff972a62000 	C:\Windows\SYSTEM32\SHCORE.dll
0x00007ff974190000 - 0x00007ff9741a5000 	C:\Windows\SYSTEM32\profapi.dll
0x00007ff9667a0000 - 0x00007ff9667ba000 	D:\android\studio\jre\jre\bin\net.dll
0x00007ff9739c0000 - 0x00007ff973a19000 	C:\Windows\system32\mswsock.dll
0x00007ff966780000 - 0x00007ff966791000 	D:\android\studio\jre\jre\bin\nio.dll
0x00007ff9614b0000 - 0x00007ff9614ce000 	C:\Users\samsung\.gradle\native\25\windows-amd64\native-platform.dll
0x00007ff96b950000 - 0x00007ff96b95d000 	D:\android\studio\jre\jre\bin\management.dll
0x00007ff973a20000 - 0x00007ff973a40000 	C:\Windows\SYSTEM32\CRYPTSP.dll
0x00007ff973640000 - 0x00007ff973676000 	C:\Windows\system32\rsaenh.dll
0x00007ff973cd0000 - 0x00007ff973cf6000 	C:\Windows\SYSTEM32\bcrypt.dll
0x00007ff973750000 - 0x00007ff973771000 	C:\Windows\SYSTEM32\USERENV.dll
0x00007ff973ff0000 - 0x00007ff974053000 	C:\Windows\system32\bcryptprimitives.dll
0x00007ff974060000 - 0x00007ff97406b000 	C:\Windows\SYSTEM32\CRYPTBASE.dll
0x00007ff96e120000 - 0x00007ff96e14a000 	C:\Windows\SYSTEM32\IPHLPAPI.DLL
0x00007ff96e0b0000 - 0x00007ff96e0ba000 	C:\Windows\SYSTEM32\WINNSI.DLL
0x00007ff96d310000 - 0x00007ff96d326000 	C:\Windows\SYSTEM32\dhcpcsvc6.DLL
0x00007ff96d6a0000 - 0x00007ff96d6ba000 	C:\Windows\SYSTEM32\dhcpcsvc.DLL

VM Arguments:
jvm_args: -Xmx1536m -Dfile.encoding=GBK -Duser.country=CN -Duser.language=zh -Duser.variant 
java_command: org.gradle.launcher.daemon.bootstrap.GradleDaemon 4.4
java_class_path (initial): C:\Users\samsung\.gradle\wrapper\dists\gradle-4.4-all\9br9xq1tocpiv8o6njlyu5op1\gradle-4.4\lib\gradle-launcher-4.4.jar
Launcher Type: SUN_STANDARD

Environment Variables:
JAVA_HOME=D:\Program Files\Java\jdk-11.0.2
CLASSPATH=.D:\Program Files\Java\jdk-11.0.2bin;D:\Program Files\Java\jdk-11.0.2\jre\bin;
PATH=C:\Program Files\Microsoft MPI\Bin\;C:\PROGRA~2\Bin;C:\PROGRA~2\Projects\Bpl;C:\PROGRA~2\Borland\CBUILD~1\Bin;C:\PROGRA~2\Borland\CBUILD~1\Projects\Bpl;C:\Program Files\Java\jre1.8.0_171\binC:\Program Files (x86)\Common Files\Oracle\Java\javapath;C:\Program Files (x86)\Intel\iCLS Client\;C:\Program Files\Intel\iCLS Client\;C:\Program Files (x86)\NVIDIA Corporation\PhysX\Common;C:\Windows\system32;C:\Windows;C:\Windows\System32\Wbem;C:\Windows\System32\WindowsPowerShell\v1.0\;C:\Program Files\Intel\Intel(R) Management Engine Components\DAL;C:\Program Files\Intel\Intel(R) Management Engine Components\IPT;C:\Program Files (x86)\Intel\Intel(R) Management Engine Components\DAL;C:\Program Files (x86)\Intel\Intel(R) Management Engine Components\IPT;C:\Program Files\dotnet\;C:\Program Files\Java\jdk1.8.0_171\bin;C:\Program Files (x86)\MySQL\MySQL Utilities 1.6\;C:\Program Files (x86)\Microsoft SQL Server\140\Tools\Binn\;C:\Program Files\Microsoft SQL Server\140\Tools\Binn\;C:\Program Files\Microsoft SQL Server\140\DTS\Binn\;C:\Program Files\Microsoft SQL Server\Client SDK\ODBC\130\Tools\Binn\;D:\Program Files (x86)\Dev-Cpp\MinGW64\bin;E:\Python27;E:\python-3.5.1-embed-adm64;D:\Program Files\Java\jdk-11.0.2\bin;E:\OpenCV4.0\opencv\build\x64\vc15\bin;D:\Program Files (x86)\;D:\android\sdk;D:\android\sdk\platform-tools;E:\Scripts\;E:\;D:\Tools\WinNT;D:\MSDev98\Bin;D:\Tools;c:\bin;C:\modeltech64_10.4\win64;D:\Program Files (x86)\modelsim\win64;D:\Program Files (x86)\win64;E:\OpenCV4.0\opencv\build\x64\vc15\bin;C:\Users\samsung\AppData\Roaming\npm
USERNAME=samsung
OS=Windows_NT
PROCESSOR_IDENTIFIER=Intel64 Family 6 Model 69 Stepping 1, GenuineIntel



---------------  S Y S T E M  ---------------

OS: Windows 8.1 , 64 bit Build 9600 (6.3.9600.19326)

CPU:total 2 (initial active 2) (2 cores per cpu, 1 threads per core) family 6 model 69 stepping 1, cmov, cx8, fxsr, mmx, sse, sse2, sse3, ssse3, sse4.1, sse4.2, popcnt, clmul, erms, lzcnt, tsc, tscinvbit

Memory: 4k page, physical 4106872k(201060k free), swap 7252604k(6120k free)

vm_info: OpenJDK 64-Bit Server VM (25.152-b01) for windows-amd64 JRE (1.8.0_152-release-1343-b01), built by "builder" with MS VC++ 10.0 (VS2010)

time: Fri Jul 12 10:48:03 2019
elapsed time: 21 seconds (0d 0h 0m 21s)

