#
# There is insufficient memory for the Java Runtime Environment to continue.
# Native memory allocation (malloc) failed to allocate 32744 bytes for ChunkPool::allocate
# Possible reasons:
#   The system is out of physical RAM or swap space
#   In 32 bit mode, the process size limit was hit
# Possible solutions:
#   Reduce memory load on the system
#   Increase physical memory or swap space
#   Check if swap backing store is full
#   Use 64 bit Java on a 64 bit OS
#   Decrease Java heap size (-Xmx/-Xms)
#   Decrease number of Java threads
#   Decrease Java thread stack sizes (-Xss)
#   Set larger code cache with -XX:ReservedCodeCacheSize=
# This output file may be truncated or incomplete.
#
#  Out of Memory Error (allocation.cpp:273), pid=8140, tid=0x0000000000000cd8
#
# JRE version: OpenJDK Runtime Environment (8.0_152-b01) (build 1.8.0_152-release-1343-b01)
# Java VM: OpenJDK 64-Bit Server VM (25.152-b01 mixed mode windows-amd64 compressed oops)
# Failed to write core dump. Minidumps are not enabled by default on client versions of Windows
#

---------------  T H R E A D  ---------------

Current thread (0x0000000016520000):  JavaThread "C1 CompilerThread1" daemon [_thread_in_native, id=3288, stack(0x00000000174f0000,0x00000000175f0000)]

Stack: [0x00000000174f0000,0x00000000175f0000]
[error occurred during error reporting (printing stack bounds), id 0xc0000005]

Native frames: (J=compiled Java code, j=interpreted, Vv=VM code, C=native code)


Current CompileTask:
C1:  37459 6055   !   2      
[error occurred during error reporting (printing current compile task), id 0xe0000001]


---------------  P R O C E S S  ---------------

Java Threads: ( => current thread )
  0x00000000176fb800 JavaThread "Memory manager" [_thread_blocked, id=1296, stack(0x000000001e1b0000,0x000000001e2b0000)]
  0x00000000176f8000 JavaThread "build operations Thread 2" [_thread_blocked, id=5448, stack(0x000000001e0b0000,0x000000001e1b0000)]
  0x00000000176f9800 JavaThread "build operations" [_thread_blocked, id=11936, stack(0x000000001dfb0000,0x000000001e0b0000)]
  0x00000000176fa000 JavaThread "Cache worker for Artifact transforms cache (C:\Users\samsung\.gradle\caches\transforms-1)" [_thread_blocked, id=10332, stack(0x000000001cce0000,0x000000001cde0000)]
  0x000000001a658000 JavaThread "Cache worker for file hash cache (D:\OrderListLogic\.gradle\4.4\fileHashes)" [_thread_blocked, id=3904, stack(0x000000001b410000,0x000000001b510000)]
  0x00000000188b0000 JavaThread "File lock request listener" [_thread_in_native, id=4204, stack(0x000000001b310000,0x000000001b410000)]
  0x00000000176ff000 JavaThread "Cache worker for file hash cache (C:\Users\samsung\.gradle\caches\4.4\fileHashes)" [_thread_blocked, id=11408, stack(0x000000001b210000,0x000000001b310000)]
  0x0000000017d4b800 JavaThread "Stdin handler" [_thread_blocked, id=4332, stack(0x0000000019f40000,0x000000001a040000)]
  0x00000000187ef000 JavaThread "Asynchronous log dispatcher for DefaultDaemonConnection: socket connection from /127.0.0.1:59465 to /127.0.0.1:59466" [_thread_in_Java, id=8444, stack(0x0000000019e40000,0x0000000019f40000)]
  0x00000000187ec000 JavaThread "Daemon worker" [_thread_in_Java, id=10152, stack(0x0000000019d40000,0x0000000019e40000)]
  0x00000000187e5800 JavaThread "Cancel handler" [_thread_blocked, id=10916, stack(0x0000000019c40000,0x0000000019d40000)]
  0x00000000187cb800 JavaThread "Handler for socket connection from /127.0.0.1:59465 to /127.0.0.1:59466" [_thread_in_native, id=11044, stack(0x0000000019940000,0x0000000019a40000)]
  0x0000000018795000 JavaThread "Daemon" [_thread_blocked, id=3712, stack(0x0000000019840000,0x0000000019940000)]
  0x000000001878c800 JavaThread "Daemon periodic checks" [_thread_blocked, id=7616, stack(0x0000000019740000,0x0000000019840000)]
  0x0000000018937800 JavaThread "Incoming local TCP Connector on port 59465" [_thread_in_native, id=9800, stack(0x00000000195e0000,0x00000000196e0000)]
  0x000000001655d800 JavaThread "Service Thread" daemon [_thread_blocked, id=10424, stack(0x00000000179f0000,0x0000000017af0000)]
=>0x0000000016520000 JavaThread "C1 CompilerThread1" daemon [_thread_in_native, id=3288, stack(0x00000000174f0000,0x00000000175f0000)]
  0x00000000164ca000 JavaThread "C2 CompilerThread0" daemon [_thread_in_native, id=8900, stack(0x00000000173f0000,0x00000000174f0000)]
  0x000000001651e800 JavaThread "Attach Listener" daemon [_thread_blocked, id=11656, stack(0x00000000172f0000,0x00000000173f0000)]
  0x000000001651d000 JavaThread "Signal Dispatcher" daemon [_thread_blocked, id=9492, stack(0x00000000171f0000,0x00000000172f0000)]
  0x0000000002d86000 JavaThread "Finalizer" daemon [_thread_blocked, id=13076, stack(0x00000000170f0000,0x00000000171f0000)]
  0x0000000002d7e000 JavaThread "Reference Handler" daemon [_thread_blocked, id=8668, stack(0x0000000016ff0000,0x00000000170f0000)]
  0x0000000002b8e000 JavaThread "main" [_thread_blocked, id=12432, stack(0x0000000002b90000,0x0000000002c90000)]

Other Threads:
  0x0000000016484800 VMThread [stack: 0x0000000016ef0000,0x0000000016ff0000] [id=10504]
  0x000000001655e800 WatcherThread [stack: 0x0000000017af0000,0x0000000017bf0000] [id=11832]

VM state:not at safepoint (normal execution)

VM Mutex/Monitor currently owned by a thread: None

Heap:
 PSYoungGen      total 219648K, used 26645K [0x00000000e0000000, 0x00000000f3880000, 0x0000000100000000)
  eden space 202752K, 13% used [0x00000000e0000000,0x00000000e1a05770,0x00000000ec600000)
  from space 16896K, 0% used [0x00000000ec600000,0x00000000ec600000,0x00000000ed680000)
  to   space 16384K, 0% used [0x00000000f2880000,0x00000000f2880000,0x00000000f3880000)
 ParOldGen       total 83456K, used 37658K [0x00000000a0000000, 0x00000000a5180000, 0x00000000e0000000)
  object space 83456K, 45% used [0x00000000a0000000,0x00000000a24c6a50,0x00000000a5180000)
 Metaspace       used 57172K, capacity 58958K, committed 59224K, reserved 1099776K
  class space    used 7795K, capacity 8222K, committed 8320K, reserved 1048576K

Card table byte_map: [0x0000000012150000,0x0000000012460000] byte_map_base: 0x0000000011c50000

Marking Bits: (ParMarkBitMap*) 0x000000005dc95aa0
 Begin Bits: [0x0000000012860000, 0x0000000014060000)
 End Bits:   [0x0000000014060000, 0x0000000015860000)

Polling page: 0x0000000002ad0000

CodeCache: size=245760Kb used=19453Kb max_used=19453Kb free=226306Kb
 bounds [0x0000000002d90000, 0x00000000040a0000, 0x0000000011d90000]
 total_blobs=6451 nmethods=5673 adapters=692
 compilation: enabled

Compilation events (10 events):
Event: 37.235 Thread 0x0000000016520000 nmethod 6050 0x0000000004098d90 code [0x0000000004098f60, 0x00000000040994c8]
Event: 37.237 Thread 0x0000000016520000 6051       2       sun.reflect.generics.tree.VoidDescriptor::make (4 bytes)
Event: 37.237 Thread 0x0000000016520000 nmethod 6051 0x0000000004099990 code [0x0000000004099ae0, 0x0000000004099c10]
Event: 37.238 Thread 0x0000000016520000 6052       2       java.util.regex.Matcher::appendTail (19 bytes)
Event: 37.238 Thread 0x0000000016520000 nmethod 6052 0x0000000004099c90 code [0x0000000004099e00, 0x000000000409a178]
Event: 37.450 Thread 0x0000000016520000 6053       2       groovy.lang.MetaClassImpl::getNormalMethodWithCaching (96 bytes)
Event: 37.452 Thread 0x0000000016520000 nmethod 6053 0x000000000409a2d0 code [0x000000000409a480, 0x000000000409a898]
Event: 37.452 Thread 0x0000000016520000 6054       2       org.codehaus.groovy.runtime.InvokerHelper::asArray (32 bytes)
Event: 37.452 Thread 0x0000000016520000 nmethod 6054 0x000000000409ab50 code [0x000000000409acc0, 0x000000000409af90]
Event: 37.454 Thread 0x0000000016520000 6055   !   2       org.codehaus.groovy.runtime.metaclass.ClosureMetaClass::invokeMethod (892 bytes)

GC Heap History (10 events):
Event: 23.108 GC heap before
{Heap before GC invocations=12 (full 2):
 PSYoungGen      total 157696K, used 6125K [0x00000000e0000000, 0x00000000ed600000, 0x0000000100000000)
  eden space 145408K, 0% used [0x00000000e0000000,0x00000000e0000000,0x00000000e8e00000)
  from space 12288K, 49% used [0x00000000e9980000,0x00000000e9f7b6b0,0x00000000ea580000)
  to   space 11776K, 0% used [0x00000000e8e00000,0x00000000e8e00000,0x00000000e9980000)
 ParOldGen       total 36352K, used 19226K [0x00000000a0000000, 0x00000000a2380000, 0x00000000e0000000)
  object space 36352K, 52% used [0x00000000a0000000,0x00000000a12c6b38,0x00000000a2380000)
 Metaspace       used 34598K, capacity 35374K, committed 35416K, reserved 1079296K
  class space    used 4749K, capacity 4961K, committed 4992K, reserved 1048576K
Event: 23.573 GC heap after
Heap after GC invocations=12 (full 2):
 PSYoungGen      total 157696K, used 0K [0x00000000e0000000, 0x00000000ed600000, 0x0000000100000000)
  eden space 145408K, 0% used [0x00000000e0000000,0x00000000e0000000,0x00000000e8e00000)
  from space 12288K, 0% used [0x00000000e9980000,0x00000000e9980000,0x00000000ea580000)
  to   space 11776K, 0% used [0x00000000e8e00000,0x00000000e8e00000,0x00000000e9980000)
 ParOldGen       total 50688K, used 16282K [0x00000000a0000000, 0x00000000a3180000, 0x00000000e0000000)
  object space 50688K, 32% used [0x00000000a0000000,0x00000000a0fe6a18,0x00000000a3180000)
 Metaspace       used 34575K, capacity 35286K, committed 35416K, reserved 1079296K
  class space    used 4742K, capacity 4953K, committed 4992K, reserved 1048576K
}
Event: 29.601 GC heap before
{Heap before GC invocations=13 (full 2):
 PSYoungGen      total 157696K, used 145408K [0x00000000e0000000, 0x00000000ed600000, 0x0000000100000000)
  eden space 145408K, 100% used [0x00000000e0000000,0x00000000e8e00000,0x00000000e8e00000)
  from space 12288K, 0% used [0x00000000e9980000,0x00000000e9980000,0x00000000ea580000)
  to   space 11776K, 0% used [0x00000000e8e00000,0x00000000e8e00000,0x00000000e9980000)
 ParOldGen       total 50688K, used 16282K [0x00000000a0000000, 0x00000000a3180000, 0x00000000e0000000)
  object space 50688K, 32% used [0x00000000a0000000,0x00000000a0fe6a18,0x00000000a3180000)
 Metaspace       used 46844K, capacity 47962K, committed 48216K, reserved 1091584K
  class space    used 6371K, capacity 6699K, committed 6784K, reserved 1048576K
Event: 29.682 GC heap after
Heap after GC invocations=13 (full 2):
 PSYoungGen      total 157184K, used 11763K [0x00000000e0000000, 0x00000000ee700000, 0x0000000100000000)
  eden space 145408K, 0% used [0x00000000e0000000,0x00000000e0000000,0x00000000e8e00000)
  from space 11776K, 99% used [0x00000000e8e00000,0x00000000e997ce10,0x00000000e9980000)
  to   space 14848K, 0% used [0x00000000ed880000,0x00000000ed880000,0x00000000ee700000)
 ParOldGen       total 50688K, used 21306K [0x00000000a0000000, 0x00000000a3180000, 0x00000000e0000000)
  object space 50688K, 42% used [0x00000000a0000000,0x00000000a14cebc8,0x00000000a3180000)
 Metaspace       used 46844K, capacity 47962K, committed 48216K, reserved 1091584K
  class space    used 6371K, capacity 6699K, committed 6784K, reserved 1048576K
}
Event: 35.551 GC heap before
{Heap before GC invocations=14 (full 2):
 PSYoungGen      total 157184K, used 157171K [0x00000000e0000000, 0x00000000ee700000, 0x0000000100000000)
  eden space 145408K, 100% used [0x00000000e0000000,0x00000000e8e00000,0x00000000e8e00000)
  from space 11776K, 99% used [0x00000000e8e00000,0x00000000e997ce10,0x00000000e9980000)
  to   space 14848K, 0% used [0x00000000ed880000,0x00000000ed880000,0x00000000ee700000)
 ParOldGen       total 50688K, used 21306K [0x00000000a0000000, 0x00000000a3180000, 0x00000000e0000000)
  object space 50688K, 42% used [0x00000000a0000000,0x00000000a14cebc8,0x00000000a3180000)
 Metaspace       used 56939K, capacity 58682K, committed 58968K, reserved 1099776K
  class space    used 7771K, capacity 8208K, committed 8320K, reserved 1048576K
Event: 35.636 GC heap after
Heap after GC invocations=14 (full 2):
 PSYoungGen      total 217600K, used 14150K [0x00000000e0000000, 0x00000000ee700000, 0x0000000100000000)
  eden space 202752K, 0% used [0x00000000e0000000,0x00000000e0000000,0x00000000ec600000)
  from space 14848K, 95% used [0x00000000ed880000,0x00000000ee651b58,0x00000000ee700000)
  to   space 16896K, 0% used [0x00000000ec600000,0x00000000ec600000,0x00000000ed680000)
 ParOldGen       total 50688K, used 30237K [0x00000000a0000000, 0x00000000a3180000, 0x00000000e0000000)
  object space 50688K, 59% used [0x00000000a0000000,0x00000000a1d87580,0x00000000a3180000)
 Metaspace       used 56939K, capacity 58682K, committed 58968K, reserved 1099776K
  class space    used 7771K, capacity 8208K, committed 8320K, reserved 1048576K
}
Event: 36.146 GC heap before
{Heap before GC invocations=15 (full 2):
 PSYoungGen      total 217600K, used 48398K [0x00000000e0000000, 0x00000000ee700000, 0x0000000100000000)
  eden space 202752K, 16% used [0x00000000e0000000,0x00000000e2171f70,0x00000000ec600000)
  from space 14848K, 95% used [0x00000000ed880000,0x00000000ee651b58,0x00000000ee700000)
  to   space 16896K, 0% used [0x00000000ec600000,0x00000000ec600000,0x00000000ed680000)
 ParOldGen       total 50688K, used 30237K [0x00000000a0000000, 0x00000000a3180000, 0x00000000e0000000)
  object space 50688K, 59% used [0x00000000a0000000,0x00000000a1d87580,0x00000000a3180000)
 Metaspace       used 57074K, capacity 58824K, committed 58968K, reserved 1099776K
  class space    used 7780K, capacity 8221K, committed 8320K, reserved 1048576K
Event: 36.195 GC heap after
Heap after GC invocations=15 (full 2):
 PSYoungGen      total 219648K, used 4192K [0x00000000e0000000, 0x00000000f3880000, 0x0000000100000000)
  eden space 202752K, 0% used [0x00000000e0000000,0x00000000e0000000,0x00000000ec600000)
  from space 16896K, 24% used [0x00000000ec600000,0x00000000eca18000,0x00000000ed680000)
  to   space 16384K, 0% used [0x00000000f2880000,0x00000000f2880000,0x00000000f3880000)
 ParOldGen       total 50688K, used 39396K [0x00000000a0000000, 0x00000000a3180000, 0x00000000e0000000)
  object space 50688K, 77% used [0x00000000a0000000,0x00000000a26792b0,0x00000000a3180000)
 Metaspace       used 57074K, capacity 58824K, committed 58968K, reserved 1099776K
  class space    used 7780K, capacity 8221K, committed 8320K, reserved 1048576K
}
Event: 36.195 GC heap before
{Heap before GC invocations=16 (full 3):
 PSYoungGen      total 219648K, used 4192K [0x00000000e0000000, 0x00000000f3880000, 0x0000000100000000)
  eden space 202752K, 0% used [0x00000000e0000000,0x00000000e0000000,0x00000000ec600000)
  from space 16896K, 24% used [0x00000000ec600000,0x00000000eca18000,0x00000000ed680000)
  to   space 16384K, 0% used [0x00000000f2880000,0x00000000f2880000,0x00000000f3880000)
 ParOldGen       total 50688K, used 39396K [0x00000000a0000000, 0x00000000a3180000, 0x00000000e0000000)
  object space 50688K, 77% used [0x00000000a0000000,0x00000000a26792b0,0x00000000a3180000)
 Metaspace       used 57074K, capacity 58824K, committed 58968K, reserved 1099776K
  class space    used 7780K, capacity 8221K, committed 8320K, reserved 1048576K
Event: 36.866 GC heap after
Heap after GC invocations=16 (full 3):
 PSYoungGen      total 219648K, used 0K [0x00000000e0000000, 0x00000000f3880000, 0x0000000100000000)
  eden space 202752K, 0% used [0x00000000e0000000,0x00000000e0000000,0x00000000ec600000)
  from space 16896K, 0% used [0x00000000ec600000,0x00000000ec600000,0x00000000ed680000)
  to   space 16384K, 0% used [0x00000000f2880000,0x00000000f2880000,0x00000000f3880000)
 ParOldGen       total 83456K, used 37658K [0x00000000a0000000, 0x00000000a5180000, 0x00000000e0000000)
  object space 83456K, 45% used [0x00000000a0000000,0x00000000a24c6a50,0x00000000a5180000)
 Metaspace       used 57074K, capacity 58824K, committed 58968K, reserved 1099776K
  class space    used 7780K, capacity 8221K, committed 8320K, reserved 1048576K
}

Deoptimization events (10 events):
Event: 33.734 Thread 0x00000000187ec000 Uncommon trap: reason=class_check action=maybe_recompile pc=0x0000000003aaddec method=org.gradle.model.internal.type.ModelType.wrap(Ljava/lang/reflect/Type;)Lorg/gradle/model/internal/type/TypeWrapper; @ 83
Event: 33.960 Thread 0x00000000187ec000 Uncommon trap: reason=unstable_if action=reinterpret pc=0x0000000002ef9c40 method=java.lang.reflect.AccessibleObject.setAccessible0(Ljava/lang/reflect/AccessibleObject;Z)V @ 23
Event: 34.613 Thread 0x00000000187ec000 Uncommon trap: reason=unstable_if action=reinterpret pc=0x00000000037f0060 method=java.lang.AbstractStringBuilder.append(I)Ljava/lang/AbstractStringBuilder; @ 16
Event: 34.613 Thread 0x00000000187ec000 Uncommon trap: reason=unstable_if action=reinterpret pc=0x00000000037f0f84 method=java.lang.Integer.getChars(II[C)V @ 7
Event: 34.684 Thread 0x00000000187ec000 Uncommon trap: reason=class_check action=maybe_recompile pc=0x0000000003361c40 method=java.lang.Throwable.<init>(Ljava/lang/String;Ljava/lang/Throwable;)V @ 24
Event: 34.685 Thread 0x00000000187ec000 Uncommon trap: reason=class_check action=maybe_recompile pc=0x0000000003361c40 method=java.lang.Throwable.<init>(Ljava/lang/String;Ljava/lang/Throwable;)V @ 24
Event: 34.687 Thread 0x00000000187ec000 Uncommon trap: reason=class_check action=maybe_recompile pc=0x0000000003361c40 method=java.lang.Throwable.<init>(Ljava/lang/String;Ljava/lang/Throwable;)V @ 24
Event: 34.692 Thread 0x00000000187ec000 Uncommon trap: reason=class_check action=maybe_recompile pc=0x0000000003361c40 method=java.lang.Throwable.<init>(Ljava/lang/String;Ljava/lang/Throwable;)V @ 24
Event: 34.943 Thread 0x00000000187ec000 Uncommon trap: reason=unstable_if action=reinterpret pc=0x0000000002fab044 method=com.esotericsoftware.kryo.io.Input.readUtf8(I)V @ 79
Event: 35.078 Thread 0x00000000187ec000 Uncommon trap: reason=unstable_if action=reinterpret pc=0x0000000003608378 method=groovy.lang.MetaClassImpl.checkIfStdMethod(Lgroovy/lang/MetaMethod;)V @ 55

Classes redefined (0 events):
No events

Internal exceptions (10 events):
Event: 37.233 Thread 0x00000000187ec000 Exception <a 'java/lang/ClassNotFoundException': org/gradle/api/tasks/testing/AbstractTestTaskCustomizer> (0x00000000e1567600) thrown at [D:\src\AOSP-openjdk-cygwin\jdk8u\hotspot\src\share\vm\classfile\systemDictionary.cpp, line 210]
Event: 37.236 Thread 0x00000000187ec000 Exception <a 'java/lang/ClassNotFoundException': org/gradle/api/tasks/testing/TestCustomizer> (0x00000000e15afc28) thrown at [D:\src\AOSP-openjdk-cygwin\jdk8u\hotspot\src\share\vm\classfile\systemDictionary.cpp, line 210]
Event: 37.244 Thread 0x00000000187ec000 Exception <a 'java/lang/ClassNotFoundException': com/android/build/gradle/tasks/factory/AndroidUnitTestCustomizer> (0x00000000e16704b0) thrown at [D:\src\AOSP-openjdk-cygwin\jdk8u\hotspot\src\share\vm\classfile\systemDictionary.cpp, line 210]
Event: 37.246 Thread 0x00000000187ec000 Exception <a 'java/lang/ClassNotFoundException': com/android/build/gradle/tasks/factory/AndroidUnitTest_DecoratedCustomizer> (0x00000000e16aecc0) thrown at [D:\src\AOSP-openjdk-cygwin\jdk8u\hotspot\src\share\vm\classfile\systemDictionary.cpp, line 210]
Event: 37.259 Thread 0x00000000187ec000 Exception <a 'java/lang/ClassNotFoundException': com/android/build/gradle/internal/pipeline/TransformTask_DecoratedBeanInfo> (0x00000000e17e9220) thrown at [D:\src\AOSP-openjdk-cygwin\jdk8u\hotspot\src\share\vm\classfile\systemDictionary.cpp, line 210]
Event: 37.260 Thread 0x00000000187ec000 Exception <a 'java/lang/ClassNotFoundException': com/android/build/gradle/internal/pipeline/TransformTaskBeanInfo> (0x00000000e1801070) thrown at [D:\src\AOSP-openjdk-cygwin\jdk8u\hotspot\src\share\vm\classfile\systemDictionary.cpp, line 210]
Event: 37.260 Thread 0x00000000187ec000 Exception <a 'java/lang/ClassNotFoundException': com/android/build/gradle/internal/pipeline/StreamBasedTaskBeanInfo> (0x00000000e1818f60) thrown at [D:\src\AOSP-openjdk-cygwin\jdk8u\hotspot\src\share\vm\classfile\systemDictionary.cpp, line 210]
Event: 37.261 Thread 0x00000000187ec000 Exception <a 'java/lang/ClassNotFoundException': com/android/build/gradle/internal/pipeline/StreamBasedTaskCustomizer> (0x00000000e1831b98) thrown at [D:\src\AOSP-openjdk-cygwin\jdk8u\hotspot\src\share\vm\classfile\systemDictionary.cpp, line 210]
Event: 37.262 Thread 0x00000000187ec000 Exception <a 'java/lang/ClassNotFoundException': com/android/build/gradle/internal/pipeline/TransformTaskCustomizer> (0x00000000e185a4a0) thrown at [D:\src\AOSP-openjdk-cygwin\jdk8u\hotspot\src\share\vm\classfile\systemDictionary.cpp, line 210]
Event: 37.449 Thread 0x00000000187ec000 Exception <a 'java/lang/ClassNotFoundException': com/android/build/gradle/internal/pipeline/TransformTask_DecoratedCustomizer> (0x00000000e1893cf8) thrown at [D:\src\AOSP-openjdk-cygwin\jdk8u\hotspot\src\share\vm\classfile\systemDictionary.cpp, line 210]

Events (10 events):
Event: 37.262 loading class com/android/build/gradle/internal/pipeline/TransformTaskCustomizer
Event: 37.262 loading class com/android/build/gradle/internal/pipeline/TransformTaskCustomizer done
Event: 37.262 loading class com/android/build/gradle/internal/pipeline/TransformTaskCustomizer
Event: 37.262 loading class com/android/build/gradle/internal/pipeline/TransformTaskCustomizer done
Event: 37.263 loading class com/android/build/gradle/internal/pipeline/TransformTask_DecoratedCustomizer
Event: 37.263 loading class com/android/build/gradle/internal/pipeline/TransformTask_DecoratedCustomizer done
Event: 37.448 loading class com/android/build/gradle/internal/pipeline/TransformTask_DecoratedCustomizer
Event: 37.448 loading class com/android/build/gradle/internal/pipeline/TransformTask_DecoratedCustomizer done
Event: 37.449 loading class com/android/build/gradle/internal/pipeline/TransformTask_DecoratedCustomizer
Event: 37.449 loading class com/android/build/gradle/internal/pipeline/TransformTask_DecoratedCustomizer done


Dynamic libraries:
0x00007ff7cb9a0000 - 0x00007ff7cb9d1000 	D:\android\studio\jre\bin\java.exe
0x00007ff977060000 - 0x00007ff97720d000 	C:\Windows\SYSTEM32\ntdll.dll
0x00007ff974af0000 - 0x00007ff974c2f000 	C:\Windows\system32\KERNEL32.DLL
0x00007ff974540000 - 0x00007ff974656000 	C:\Windows\system32\KERNELBASE.dll
0x00007ff976f20000 - 0x00007ff976fca000 	C:\Windows\system32\ADVAPI32.dll
0x00007ff976350000 - 0x00007ff9764c7000 	C:\Windows\system32\USER32.dll
0x00007ff972280000 - 0x00007ff9724fb000 	C:\Windows\WinSxS\amd64_microsoft.windows.common-controls_6595b64144ccf1df_6.0.9600.19291_none_6248a9f3ecb5e89b\COMCTL32.dll
0x00007ff976990000 - 0x00007ff976a3a000 	C:\Windows\system32\msvcrt.dll
0x00007ff976590000 - 0x00007ff9765e9000 	C:\Windows\SYSTEM32\sechost.dll
0x00007ff9765f0000 - 0x00007ff976730000 	C:\Windows\system32\RPCRT4.dll
0x00007ff976a40000 - 0x00007ff976b8c000 	C:\Windows\system32\GDI32.dll
0x00007ff9746c0000 - 0x00007ff9746ee000 	C:\Windows\system32\SspiCli.dll
0x00007ff9768f0000 - 0x00007ff976926000 	C:\Windows\system32\IMM32.DLL
0x00007ff976dc0000 - 0x00007ff976f11000 	C:\Windows\system32\MSCTF.dll
0x000000005d0c0000 - 0x000000005d192000 	D:\android\studio\jre\jre\bin\msvcr100.dll
0x000000005d4d0000 - 0x000000005dd11000 	D:\android\studio\jre\jre\bin\server\jvm.dll
0x00007ff96e490000 - 0x00007ff96e499000 	C:\Windows\SYSTEM32\WSOCK32.dll
0x00007ff971a60000 - 0x00007ff971a82000 	C:\Windows\SYSTEM32\WINMM.dll
0x00007ff9721c0000 - 0x00007ff9721ca000 	C:\Windows\SYSTEM32\VERSION.dll
0x00007ff976fd0000 - 0x00007ff976fd7000 	C:\Windows\system32\PSAPI.DLL
0x00007ff976930000 - 0x00007ff97698a000 	C:\Windows\system32\WS2_32.dll
0x00007ff971a20000 - 0x00007ff971a4a000 	C:\Windows\SYSTEM32\WINMMBASE.dll
0x00007ff977050000 - 0x00007ff977059000 	C:\Windows\system32\NSI.dll
0x00007ff974260000 - 0x00007ff9742af000 	C:\Windows\SYSTEM32\cfgmgr32.dll
0x00007ff972fa0000 - 0x00007ff972fc8000 	C:\Windows\SYSTEM32\DEVOBJ.dll
0x00007ff96e320000 - 0x00007ff96e32f000 	D:\android\studio\jre\jre\bin\verify.dll
0x00007ff96bf40000 - 0x00007ff96bf69000 	D:\android\studio\jre\jre\bin\java.dll
0x00007ff96e300000 - 0x00007ff96e316000 	D:\android\studio\jre\jre\bin\zip.dll
0x00007ff974e20000 - 0x00007ff97634b000 	C:\Windows\system32\SHELL32.dll
0x00007ff976ba0000 - 0x00007ff976db0000 	C:\Windows\SYSTEM32\combase.dll
0x00007ff974890000 - 0x00007ff9748e4000 	C:\Windows\system32\SHLWAPI.dll
0x00007ff9729b0000 - 0x00007ff972a62000 	C:\Windows\SYSTEM32\SHCORE.dll
0x00007ff974190000 - 0x00007ff9741a5000 	C:\Windows\SYSTEM32\profapi.dll
0x00007ff9667a0000 - 0x00007ff9667ba000 	D:\android\studio\jre\jre\bin\net.dll
0x00007ff9739c0000 - 0x00007ff973a19000 	C:\Windows\system32\mswsock.dll
0x00007ff966780000 - 0x00007ff966791000 	D:\android\studio\jre\jre\bin\nio.dll
0x00007ff9614b0000 - 0x00007ff9614ce000 	C:\Users\samsung\.gradle\native\25\windows-amd64\native-platform.dll
0x00007ff96b950000 - 0x00007ff96b95d000 	D:\android\studio\jre\jre\bin\management.dll
0x00007ff973a20000 - 0x00007ff973a40000 	C:\Windows\SYSTEM32\CRYPTSP.dll
0x00007ff973640000 - 0x00007ff973676000 	C:\Windows\system32\rsaenh.dll
0x00007ff973cd0000 - 0x00007ff973cf6000 	C:\Windows\SYSTEM32\bcrypt.dll
0x00007ff973750000 - 0x00007ff973771000 	C:\Windows\SYSTEM32\USERENV.dll
0x00007ff973ff0000 - 0x00007ff974053000 	C:\Windows\system32\bcryptprimitives.dll
0x00007ff974060000 - 0x00007ff97406b000 	C:\Windows\SYSTEM32\CRYPTBASE.dll
0x00007ff96e120000 - 0x00007ff96e14a000 	C:\Windows\SYSTEM32\IPHLPAPI.DLL
0x00007ff96e0b0000 - 0x00007ff96e0ba000 	C:\Windows\SYSTEM32\WINNSI.DLL
0x00007ff96d310000 - 0x00007ff96d326000 	C:\Windows\SYSTEM32\dhcpcsvc6.DLL
0x00007ff96d6a0000 - 0x00007ff96d6ba000 	C:\Windows\SYSTEM32\dhcpcsvc.DLL

VM Arguments:
jvm_args: -Xmx1536m -Dfile.encoding=GBK -Duser.country=CN -Duser.language=zh -Duser.variant 
java_command: org.gradle.launcher.daemon.bootstrap.GradleDaemon 4.4
java_class_path (initial): C:\Users\samsung\.gradle\wrapper\dists\gradle-4.4-all\9br9xq1tocpiv8o6njlyu5op1\gradle-4.4\lib\gradle-launcher-4.4.jar
Launcher Type: SUN_STANDARD

Environment Variables:
JAVA_HOME=D:\Program Files\Java\jdk-11.0.2
CLASSPATH=.D:\Program Files\Java\jdk-11.0.2bin;D:\Program Files\Java\jdk-11.0.2\jre\bin;
PATH=C:\Program Files\Microsoft MPI\Bin\;C:\PROGRA~2\Bin;C:\PROGRA~2\Projects\Bpl;C:\PROGRA~2\Borland\CBUILD~1\Bin;C:\PROGRA~2\Borland\CBUILD~1\Projects\Bpl;C:\Program Files\Java\jre1.8.0_171\binC:\Program Files (x86)\Common Files\Oracle\Java\javapath;C:\Program Files (x86)\Intel\iCLS Client\;C:\Program Files\Intel\iCLS Client\;C:\Program Files (x86)\NVIDIA Corporation\PhysX\Common;C:\Windows\system32;C:\Windows;C:\Windows\System32\Wbem;C:\Windows\System32\WindowsPowerShell\v1.0\;C:\Program Files\Intel\Intel(R) Management Engine Components\DAL;C:\Program Files\Intel\Intel(R) Management Engine Components\IPT;C:\Program Files (x86)\Intel\Intel(R) Management Engine Components\DAL;C:\Program Files (x86)\Intel\Intel(R) Management Engine Components\IPT;C:\Program Files\dotnet\;C:\Program Files\Java\jdk1.8.0_171\bin;C:\Program Files (x86)\MySQL\MySQL Utilities 1.6\;C:\Program Files (x86)\Microsoft SQL Server\140\Tools\Binn\;C:\Program Files\Microsoft SQL Server\140\Tools\Binn\;C:\Program Files\Microsoft SQL Server\140\DTS\Binn\;C:\Program Files\Microsoft SQL Server\Client SDK\ODBC\130\Tools\Binn\;D:\Program Files (x86)\Dev-Cpp\MinGW64\bin;E:\Python27;E:\python-3.5.1-embed-adm64;D:\Program Files\Java\jdk-11.0.2\bin;E:\OpenCV4.0\opencv\build\x64\vc15\bin;D:\Program Files (x86)\;D:\android\sdk;D:\android\sdk\platform-tools;E:\Scripts\;E:\;D:\Tools\WinNT;D:\MSDev98\Bin;D:\Tools;c:\bin;C:\modeltech64_10.4\win64;D:\Program Files (x86)\modelsim\win64;D:\Program Files (x86)\win64;E:\OpenCV4.0\opencv\build\x64\vc15\bin;C:\Users\samsung\AppData\Roaming\npm
USERNAME=samsung
OS=Windows_NT
PROCESSOR_IDENTIFIER=Intel64 Family 6 Model 69 Stepping 1, GenuineIntel



---------------  S Y S T E M  ---------------

OS: Windows 8.1 , 64 bit Build 9600 (6.3.9600.19326)

CPU:total 2 (initial active 2) (2 cores per cpu, 1 threads per core) family 6 model 69 stepping 1, cmov, cx8, fxsr, mmx, sse, sse2, sse3, ssse3, sse4.1, sse4.2, popcnt, clmul, erms, lzcnt, tsc, tscinvbit

Memory: 4k page, physical 4106872k(60304k free), swap 7252604k(5052k free)

vm_info: OpenJDK 64-Bit Server VM (25.152-b01) for windows-amd64 JRE (1.8.0_152-release-1343-b01), built by "builder" with MS VC++ 10.0 (VS2010)

time: Fri Jul 12 10:32:05 2019
elapsed time: 37 seconds (0d 0h 0m 37s)

