#
# There is insufficient memory for the Java Runtime Environment to continue.
# Native memory allocation (malloc) failed to allocate 801296 bytes for Chunk::new
# Possible reasons:
#   The system is out of physical RAM or swap space
#   In 32 bit mode, the process size limit was hit
# Possible solutions:
#   Reduce memory load on the system
#   Increase physical memory or swap space
#   Check if swap backing store is full
#   Use 64 bit Java on a 64 bit OS
#   Decrease Java heap size (-Xmx/-Xms)
#   Decrease number of Java threads
#   Decrease Java thread stack sizes (-Xss)
#   Set larger code cache with -XX:ReservedCodeCacheSize=
# This output file may be truncated or incomplete.
#
#  Out of Memory Error (allocation.cpp:390), pid=1000, tid=0x00000000000030c4
#
# JRE version: OpenJDK Runtime Environment (8.0_152-b01) (build 1.8.0_152-release-1343-b01)
# Java VM: OpenJDK 64-Bit Server VM (25.152-b01 mixed mode windows-amd64 compressed oops)
# Failed to write core dump. Minidumps are not enabled by default on client versions of Windows
#

---------------  T H R E A D  ---------------

Current thread (0x000000001606b000):  JavaThread "C2 CompilerThread0" daemon [_thread_in_native, id=12484, stack(0x0000000016fb0000,0x00000000170b0000)]

Stack: [0x0000000016fb0000,0x00000000170b0000]
[error occurred during error reporting (printing stack bounds), id 0xc0000005]

Native frames: (J=compiled Java code, j=interpreted, Vv=VM code, C=native code)


Current CompileTask:
C2:  22268 3671       4       org.gradle.model.internal.type.ModelType::wrap (219 bytes)


---------------  P R O C E S S  ---------------

Java Threads: ( => current thread )
  0x000000001a3d7800 JavaThread "Memory manager" [_thread_blocked, id=3364, stack(0x000000001e010000,0x000000001e110000)]
  0x000000001a3d6000 JavaThread "build operations Thread 2" [_thread_blocked, id=1220, stack(0x000000001e470000,0x000000001e570000)]
  0x000000001a3d6800 JavaThread "build operations" [_thread_blocked, id=13192, stack(0x000000001e370000,0x000000001e470000)]
  0x000000001a3d2000 JavaThread "Cache worker for Artifact transforms cache (C:\Users\samsung\.gradle\caches\transforms-1)" [_thread_blocked, id=4056, stack(0x000000001c940000,0x000000001ca40000)]
  0x0000000018778800 JavaThread "Cache worker for file hash cache (D:\OrderListLogic\.gradle\4.4\fileHashes)" [_thread_blocked, id=11040, stack(0x000000001afb0000,0x000000001b0b0000)]
  0x0000000017f36000 JavaThread "File lock request listener" [_thread_in_native, id=7392, stack(0x0000000019ee0000,0x0000000019fe0000)]
  0x0000000018879800 JavaThread "Cache worker for file hash cache (C:\Users\samsung\.gradle\caches\4.4\fileHashes)" [_thread_blocked, id=10692, stack(0x0000000019de0000,0x0000000019ee0000)]
  0x0000000017b09000 JavaThread "Stdin handler" [_thread_blocked, id=12028, stack(0x0000000019ae0000,0x0000000019be0000)]
  0x0000000017b06800 JavaThread "Asynchronous log dispatcher for DefaultDaemonConnection: socket connection from /127.0.0.1:60221 to /127.0.0.1:60222" [_thread_blocked, id=12168, stack(0x00000000199e0000,0x0000000019ae0000)]
  0x0000000017b01800 JavaThread "Daemon worker" [_thread_in_Java, id=11436, stack(0x00000000198e0000,0x00000000199e0000)]
  0x0000000017afe800 JavaThread "Cancel handler" [_thread_blocked, id=2628, stack(0x00000000197e0000,0x00000000198e0000)]
  0x00000000185be000 JavaThread "Handler for socket connection from /127.0.0.1:60221 to /127.0.0.1:60222" [_thread_in_native, id=1568, stack(0x00000000194e0000,0x00000000195e0000)]
  0x0000000018556000 JavaThread "Daemon" [_thread_blocked, id=5412, stack(0x00000000193e0000,0x00000000194e0000)]
  0x0000000017ded000 JavaThread "Daemon periodic checks" [_thread_blocked, id=9308, stack(0x00000000192e0000,0x00000000193e0000)]
  0x0000000017de1000 JavaThread "Incoming local TCP Connector on port 60221" [_thread_in_native, id=2064, stack(0x0000000019180000,0x0000000019280000)]
  0x00000000170c3000 JavaThread "Service Thread" daemon [_thread_blocked, id=10212, stack(0x00000000175b0000,0x00000000176b0000)]
  0x00000000160fb800 JavaThread "C1 CompilerThread1" daemon [_thread_blocked, id=9360, stack(0x00000000174b0000,0x00000000175b0000)]
=>0x000000001606b000 JavaThread "C2 CompilerThread0" daemon [_thread_in_native, id=12484, stack(0x0000000016fb0000,0x00000000170b0000)]
  0x0000000016068800 JavaThread "Attach Listener" daemon [_thread_blocked, id=10392, stack(0x0000000016eb0000,0x0000000016fb0000)]
  0x00000000160be000 JavaThread "Signal Dispatcher" daemon [_thread_blocked, id=9740, stack(0x0000000016db0000,0x0000000016eb0000)]
  0x0000000002926000 JavaThread "Finalizer" daemon [_thread_blocked, id=6880, stack(0x0000000016cb0000,0x0000000016db0000)]
  0x000000000291e000 JavaThread "Reference Handler" daemon [_thread_blocked, id=2148, stack(0x0000000016bb0000,0x0000000016cb0000)]
  0x000000000250e000 JavaThread "main" [_thread_blocked, id=13112, stack(0x00000000023b0000,0x00000000024b0000)]

Other Threads:
  0x0000000016024800 VMThread [stack: 0x0000000016ab0000,0x0000000016bb0000] [id=13024]
  0x00000000170c6000 WatcherThread [stack: 0x00000000176b0000,0x00000000177b0000] [id=13072]

VM state:not at safepoint (normal execution)

VM Mutex/Monitor currently owned by a thread: None

Heap:
 PSYoungGen      total 94720K, used 42175K [0x00000000e0000000, 0x00000000e6980000, 0x0000000100000000)
  eden space 85504K, 49% used [0x00000000e0000000,0x00000000e292fcb0,0x00000000e5380000)
  from space 9216K, 0% used [0x00000000e5380000,0x00000000e5380000,0x00000000e5c80000)
  to   space 7680K, 0% used [0x00000000e5c80000,0x00000000e5c80000,0x00000000e6400000)
 ParOldGen       total 58880K, used 17710K [0x00000000a0000000, 0x00000000a3980000, 0x00000000e0000000)
  object space 58880K, 30% used [0x00000000a0000000,0x00000000a114b908,0x00000000a3980000)
 Metaspace       used 37683K, capacity 38530K, committed 38784K, reserved 1083392K
  class space    used 5175K, capacity 5402K, committed 5504K, reserved 1048576K

Card table byte_map: [0x0000000011cf0000,0x0000000012000000] byte_map_base: 0x00000000117f0000

Marking Bits: (ParMarkBitMap*) 0x000000005dc95aa0
 Begin Bits: [0x0000000012400000, 0x0000000013c00000)
 End Bits:   [0x0000000013c00000, 0x0000000015400000)

Polling page: 0x0000000000a60000

CodeCache: size=245760Kb used=11715Kb max_used=11715Kb free=234044Kb
 bounds [0x0000000002930000, 0x00000000034b0000, 0x0000000011930000]
 total_blobs=4099 nmethods=3396 adapters=617
 compilation: enabled

Compilation events (10 events):
Event: 22.258 Thread 0x00000000160fb800 nmethod 3702 0x00000000034a0e50 code [0x00000000034a0fc0, 0x00000000034a11e8]
Event: 22.258 Thread 0x00000000160fb800 3703       3       java.util.EnumMap::<init> (136 bytes)
Event: 22.260 Thread 0x00000000160fb800 nmethod 3703 0x00000000034a12d0 code [0x00000000034a1540, 0x00000000034a2748]
Event: 22.260 Thread 0x00000000160fb800 3704       3       com.google.common.collect.ImmutableEnumMap::asImmutable (72 bytes)
Event: 22.262 Thread 0x00000000160fb800 nmethod 3704 0x00000000034a2d90 code [0x00000000034a3020, 0x00000000034a4118]
Event: 22.262 Thread 0x00000000160fb800 3705       3       org.gradle.model.internal.manage.schema.extract.ModelPropertyExtractionResult::<init> (18 bytes)
Event: 22.263 Thread 0x00000000160fb800 nmethod 3705 0x00000000034a4a10 code [0x00000000034a4bc0, 0x00000000034a51e8]
Event: 22.263 Thread 0x00000000160fb800 3706       3       java.util.EnumMap$Values::size (8 bytes)
Event: 22.263 Thread 0x00000000160fb800 nmethod 3706 0x00000000034a5410 code [0x00000000034a5560, 0x00000000034a56d0]
Event: 22.264 Thread 0x00000000160fb800 3707       3       org.gradle.model.internal.type.ClassTypeWrapper::tryToGetRepresentation (102 bytes)

GC Heap History (10 events):
Event: 11.850 GC heap before
{Heap before GC invocations=9 (full 1):
 PSYoungGen      total 72704K, used 4973K [0x00000000e0000000, 0x00000000e4e00000, 0x0000000100000000)
  eden space 65536K, 0% used [0x00000000e0000000,0x00000000e0000000,0x00000000e4000000)
  from space 7168K, 69% used [0x00000000e4700000,0x00000000e4bdb7b0,0x00000000e4e00000)
  to   space 7168K, 0% used [0x00000000e4000000,0x00000000e4000000,0x00000000e4700000)
 ParOldGen       total 44032K, used 8184K [0x00000000a0000000, 0x00000000a2b00000, 0x00000000e0000000)
  object space 44032K, 18% used [0x00000000a0000000,0x00000000a07fe0d8,0x00000000a2b00000)
 Metaspace       used 20785K, capacity 21206K, committed 21248K, reserved 1067008K
  class space    used 2891K, capacity 3042K, committed 3072K, reserved 1048576K
Event: 12.030 GC heap after
Heap after GC invocations=9 (full 1):
 PSYoungGen      total 72704K, used 0K [0x00000000e0000000, 0x00000000e4e00000, 0x0000000100000000)
  eden space 65536K, 0% used [0x00000000e0000000,0x00000000e0000000,0x00000000e4000000)
  from space 7168K, 0% used [0x00000000e4700000,0x00000000e4700000,0x00000000e4e00000)
  to   space 7168K, 0% used [0x00000000e4000000,0x00000000e4000000,0x00000000e4700000)
 ParOldGen       total 35840K, used 9450K [0x00000000a0000000, 0x00000000a2300000, 0x00000000e0000000)
  object space 35840K, 26% used [0x00000000a0000000,0x00000000a093aa30,0x00000000a2300000)
 Metaspace       used 20785K, capacity 21206K, committed 21248K, reserved 1067008K
  class space    used 2891K, capacity 3042K, committed 3072K, reserved 1048576K
}
Event: 14.463 GC heap before
{Heap before GC invocations=10 (full 1):
 PSYoungGen      total 72704K, used 65536K [0x00000000e0000000, 0x00000000e4e00000, 0x0000000100000000)
  eden space 65536K, 100% used [0x00000000e0000000,0x00000000e4000000,0x00000000e4000000)
  from space 7168K, 0% used [0x00000000e4700000,0x00000000e4700000,0x00000000e4e00000)
  to   space 7168K, 0% used [0x00000000e4000000,0x00000000e4000000,0x00000000e4700000)
 ParOldGen       total 35840K, used 9450K [0x00000000a0000000, 0x00000000a2300000, 0x00000000e0000000)
  object space 35840K, 26% used [0x00000000a0000000,0x00000000a093aa30,0x00000000a2300000)
 Metaspace       used 25962K, capacity 26502K, committed 26624K, reserved 1073152K
  class space    used 3626K, capacity 3776K, committed 3840K, reserved 1048576K
Event: 14.498 GC heap after
Heap after GC invocations=10 (full 1):
 PSYoungGen      total 72704K, used 6585K [0x00000000e0000000, 0x00000000e6400000, 0x0000000100000000)
  eden space 65536K, 0% used [0x00000000e0000000,0x00000000e0000000,0x00000000e4000000)
  from space 7168K, 91% used [0x00000000e4000000,0x00000000e466e720,0x00000000e4700000)
  to   space 7680K, 0% used [0x00000000e5c80000,0x00000000e5c80000,0x00000000e6400000)
 ParOldGen       total 35840K, used 9458K [0x00000000a0000000, 0x00000000a2300000, 0x00000000e0000000)
  object space 35840K, 26% used [0x00000000a0000000,0x00000000a093ca30,0x00000000a2300000)
 Metaspace       used 25962K, capacity 26502K, committed 26624K, reserved 1073152K
  class space    used 3626K, capacity 3776K, committed 3840K, reserved 1048576K
}
Event: 17.705 GC heap before
{Heap before GC invocations=11 (full 1):
 PSYoungGen      total 72704K, used 72121K [0x00000000e0000000, 0x00000000e6400000, 0x0000000100000000)
  eden space 65536K, 100% used [0x00000000e0000000,0x00000000e4000000,0x00000000e4000000)
  from space 7168K, 91% used [0x00000000e4000000,0x00000000e466e720,0x00000000e4700000)
  to   space 7680K, 0% used [0x00000000e5c80000,0x00000000e5c80000,0x00000000e6400000)
 ParOldGen       total 35840K, used 9458K [0x00000000a0000000, 0x00000000a2300000, 0x00000000e0000000)
  object space 35840K, 26% used [0x00000000a0000000,0x00000000a093ca30,0x00000000a2300000)
 Metaspace       used 30326K, capacity 30966K, committed 31104K, reserved 1075200K
  class space    used 4261K, capacity 4452K, committed 4480K, reserved 1048576K
Event: 17.844 GC heap after
Heap after GC invocations=11 (full 1):
 PSYoungGen      total 93184K, used 7667K [0x00000000e0000000, 0x00000000e6980000, 0x0000000100000000)
  eden space 85504K, 0% used [0x00000000e0000000,0x00000000e0000000,0x00000000e5380000)
  from space 7680K, 99% used [0x00000000e5c80000,0x00000000e63fcd48,0x00000000e6400000)
  to   space 9216K, 0% used [0x00000000e5380000,0x00000000e5380000,0x00000000e5c80000)
 ParOldGen       total 35840K, used 11921K [0x00000000a0000000, 0x00000000a2300000, 0x00000000e0000000)
  object space 35840K, 33% used [0x00000000a0000000,0x00000000a0ba4430,0x00000000a2300000)
 Metaspace       used 30326K, capacity 30966K, committed 31104K, reserved 1075200K
  class space    used 4261K, capacity 4452K, committed 4480K, reserved 1048576K
}
Event: 20.527 GC heap before
{Heap before GC invocations=12 (full 1):
 PSYoungGen      total 93184K, used 42872K [0x00000000e0000000, 0x00000000e6980000, 0x0000000100000000)
  eden space 85504K, 41% used [0x00000000e0000000,0x00000000e22613e8,0x00000000e5380000)
  from space 7680K, 99% used [0x00000000e5c80000,0x00000000e63fcd48,0x00000000e6400000)
  to   space 9216K, 0% used [0x00000000e5380000,0x00000000e5380000,0x00000000e5c80000)
 ParOldGen       total 35840K, used 11921K [0x00000000a0000000, 0x00000000a2300000, 0x00000000e0000000)
  object space 35840K, 33% used [0x00000000a0000000,0x00000000a0ba4430,0x00000000a2300000)
 Metaspace       used 34610K, capacity 35370K, committed 35416K, reserved 1079296K
  class space    used 4835K, capacity 5094K, committed 5120K, reserved 1048576K
Event: 20.609 GC heap after
Heap after GC invocations=12 (full 1):
 PSYoungGen      total 94720K, used 4460K [0x00000000e0000000, 0x00000000e6980000, 0x0000000100000000)
  eden space 85504K, 0% used [0x00000000e0000000,0x00000000e0000000,0x00000000e5380000)
  from space 9216K, 48% used [0x00000000e5380000,0x00000000e57db1a8,0x00000000e5c80000)
  to   space 7680K, 0% used [0x00000000e5c80000,0x00000000e5c80000,0x00000000e6400000)
 ParOldGen       total 35840K, used 18529K [0x00000000a0000000, 0x00000000a2300000, 0x00000000e0000000)
  object space 35840K, 51% used [0x00000000a0000000,0x00000000a12186b0,0x00000000a2300000)
 Metaspace       used 34610K, capacity 35370K, committed 35416K, reserved 1079296K
  class space    used 4835K, capacity 5094K, committed 5120K, reserved 1048576K
}
Event: 20.609 GC heap before
{Heap before GC invocations=13 (full 2):
 PSYoungGen      total 94720K, used 4460K [0x00000000e0000000, 0x00000000e6980000, 0x0000000100000000)
  eden space 85504K, 0% used [0x00000000e0000000,0x00000000e0000000,0x00000000e5380000)
  from space 9216K, 48% used [0x00000000e5380000,0x00000000e57db1a8,0x00000000e5c80000)
  to   space 7680K, 0% used [0x00000000e5c80000,0x00000000e5c80000,0x00000000e6400000)
 ParOldGen       total 35840K, used 18529K [0x00000000a0000000, 0x00000000a2300000, 0x00000000e0000000)
  object space 35840K, 51% used [0x00000000a0000000,0x00000000a12186b0,0x00000000a2300000)
 Metaspace       used 34610K, capacity 35370K, committed 35416K, reserved 1079296K
  class space    used 4835K, capacity 5094K, committed 5120K, reserved 1048576K
Event: 20.901 GC heap after
Heap after GC invocations=13 (full 2):
 PSYoungGen      total 94720K, used 0K [0x00000000e0000000, 0x00000000e6980000, 0x0000000100000000)
  eden space 85504K, 0% used [0x00000000e0000000,0x00000000e0000000,0x00000000e5380000)
  from space 9216K, 0% used [0x00000000e5380000,0x00000000e5380000,0x00000000e5c80000)
  to   space 7680K, 0% used [0x00000000e5c80000,0x00000000e5c80000,0x00000000e6400000)
 ParOldGen       total 58880K, used 17710K [0x00000000a0000000, 0x00000000a3980000, 0x00000000e0000000)
  object space 58880K, 30% used [0x00000000a0000000,0x00000000a114b908,0x00000000a3980000)
 Metaspace       used 34610K, capacity 35370K, committed 35416K, reserved 1079296K
  class space    used 4835K, capacity 5094K, committed 5120K, reserved 1048576K
}

Deoptimization events (10 events):
Event: 17.096 Thread 0x0000000017b01800 Uncommon trap: reason=unstable_if action=reinterpret pc=0x0000000002a87448 method=java.net.URI.match(CJJ)Z @ 19
Event: 19.199 Thread 0x0000000017b01800 Uncommon trap: reason=unstable_if action=reinterpret pc=0x0000000002c2518c method=java.util.jar.JarFile.match([C[B[I[I)Z @ 29
Event: 19.601 Thread 0x0000000017b01800 Uncommon trap: reason=class_check action=maybe_recompile pc=0x0000000003347480 method=java.io.BufferedInputStream.read1([BII)I @ 39
Event: 19.602 Thread 0x0000000017b01800 Uncommon trap: reason=class_check action=maybe_recompile pc=0x0000000003347480 method=java.io.BufferedInputStream.read1([BII)I @ 39
Event: 19.602 Thread 0x0000000017b01800 Uncommon trap: reason=class_check action=maybe_recompile pc=0x0000000003347480 method=java.io.BufferedInputStream.read1([BII)I @ 39
Event: 21.473 Thread 0x0000000017b01800 Uncommon trap: reason=unstable_if action=reinterpret pc=0x0000000002ee54c8 method=java.util.concurrent.ConcurrentHashMap.get(Ljava/lang/Object;)Ljava/lang/Object; @ 152
Event: 21.836 Thread 0x0000000017b01800 Uncommon trap: reason=unstable_if action=reinterpret pc=0x000000000331f628 method=java.util.HashMap.putVal(ILjava/lang/Object;Ljava/lang/Object;ZZ)Ljava/lang/Object; @ 162
Event: 21.837 Thread 0x0000000017b01800 Uncommon trap: reason=unstable_if action=reinterpret pc=0x0000000002cdaa04 method=java.util.HashMap.resize()[Ljava/util/HashMap$Node; @ 206
Event: 22.174 Thread 0x0000000017b01800 Uncommon trap: reason=unstable_if action=reinterpret pc=0x000000000341cc20 method=java.lang.reflect.Modifier.toString(I)Ljava/lang/String; @ 123
Event: 22.175 Thread 0x0000000017b01800 Uncommon trap: reason=unstable_if action=reinterpret pc=0x000000000342af6c method=java.lang.reflect.Modifier.toString(I)Ljava/lang/String; @ 123

Classes redefined (0 events):
No events

Internal exceptions (10 events):
Event: 19.312 Thread 0x0000000017b01800 Exception <a 'java/lang/ClassNotFoundException': org/gradle/api/DefaultTaskBeanInfo> (0x00000000e0f62e18) thrown at [D:\src\AOSP-openjdk-cygwin\jdk8u\hotspot\src\share\vm\classfile\systemDictionary.cpp, line 210]
Event: 19.315 Thread 0x0000000017b01800 Exception <a 'java/lang/ClassNotFoundException': org/gradle/api/internal/AbstractTaskBeanInfo> (0x00000000e0f8c000) thrown at [D:\src\AOSP-openjdk-cygwin\jdk8u\hotspot\src\share\vm\classfile\systemDictionary.cpp, line 210]
Event: 19.317 Thread 0x0000000017b01800 Exception <a 'java/lang/ClassNotFoundException': org/gradle/api/internal/AbstractTaskCustomizer> (0x00000000e0fb5d68) thrown at [D:\src\AOSP-openjdk-cygwin\jdk8u\hotspot\src\share\vm\classfile\systemDictionary.cpp, line 210]
Event: 19.325 Thread 0x0000000017b01800 Exception <a 'java/lang/ClassNotFoundException': org/gradle/api/DefaultTaskCustomizer> (0x00000000e103d8f8) thrown at [D:\src\AOSP-openjdk-cygwin\jdk8u\hotspot\src\share\vm\classfile\systemDictionary.cpp, line 210]
Event: 19.340 Thread 0x0000000017b01800 Exception <a 'java/lang/ClassNotFoundException': org/gradle/api/internal/ConventionTaskCustomizer> (0x00000000e1077098) thrown at [D:\src\AOSP-openjdk-cygwin\jdk8u\hotspot\src\share\vm\classfile\systemDictionary.cpp, line 210]
Event: 19.343 Thread 0x0000000017b01800 Exception <a 'java/lang/ClassNotFoundException': org/gradle/api/tasks/DeleteCustomizer> (0x00000000e10ae8d8) thrown at [D:\src\AOSP-openjdk-cygwin\jdk8u\hotspot\src\share\vm\classfile\systemDictionary.cpp, line 210]
Event: 19.345 Thread 0x0000000017b01800 Exception <a 'java/lang/ClassNotFoundException': org/gradle/api/tasks/Delete_DecoratedCustomizer> (0x00000000e10f3be8) thrown at [D:\src\AOSP-openjdk-cygwin\jdk8u\hotspot\src\share\vm\classfile\systemDictionary.cpp, line 210]
Event: 19.443 Thread 0x0000000017b01800 Exception <a 'java/lang/ClassNotFoundException': build_3lgfx18g0ea68acm72r7xqwa7BeanInfo> (0x00000000e11fe130) thrown at [D:\src\AOSP-openjdk-cygwin\jdk8u\hotspot\src\share\vm\classfile\systemDictionary.cpp, line 210]
Event: 19.444 Thread 0x0000000017b01800 Exception <a 'java/lang/ClassNotFoundException': build_3lgfx18g0ea68acm72r7xqwa7Customizer> (0x00000000e1208628) thrown at [D:\src\AOSP-openjdk-cygwin\jdk8u\hotspot\src\share\vm\classfile\systemDictionary.cpp, line 210]
Event: 21.427 Thread 0x0000000017b01800 Exception <a 'sun/nio/fs/WindowsException'> (0x00000000e0aa28d0) thrown at [D:\src\AOSP-openjdk-cygwin\jdk8u\hotspot\src\share\vm\prims\jni.cpp, line 709]

Events (10 events):
Event: 22.243 loading class org/apache/tools/ant/types/EnumeratedAttribute
Event: 22.243 loading class org/apache/tools/ant/types/EnumeratedAttribute done
Event: 22.244 loading class org/apache/tools/ant/types/PropertySet
Event: 22.244 loading class org/apache/tools/ant/types/PropertySet done
Event: 22.247 loading class org/apache/tools/ant/types/FilterSet$FiltersFile
Event: 22.247 loading class org/apache/tools/ant/types/FilterSet$FiltersFile done
Event: 22.248 loading class org/apache/tools/ant/types/Reference
Event: 22.248 loading class org/apache/tools/ant/types/Reference done
Event: 22.249 loading class org/apache/tools/ant/Location
Event: 22.249 loading class org/apache/tools/ant/Location done


Dynamic libraries:
0x00007ff7cb9a0000 - 0x00007ff7cb9d1000 	D:\android\studio\jre\bin\java.exe
0x00007ff977060000 - 0x00007ff97720d000 	C:\Windows\SYSTEM32\ntdll.dll
0x00007ff974af0000 - 0x00007ff974c2f000 	C:\Windows\system32\KERNEL32.DLL
0x00007ff974540000 - 0x00007ff974656000 	C:\Windows\system32\KERNELBASE.dll
0x00007ff976f20000 - 0x00007ff976fca000 	C:\Windows\system32\ADVAPI32.dll
0x00007ff976350000 - 0x00007ff9764c7000 	C:\Windows\system32\USER32.dll
0x00007ff972280000 - 0x00007ff9724fb000 	C:\Windows\WinSxS\amd64_microsoft.windows.common-controls_6595b64144ccf1df_6.0.9600.19291_none_6248a9f3ecb5e89b\COMCTL32.dll
0x00007ff976990000 - 0x00007ff976a3a000 	C:\Windows\system32\msvcrt.dll
0x00007ff976590000 - 0x00007ff9765e9000 	C:\Windows\SYSTEM32\sechost.dll
0x00007ff9765f0000 - 0x00007ff976730000 	C:\Windows\system32\RPCRT4.dll
0x00007ff976a40000 - 0x00007ff976b8c000 	C:\Windows\system32\GDI32.dll
0x00007ff9746c0000 - 0x00007ff9746ee000 	C:\Windows\system32\SspiCli.dll
0x00007ff9768f0000 - 0x00007ff976926000 	C:\Windows\system32\IMM32.DLL
0x00007ff976dc0000 - 0x00007ff976f11000 	C:\Windows\system32\MSCTF.dll
0x000000005d0c0000 - 0x000000005d192000 	D:\android\studio\jre\jre\bin\msvcr100.dll
0x000000005d4d0000 - 0x000000005dd11000 	D:\android\studio\jre\jre\bin\server\jvm.dll
0x00007ff96e490000 - 0x00007ff96e499000 	C:\Windows\SYSTEM32\WSOCK32.dll
0x00007ff971a60000 - 0x00007ff971a82000 	C:\Windows\SYSTEM32\WINMM.dll
0x00007ff9721c0000 - 0x00007ff9721ca000 	C:\Windows\SYSTEM32\VERSION.dll
0x00007ff976fd0000 - 0x00007ff976fd7000 	C:\Windows\system32\PSAPI.DLL
0x00007ff976930000 - 0x00007ff97698a000 	C:\Windows\system32\WS2_32.dll
0x00007ff971a20000 - 0x00007ff971a4a000 	C:\Windows\SYSTEM32\WINMMBASE.dll
0x00007ff977050000 - 0x00007ff977059000 	C:\Windows\system32\NSI.dll
0x00007ff974260000 - 0x00007ff9742af000 	C:\Windows\SYSTEM32\cfgmgr32.dll
0x00007ff972fa0000 - 0x00007ff972fc8000 	C:\Windows\SYSTEM32\DEVOBJ.dll
0x00007ff96e320000 - 0x00007ff96e32f000 	D:\android\studio\jre\jre\bin\verify.dll
0x00007ff96bf40000 - 0x00007ff96bf69000 	D:\android\studio\jre\jre\bin\java.dll
0x00007ff96e300000 - 0x00007ff96e316000 	D:\android\studio\jre\jre\bin\zip.dll
0x00007ff974e20000 - 0x00007ff97634b000 	C:\Windows\system32\SHELL32.dll
0x00007ff976ba0000 - 0x00007ff976db0000 	C:\Windows\SYSTEM32\combase.dll
0x00007ff974890000 - 0x00007ff9748e4000 	C:\Windows\system32\SHLWAPI.dll
0x00007ff9729b0000 - 0x00007ff972a62000 	C:\Windows\SYSTEM32\SHCORE.dll
0x00007ff974190000 - 0x00007ff9741a5000 	C:\Windows\SYSTEM32\profapi.dll
0x00007ff9667a0000 - 0x00007ff9667ba000 	D:\android\studio\jre\jre\bin\net.dll
0x00007ff9739c0000 - 0x00007ff973a19000 	C:\Windows\system32\mswsock.dll
0x00007ff966780000 - 0x00007ff966791000 	D:\android\studio\jre\jre\bin\nio.dll
0x00007ff9614b0000 - 0x00007ff9614ce000 	C:\Users\samsung\.gradle\native\25\windows-amd64\native-platform.dll
0x00007ff96b950000 - 0x00007ff96b95d000 	D:\android\studio\jre\jre\bin\management.dll
0x00007ff973a20000 - 0x00007ff973a40000 	C:\Windows\SYSTEM32\CRYPTSP.dll
0x00007ff973640000 - 0x00007ff973676000 	C:\Windows\system32\rsaenh.dll
0x00007ff973cd0000 - 0x00007ff973cf6000 	C:\Windows\SYSTEM32\bcrypt.dll
0x00007ff973750000 - 0x00007ff973771000 	C:\Windows\SYSTEM32\USERENV.dll
0x00007ff973ff0000 - 0x00007ff974053000 	C:\Windows\system32\bcryptprimitives.dll
0x00007ff974060000 - 0x00007ff97406b000 	C:\Windows\SYSTEM32\CRYPTBASE.dll
0x00007ff96e120000 - 0x00007ff96e14a000 	C:\Windows\SYSTEM32\IPHLPAPI.DLL
0x00007ff96e0b0000 - 0x00007ff96e0ba000 	C:\Windows\SYSTEM32\WINNSI.DLL
0x00007ff96d310000 - 0x00007ff96d326000 	C:\Windows\SYSTEM32\dhcpcsvc6.DLL
0x00007ff96d6a0000 - 0x00007ff96d6ba000 	C:\Windows\SYSTEM32\dhcpcsvc.DLL

VM Arguments:
jvm_args: -Xmx1536m -Dfile.encoding=GBK -Duser.country=CN -Duser.language=zh -Duser.variant 
java_command: org.gradle.launcher.daemon.bootstrap.GradleDaemon 4.4
java_class_path (initial): C:\Users\samsung\.gradle\wrapper\dists\gradle-4.4-all\9br9xq1tocpiv8o6njlyu5op1\gradle-4.4\lib\gradle-launcher-4.4.jar
Launcher Type: SUN_STANDARD

Environment Variables:
JAVA_HOME=D:\Program Files\Java\jdk-11.0.2
CLASSPATH=.D:\Program Files\Java\jdk-11.0.2bin;D:\Program Files\Java\jdk-11.0.2\jre\bin;
PATH=C:\Program Files\Microsoft MPI\Bin\;C:\PROGRA~2\Bin;C:\PROGRA~2\Projects\Bpl;C:\PROGRA~2\Borland\CBUILD~1\Bin;C:\PROGRA~2\Borland\CBUILD~1\Projects\Bpl;C:\Program Files\Java\jre1.8.0_171\binC:\Program Files (x86)\Common Files\Oracle\Java\javapath;C:\Program Files (x86)\Intel\iCLS Client\;C:\Program Files\Intel\iCLS Client\;C:\Program Files (x86)\NVIDIA Corporation\PhysX\Common;C:\Windows\system32;C:\Windows;C:\Windows\System32\Wbem;C:\Windows\System32\WindowsPowerShell\v1.0\;C:\Program Files\Intel\Intel(R) Management Engine Components\DAL;C:\Program Files\Intel\Intel(R) Management Engine Components\IPT;C:\Program Files (x86)\Intel\Intel(R) Management Engine Components\DAL;C:\Program Files (x86)\Intel\Intel(R) Management Engine Components\IPT;C:\Program Files\dotnet\;C:\Program Files\Java\jdk1.8.0_171\bin;C:\Program Files (x86)\MySQL\MySQL Utilities 1.6\;C:\Program Files (x86)\Microsoft SQL Server\140\Tools\Binn\;C:\Program Files\Microsoft SQL Server\140\Tools\Binn\;C:\Program Files\Microsoft SQL Server\140\DTS\Binn\;C:\Program Files\Microsoft SQL Server\Client SDK\ODBC\130\Tools\Binn\;D:\Program Files (x86)\Dev-Cpp\MinGW64\bin;E:\Python27;E:\python-3.5.1-embed-adm64;D:\Program Files\Java\jdk-11.0.2\bin;E:\OpenCV4.0\opencv\build\x64\vc15\bin;D:\Program Files (x86)\;D:\android\sdk;D:\android\sdk\platform-tools;E:\Scripts\;E:\;D:\Tools\WinNT;D:\MSDev98\Bin;D:\Tools;c:\bin;C:\modeltech64_10.4\win64;D:\Program Files (x86)\modelsim\win64;D:\Program Files (x86)\win64;E:\OpenCV4.0\opencv\build\x64\vc15\bin;C:\Users\samsung\AppData\Roaming\npm
USERNAME=samsung
OS=Windows_NT
PROCESSOR_IDENTIFIER=Intel64 Family 6 Model 69 Stepping 1, GenuineIntel



---------------  S Y S T E M  ---------------

OS: Windows 8.1 , 64 bit Build 9600 (6.3.9600.19326)

CPU:total 2 (initial active 2) (2 cores per cpu, 1 threads per core) family 6 model 69 stepping 1, cmov, cx8, fxsr, mmx, sse, sse2, sse3, ssse3, sse4.1, sse4.2, popcnt, clmul, erms, lzcnt, tsc, tscinvbit

Memory: 4k page, physical 4106872k(221804k free), swap 7252604k(5388k free)

vm_info: OpenJDK 64-Bit Server VM (25.152-b01) for windows-amd64 JRE (1.8.0_152-release-1343-b01), built by "builder" with MS VC++ 10.0 (VS2010)

time: Fri Jul 12 10:45:06 2019
elapsed time: 22 seconds (0d 0h 0m 22s)

