#
# There is insufficient memory for the Java Runtime Environment to continue.
# Native memory allocation (malloc) failed to allocate 928576 bytes for Chunk::new
# Possible reasons:
#   The system is out of physical RAM or swap space
#   In 32 bit mode, the process size limit was hit
# Possible solutions:
#   Reduce memory load on the system
#   Increase physical memory or swap space
#   Check if swap backing store is full
#   Use 64 bit Java on a 64 bit OS
#   Decrease Java heap size (-Xmx/-Xms)
#   Decrease number of Java threads
#   Decrease Java thread stack sizes (-Xss)
#   Set larger code cache with -XX:ReservedCodeCacheSize=
# This output file may be truncated or incomplete.
#
#  Out of Memory Error (allocation.cpp:390), pid=8412, tid=0x0000000000000464
#
# JRE version: OpenJDK Runtime Environment (8.0_152-b01) (build 1.8.0_152-release-1343-b01)
# Java VM: OpenJDK 64-Bit Server VM (25.152-b01 mixed mode windows-amd64 compressed oops)
# Failed to write core dump. Minidumps are not enabled by default on client versions of Windows
#

---------------  T H R E A D  ---------------

Current thread (0x0000000015e3b000):  JavaThread "C2 CompilerThread0" daemon [_thread_in_native, id=1124, stack(0x0000000016d70000,0x0000000016e70000)]

Stack: [0x0000000016d70000,0x0000000016e70000]
[error occurred during error reporting (printing stack bounds), id 0xc0000005]

Native frames: (J=compiled Java code, j=interpreted, Vv=VM code, C=native code)


Current CompileTask:
C2:  33321 4254   !   4       java.net.URLClassLoader$1::run (63 bytes)


---------------  P R O C E S S  ---------------

Java Threads: ( => current thread )
  0x000000001b557000 JavaThread "Memory manager" [_thread_blocked, id=9840, stack(0x000000001cea0000,0x000000001cfa0000)]
  0x000000001b55a000 JavaThread "build operations Thread 2" [_thread_blocked, id=13116, stack(0x000000001cb20000,0x000000001cc20000)]
  0x000000001b556800 JavaThread "build operations" [_thread_blocked, id=10936, stack(0x000000001ca20000,0x000000001cb20000)]
  0x000000001b555800 JavaThread "Cache worker for Artifact transforms cache (C:\Users\samsung\.gradle\caches\transforms-1)" [_thread_blocked, id=9220, stack(0x000000001c720000,0x000000001c820000)]
  0x000000001a940800 JavaThread "Cache worker for file hash cache (D:\OrderListLogic\.gradle\4.4\fileHashes)" [_thread_blocked, id=7804, stack(0x000000001be20000,0x000000001bf20000)]
  0x0000000019a3f000 JavaThread "File lock request listener" [_thread_in_native, id=5212, stack(0x000000001bd20000,0x000000001be20000)]
  0x0000000016f35800 JavaThread "Cache worker for file hash cache (C:\Users\samsung\.gradle\caches\4.4\fileHashes)" [_thread_blocked, id=12716, stack(0x000000001ab90000,0x000000001ac90000)]
  0x0000000017ac3800 JavaThread "Stdin handler" [_thread_blocked, id=10432, stack(0x00000000198c0000,0x00000000199c0000)]
  0x0000000017ac1000 JavaThread "Asynchronous log dispatcher for DefaultDaemonConnection: socket connection from /127.0.0.1:59846 to /127.0.0.1:59847" [_thread_blocked, id=4264, stack(0x00000000197c0000,0x00000000198c0000)]
  0x0000000017abd800 JavaThread "Daemon worker" [_thread_in_vm, id=5280, stack(0x00000000196c0000,0x00000000197c0000)]
  0x00000000178a3800 JavaThread "Cancel handler" [_thread_blocked, id=4200, stack(0x00000000195c0000,0x00000000196c0000)]
  0x0000000017721800 JavaThread "Handler for socket connection from /127.0.0.1:59846 to /127.0.0.1:59847" [_thread_in_native, id=3132, stack(0x00000000192c0000,0x00000000193c0000)]
  0x0000000017720800 JavaThread "Daemon" [_thread_blocked, id=6156, stack(0x00000000191c0000,0x00000000192c0000)]
  0x000000001771c000 JavaThread "Daemon periodic checks" [_thread_blocked, id=7256, stack(0x00000000190c0000,0x00000000191c0000)]
  0x00000000176ff000 JavaThread "Incoming local TCP Connector on port 59846" [_thread_in_native, id=11512, stack(0x0000000018f60000,0x0000000019060000)]
  0x0000000016e83000 JavaThread "Service Thread" daemon [_thread_blocked, id=13028, stack(0x0000000017370000,0x0000000017470000)]
  0x0000000015ecb800 JavaThread "C1 CompilerThread1" daemon [_thread_blocked, id=13016, stack(0x0000000017270000,0x0000000017370000)]
=>0x0000000015e3b000 JavaThread "C2 CompilerThread0" daemon [_thread_in_native, id=1124, stack(0x0000000016d70000,0x0000000016e70000)]
  0x0000000015e38800 JavaThread "Attach Listener" daemon [_thread_blocked, id=9228, stack(0x0000000016c70000,0x0000000016d70000)]
  0x0000000015e8e000 JavaThread "Signal Dispatcher" daemon [_thread_blocked, id=4992, stack(0x0000000016b70000,0x0000000016c70000)]
  0x00000000026f6000 JavaThread "Finalizer" daemon [_thread_blocked, id=4552, stack(0x0000000016a70000,0x0000000016b70000)]
  0x00000000026ee000 JavaThread "Reference Handler" daemon [_thread_blocked, id=2664, stack(0x0000000016970000,0x0000000016a70000)]
  0x00000000021fe000 JavaThread "main" [_thread_blocked, id=12932, stack(0x0000000002500000,0x0000000002600000)]

Other Threads:
  0x0000000015df5000 VMThread [stack: 0x0000000016870000,0x0000000016970000] [id=8752]
  0x0000000016e86000 WatcherThread [stack: 0x0000000017470000,0x0000000017570000] [id=7468]

VM state:not at safepoint (normal execution)

VM Mutex/Monitor currently owned by a thread: None

Heap:
 PSYoungGen      total 161792K, used 19930K [0x00000000e0000000, 0x00000000eb700000, 0x0000000100000000)
  eden space 150016K, 5% used [0x00000000e0000000,0x00000000e07f8758,0x00000000e9280000)
  from space 11776K, 99% used [0x00000000ea080000,0x00000000eabfe168,0x00000000eac00000)
  to   space 14336K, 0% used [0x00000000e9280000,0x00000000e9280000,0x00000000ea080000)
 ParOldGen       total 59392K, used 23427K [0x00000000a0000000, 0x00000000a3a00000, 0x00000000e0000000)
  object space 59392K, 39% used [0x00000000a0000000,0x00000000a16e0e68,0x00000000a3a00000)
 Metaspace       used 44014K, capacity 45082K, committed 45440K, reserved 1087488K
  class space    used 6062K, capacity 6403K, committed 6528K, reserved 1048576K

Card table byte_map: [0x0000000011ac0000,0x0000000011dd0000] byte_map_base: 0x00000000115c0000

Marking Bits: (ParMarkBitMap*) 0x000000005dc95aa0
 Begin Bits: [0x00000000121d0000, 0x00000000139d0000)
 End Bits:   [0x00000000139d0000, 0x00000000151d0000)

Polling page: 0x0000000000b90000

CodeCache: size=245760Kb used=13755Kb max_used=13755Kb free=232004Kb
 bounds [0x0000000002700000, 0x0000000003480000, 0x0000000011700000]
 total_blobs=4682 nmethods=3963 adapters=633
 compilation: enabled

Compilation events (10 events):
Event: 33.308 Thread 0x0000000015ecb800 4262       2       java.util.zip.InflaterInputStream::ensureOpen (18 bytes)
Event: 33.309 Thread 0x0000000015ecb800 nmethod 4262 0x0000000003477010 code [0x0000000003477180, 0x0000000003477388]
Event: 33.309 Thread 0x0000000015ecb800 4263       3       java.io.FilterInputStream::read (11 bytes)
Event: 33.309 Thread 0x0000000015ecb800 nmethod 4263 0x0000000003477450 code [0x00000000034775c0, 0x00000000034777e8]
Event: 33.314 Thread 0x0000000015ecb800 4264       3       java.io.FilterInputStream::read (8 bytes)
Event: 33.314 Thread 0x0000000015ecb800 nmethod 4264 0x00000000034778d0 code [0x0000000003477a40, 0x0000000003477c68]
Event: 33.314 Thread 0x0000000015ecb800 4265       3       java.util.zip.InflaterInputStream::read (32 bytes)
Event: 33.315 Thread 0x0000000015ecb800 nmethod 4265 0x0000000003477d10 code [0x0000000003477ea0, 0x0000000003478318]
Event: 33.317 Thread 0x0000000015ecb800 4266       3       com.sun.xml.bind.v2.model.impl.RuntimeClassInfoImpl$RuntimePropertySeed::getName (10 bytes)
Event: 33.317 Thread 0x0000000015ecb800 nmethod 4266 0x00000000034784d0 code [0x0000000003478640, 0x0000000003478868]

GC Heap History (10 events):
Event: 17.481 GC heap before
{Heap before GC invocations=8 (full 1):
 PSYoungGen      total 72192K, used 5731K [0x00000000e0000000, 0x00000000e8d00000, 0x0000000100000000)
  eden space 64512K, 0% used [0x00000000e0000000,0x00000000e0000000,0x00000000e3f00000)
  from space 7680K, 74% used [0x00000000e3f00000,0x00000000e4498d08,0x00000000e4680000)
  to   space 7680K, 0% used [0x00000000e8580000,0x00000000e8580000,0x00000000e8d00000)
 ParOldGen       total 44032K, used 8597K [0x00000000a0000000, 0x00000000a2b00000, 0x00000000e0000000)
  object space 44032K, 19% used [0x00000000a0000000,0x00000000a0865600,0x00000000a2b00000)
 Metaspace       used 20791K, capacity 21206K, committed 21248K, reserved 1067008K
  class space    used 2890K, capacity 3042K, committed 3072K, reserved 1048576K
Event: 17.650 GC heap after
Heap after GC invocations=8 (full 1):
 PSYoungGen      total 72192K, used 0K [0x00000000e0000000, 0x00000000e8d00000, 0x0000000100000000)
  eden space 64512K, 0% used [0x00000000e0000000,0x00000000e0000000,0x00000000e3f00000)
  from space 7680K, 0% used [0x00000000e3f00000,0x00000000e3f00000,0x00000000e4680000)
  to   space 7680K, 0% used [0x00000000e8580000,0x00000000e8580000,0x00000000e8d00000)
 ParOldGen       total 35840K, used 10875K [0x00000000a0000000, 0x00000000a2300000, 0x00000000e0000000)
  object space 35840K, 30% used [0x00000000a0000000,0x00000000a0a9ed80,0x00000000a2300000)
 Metaspace       used 20791K, capacity 21206K, committed 21248K, reserved 1067008K
  class space    used 2890K, capacity 3042K, committed 3072K, reserved 1048576K
}
Event: 20.139 GC heap before
{Heap before GC invocations=9 (full 1):
 PSYoungGen      total 72192K, used 64512K [0x00000000e0000000, 0x00000000e8d00000, 0x0000000100000000)
  eden space 64512K, 100% used [0x00000000e0000000,0x00000000e3f00000,0x00000000e3f00000)
  from space 7680K, 0% used [0x00000000e3f00000,0x00000000e3f00000,0x00000000e4680000)
  to   space 7680K, 0% used [0x00000000e8580000,0x00000000e8580000,0x00000000e8d00000)
 ParOldGen       total 35840K, used 10875K [0x00000000a0000000, 0x00000000a2300000, 0x00000000e0000000)
  object space 35840K, 30% used [0x00000000a0000000,0x00000000a0a9ed80,0x00000000a2300000)
 Metaspace       used 25965K, capacity 26566K, committed 26880K, reserved 1073152K
  class space    used 3621K, capacity 3776K, committed 3840K, reserved 1048576K
Event: 20.156 GC heap after
Heap after GC invocations=9 (full 1):
 PSYoungGen      total 115712K, used 6595K [0x00000000e0000000, 0x00000000e8c00000, 0x0000000100000000)
  eden space 109056K, 0% used [0x00000000e0000000,0x00000000e0000000,0x00000000e6a80000)
  from space 6656K, 99% used [0x00000000e8580000,0x00000000e8bf0e88,0x00000000e8c00000)
  to   space 8192K, 0% used [0x00000000e7c00000,0x00000000e7c00000,0x00000000e8400000)
 ParOldGen       total 35840K, used 10883K [0x00000000a0000000, 0x00000000a2300000, 0x00000000e0000000)
  object space 35840K, 30% used [0x00000000a0000000,0x00000000a0aa0d80,0x00000000a2300000)
 Metaspace       used 25965K, capacity 26566K, committed 26880K, reserved 1073152K
  class space    used 3621K, capacity 3776K, committed 3840K, reserved 1048576K
}
Event: 27.370 GC heap before
{Heap before GC invocations=10 (full 1):
 PSYoungGen      total 115712K, used 107953K [0x00000000e0000000, 0x00000000e8c00000, 0x0000000100000000)
  eden space 109056K, 92% used [0x00000000e0000000,0x00000000e62fb648,0x00000000e6a80000)
  from space 6656K, 99% used [0x00000000e8580000,0x00000000e8bf0e88,0x00000000e8c00000)
  to   space 8192K, 0% used [0x00000000e7c00000,0x00000000e7c00000,0x00000000e8400000)
 ParOldGen       total 35840K, used 10883K [0x00000000a0000000, 0x00000000a2300000, 0x00000000e0000000)
  object space 35840K, 30% used [0x00000000a0000000,0x00000000a0aa0d80,0x00000000a2300000)
 Metaspace       used 34546K, capacity 35338K, committed 35416K, reserved 1079296K
  class space    used 4817K, capacity 5062K, committed 5120K, reserved 1048576K
Event: 27.447 GC heap after
Heap after GC invocations=10 (full 1):
 PSYoungGen      total 135168K, used 8176K [0x00000000e0000000, 0x00000000eac00000, 0x0000000100000000)
  eden space 126976K, 0% used [0x00000000e0000000,0x00000000e0000000,0x00000000e7c00000)
  from space 8192K, 99% used [0x00000000e7c00000,0x00000000e83fc010,0x00000000e8400000)
  to   space 11776K, 0% used [0x00000000ea080000,0x00000000ea080000,0x00000000eac00000)
 ParOldGen       total 35840K, used 17020K [0x00000000a0000000, 0x00000000a2300000, 0x00000000e0000000)
  object space 35840K, 47% used [0x00000000a0000000,0x00000000a109f238,0x00000000a2300000)
 Metaspace       used 34546K, capacity 35338K, committed 35416K, reserved 1079296K
  class space    used 4817K, capacity 5062K, committed 5120K, reserved 1048576K
}
Event: 27.447 GC heap before
{Heap before GC invocations=11 (full 2):
 PSYoungGen      total 135168K, used 8176K [0x00000000e0000000, 0x00000000eac00000, 0x0000000100000000)
  eden space 126976K, 0% used [0x00000000e0000000,0x00000000e0000000,0x00000000e7c00000)
  from space 8192K, 99% used [0x00000000e7c00000,0x00000000e83fc010,0x00000000e8400000)
  to   space 11776K, 0% used [0x00000000ea080000,0x00000000ea080000,0x00000000eac00000)
 ParOldGen       total 35840K, used 17020K [0x00000000a0000000, 0x00000000a2300000, 0x00000000e0000000)
  object space 35840K, 47% used [0x00000000a0000000,0x00000000a109f238,0x00000000a2300000)
 Metaspace       used 34546K, capacity 35338K, committed 35416K, reserved 1079296K
  class space    used 4817K, capacity 5062K, committed 5120K, reserved 1048576K
Event: 27.813 GC heap after
Heap after GC invocations=11 (full 2):
 PSYoungGen      total 135168K, used 0K [0x00000000e0000000, 0x00000000eac00000, 0x0000000100000000)
  eden space 126976K, 0% used [0x00000000e0000000,0x00000000e0000000,0x00000000e7c00000)
  from space 8192K, 0% used [0x00000000e7c00000,0x00000000e7c00000,0x00000000e8400000)
  to   space 11776K, 0% used [0x00000000ea080000,0x00000000ea080000,0x00000000eac00000)
 ParOldGen       total 59392K, used 20803K [0x00000000a0000000, 0x00000000a3a00000, 0x00000000e0000000)
  object space 59392K, 35% used [0x00000000a0000000,0x00000000a1450da8,0x00000000a3a00000)
 Metaspace       used 34546K, capacity 35338K, committed 35416K, reserved 1079296K
  class space    used 4817K, capacity 5062K, committed 5120K, reserved 1048576K
}
Event: 33.033 GC heap before
{Heap before GC invocations=12 (full 2):
 PSYoungGen      total 135168K, used 126976K [0x00000000e0000000, 0x00000000eac00000, 0x0000000100000000)
  eden space 126976K, 100% used [0x00000000e0000000,0x00000000e7c00000,0x00000000e7c00000)
  from space 8192K, 0% used [0x00000000e7c00000,0x00000000e7c00000,0x00000000e8400000)
  to   space 11776K, 0% used [0x00000000ea080000,0x00000000ea080000,0x00000000eac00000)
 ParOldGen       total 59392K, used 20803K [0x00000000a0000000, 0x00000000a3a00000, 0x00000000e0000000)
  object space 59392K, 35% used [0x00000000a0000000,0x00000000a1450da8,0x00000000a3a00000)
 Metaspace       used 43601K, capacity 44708K, committed 45056K, reserved 1087488K
  class space    used 6002K, capacity 6330K, committed 6400K, reserved 1048576K
Event: 33.082 GC heap after
Heap after GC invocations=12 (full 2):
 PSYoungGen      total 161792K, used 11768K [0x00000000e0000000, 0x00000000eb700000, 0x0000000100000000)
  eden space 150016K, 0% used [0x00000000e0000000,0x00000000e0000000,0x00000000e9280000)
  from space 11776K, 99% used [0x00000000ea080000,0x00000000eabfe168,0x00000000eac00000)
  to   space 14336K, 0% used [0x00000000e9280000,0x00000000e9280000,0x00000000ea080000)
 ParOldGen       total 59392K, used 23427K [0x00000000a0000000, 0x00000000a3a00000, 0x00000000e0000000)
  object space 59392K, 39% used [0x00000000a0000000,0x00000000a16e0e68,0x00000000a3a00000)
 Metaspace       used 43601K, capacity 44708K, committed 45056K, reserved 1087488K
  class space    used 6002K, capacity 6330K, committed 6400K, reserved 1048576K
}

Deoptimization events (10 events):
Event: 29.912 Thread 0x0000000017abd800 Uncommon trap: reason=speculate_class_check action=maybe_recompile pc=0x00000000032c79a4 method=com.google.common.base.Equivalence.hash(Ljava/lang/Object;)I @ 8
Event: 29.912 Thread 0x0000000017abd800 Uncommon trap: reason=speculate_class_check action=maybe_recompile pc=0x00000000032c79a4 method=com.google.common.base.Equivalence.hash(Ljava/lang/Object;)I @ 8
Event: 29.912 Thread 0x0000000017abd800 Uncommon trap: reason=speculate_class_check action=maybe_recompile pc=0x00000000032c79a4 method=com.google.common.base.Equivalence.hash(Ljava/lang/Object;)I @ 8
Event: 30.111 Thread 0x0000000017abd800 Uncommon trap: reason=unstable_if action=reinterpret pc=0x0000000002dfe14c method=java.util.jar.Attributes$Name.isDigit(C)Z @ 3
Event: 30.252 Thread 0x0000000017abd800 Uncommon trap: reason=unstable_if action=reinterpret pc=0x000000000283347c method=java.lang.CharacterDataLatin1.isWhitespace(I)Z @ 14
Event: 30.398 Thread 0x0000000017abd800 Uncommon trap: reason=unstable_if action=reinterpret pc=0x0000000003187a48 method=java.util.jar.JarFile.getInputStream(Ljava/util/zip/ZipEntry;)Ljava/io/InputStream; @ 37
Event: 30.402 Thread 0x0000000017abd800 Uncommon trap: reason=unstable_if action=reinterpret pc=0x000000000318c684 method=java.util.jar.JarFile$JarFileEntry.getCodeSigners()[Ljava/security/CodeSigner; @ 24
Event: 30.405 Thread 0x0000000017abd800 Uncommon trap: reason=unstable_if action=reinterpret pc=0x0000000002a2706c method=java.security.CodeSource.getCertificates()[Ljava/security/cert/Certificate; @ 22
Event: 30.406 Thread 0x0000000017abd800 Uncommon trap: reason=unstable_if action=reinterpret pc=0x00000000031802c4 method=java.security.CodeSource.matchCerts(Ljava/security/CodeSource;Z)Z @ 11
Event: 30.476 Thread 0x0000000017abd800 Uncommon trap: reason=unstable_if action=reinterpret pc=0x0000000003205cb8 method=java.util.LinkedHashMap.get(Ljava/lang/Object;)Ljava/lang/Object; @ 20

Classes redefined (0 events):
No events

Internal exceptions (10 events):
Event: 32.379 Thread 0x0000000017abd800 Exception <a 'sun/nio/fs/WindowsException'> (0x00000000e6ece528) thrown at [D:\src\AOSP-openjdk-cygwin\jdk8u\hotspot\src\share\vm\prims\jni.cpp, line 709]
Event: 32.379 Thread 0x0000000017abd800 Exception <a 'sun/nio/fs/WindowsException'> (0x00000000e6ecefc8) thrown at [D:\src\AOSP-openjdk-cygwin\jdk8u\hotspot\src\share\vm\prims\jni.cpp, line 709]
Event: 32.379 Thread 0x0000000017abd800 Exception <a 'sun/nio/fs/WindowsException'> (0x00000000e6ed0aa0) thrown at [D:\src\AOSP-openjdk-cygwin\jdk8u\hotspot\src\share\vm\prims\jni.cpp, line 709]
Event: 32.380 Thread 0x0000000017abd800 Exception <a 'sun/nio/fs/WindowsException'> (0x00000000e6ed1580) thrown at [D:\src\AOSP-openjdk-cygwin\jdk8u\hotspot\src\share\vm\prims\jni.cpp, line 709]
Event: 32.380 Thread 0x0000000017abd800 Exception <a 'sun/nio/fs/WindowsException'> (0x00000000e6ed3c88) thrown at [D:\src\AOSP-openjdk-cygwin\jdk8u\hotspot\src\share\vm\prims\jni.cpp, line 709]
Event: 32.380 Thread 0x0000000017abd800 Exception <a 'sun/nio/fs/WindowsException'> (0x00000000e6ed4798) thrown at [D:\src\AOSP-openjdk-cygwin\jdk8u\hotspot\src\share\vm\prims\jni.cpp, line 709]
Event: 32.381 Thread 0x0000000017abd800 Exception <a 'sun/nio/fs/WindowsException'> (0x00000000e6ed62e8) thrown at [D:\src\AOSP-openjdk-cygwin\jdk8u\hotspot\src\share\vm\prims\jni.cpp, line 709]
Event: 32.381 Thread 0x0000000017abd800 Exception <a 'sun/nio/fs/WindowsException'> (0x00000000e6ed6e30) thrown at [D:\src\AOSP-openjdk-cygwin\jdk8u\hotspot\src\share\vm\prims\jni.cpp, line 709]
Event: 32.407 Thread 0x0000000017abd800 Exception <a 'java/lang/ClassNotFoundException': com/sun/org/glassfish/hk2/osgiresourcelocator/ServiceLoader> (0x00000000e6f2c890) thrown at [D:\src\AOSP-openjdk-cygwin\jdk8u\hotspot\src\share\vm\classfile\systemDictionary.cpp, line 210]
Event: 32.696 Thread 0x0000000017abd800 Exception <a 'java/lang/NullPointerException'> (0x00000000e7394b20) thrown at [D:\src\AOSP-openjdk-cygwin\jdk8u\hotspot\src\share\vm\interpreter\linkResolver.cpp, line 1301]

Events (10 events):
Event: 33.285 loading class com/sun/xml/bind/v2/runtime/reflect/opt/AccessorInjector
Event: 33.285 loading class com/sun/xml/bind/v2/runtime/reflect/opt/AccessorInjector done
Event: 33.287 loading class com/sun/xml/bind/v2/runtime/reflect/opt/SecureLoader
Event: 33.287 loading class com/sun/xml/bind/v2/runtime/reflect/opt/SecureLoader done
Event: 33.288 loading class com/sun/xml/bind/v2/runtime/reflect/opt/Injector
Event: 33.288 loading class com/sun/xml/bind/v2/runtime/reflect/opt/Injector done
Event: 33.291 loading class com/sun/xml/bind/v2/runtime/reflect/opt/Injector$1
Event: 33.291 loading class com/sun/xml/bind/v2/runtime/reflect/opt/Injector$1 done
Event: 33.306 loading class com/sun/xml/bind/v2/runtime/property/TagAndType
Event: 33.306 loading class com/sun/xml/bind/v2/runtime/property/TagAndType done


Dynamic libraries:
0x00007ff7cb9a0000 - 0x00007ff7cb9d1000 	D:\android\studio\jre\bin\java.exe
0x00007ff977060000 - 0x00007ff97720d000 	C:\Windows\SYSTEM32\ntdll.dll
0x00007ff974af0000 - 0x00007ff974c2f000 	C:\Windows\system32\KERNEL32.DLL
0x00007ff974540000 - 0x00007ff974656000 	C:\Windows\system32\KERNELBASE.dll
0x00007ff976f20000 - 0x00007ff976fca000 	C:\Windows\system32\ADVAPI32.dll
0x00007ff976350000 - 0x00007ff9764c7000 	C:\Windows\system32\USER32.dll
0x00007ff972280000 - 0x00007ff9724fb000 	C:\Windows\WinSxS\amd64_microsoft.windows.common-controls_6595b64144ccf1df_6.0.9600.19291_none_6248a9f3ecb5e89b\COMCTL32.dll
0x00007ff976990000 - 0x00007ff976a3a000 	C:\Windows\system32\msvcrt.dll
0x00007ff976590000 - 0x00007ff9765e9000 	C:\Windows\SYSTEM32\sechost.dll
0x00007ff9765f0000 - 0x00007ff976730000 	C:\Windows\system32\RPCRT4.dll
0x00007ff976a40000 - 0x00007ff976b8c000 	C:\Windows\system32\GDI32.dll
0x00007ff9746c0000 - 0x00007ff9746ee000 	C:\Windows\system32\SspiCli.dll
0x00007ff9768f0000 - 0x00007ff976926000 	C:\Windows\system32\IMM32.DLL
0x00007ff976dc0000 - 0x00007ff976f11000 	C:\Windows\system32\MSCTF.dll
0x000000005d0c0000 - 0x000000005d192000 	D:\android\studio\jre\jre\bin\msvcr100.dll
0x000000005d4d0000 - 0x000000005dd11000 	D:\android\studio\jre\jre\bin\server\jvm.dll
0x00007ff96e490000 - 0x00007ff96e499000 	C:\Windows\SYSTEM32\WSOCK32.dll
0x00007ff971a60000 - 0x00007ff971a82000 	C:\Windows\SYSTEM32\WINMM.dll
0x00007ff9721c0000 - 0x00007ff9721ca000 	C:\Windows\SYSTEM32\VERSION.dll
0x00007ff976fd0000 - 0x00007ff976fd7000 	C:\Windows\system32\PSAPI.DLL
0x00007ff976930000 - 0x00007ff97698a000 	C:\Windows\system32\WS2_32.dll
0x00007ff971a20000 - 0x00007ff971a4a000 	C:\Windows\SYSTEM32\WINMMBASE.dll
0x00007ff977050000 - 0x00007ff977059000 	C:\Windows\system32\NSI.dll
0x00007ff974260000 - 0x00007ff9742af000 	C:\Windows\SYSTEM32\cfgmgr32.dll
0x00007ff972fa0000 - 0x00007ff972fc8000 	C:\Windows\SYSTEM32\DEVOBJ.dll
0x00007ff96e320000 - 0x00007ff96e32f000 	D:\android\studio\jre\jre\bin\verify.dll
0x00007ff96bf40000 - 0x00007ff96bf69000 	D:\android\studio\jre\jre\bin\java.dll
0x00007ff96e300000 - 0x00007ff96e316000 	D:\android\studio\jre\jre\bin\zip.dll
0x00007ff974e20000 - 0x00007ff97634b000 	C:\Windows\system32\SHELL32.dll
0x00007ff976ba0000 - 0x00007ff976db0000 	C:\Windows\SYSTEM32\combase.dll
0x00007ff974890000 - 0x00007ff9748e4000 	C:\Windows\system32\SHLWAPI.dll
0x00007ff9729b0000 - 0x00007ff972a62000 	C:\Windows\SYSTEM32\SHCORE.dll
0x00007ff974190000 - 0x00007ff9741a5000 	C:\Windows\SYSTEM32\profapi.dll
0x00007ff9667a0000 - 0x00007ff9667ba000 	D:\android\studio\jre\jre\bin\net.dll
0x00007ff9739c0000 - 0x00007ff973a19000 	C:\Windows\system32\mswsock.dll
0x00007ff966780000 - 0x00007ff966791000 	D:\android\studio\jre\jre\bin\nio.dll
0x00007ff9614b0000 - 0x00007ff9614ce000 	C:\Users\samsung\.gradle\native\25\windows-amd64\native-platform.dll
0x00007ff96b950000 - 0x00007ff96b95d000 	D:\android\studio\jre\jre\bin\management.dll
0x00007ff973a20000 - 0x00007ff973a40000 	C:\Windows\SYSTEM32\CRYPTSP.dll
0x00007ff973640000 - 0x00007ff973676000 	C:\Windows\system32\rsaenh.dll
0x00007ff973cd0000 - 0x00007ff973cf6000 	C:\Windows\SYSTEM32\bcrypt.dll
0x00007ff973750000 - 0x00007ff973771000 	C:\Windows\SYSTEM32\USERENV.dll
0x00007ff973ff0000 - 0x00007ff974053000 	C:\Windows\system32\bcryptprimitives.dll
0x00007ff974060000 - 0x00007ff97406b000 	C:\Windows\SYSTEM32\CRYPTBASE.dll
0x00007ff96e120000 - 0x00007ff96e14a000 	C:\Windows\SYSTEM32\IPHLPAPI.DLL
0x00007ff96e0b0000 - 0x00007ff96e0ba000 	C:\Windows\SYSTEM32\WINNSI.DLL
0x00007ff96d310000 - 0x00007ff96d326000 	C:\Windows\SYSTEM32\dhcpcsvc6.DLL
0x00007ff96d6a0000 - 0x00007ff96d6ba000 	C:\Windows\SYSTEM32\dhcpcsvc.DLL

VM Arguments:
jvm_args: -Xmx1536m -Dfile.encoding=GBK -Duser.country=CN -Duser.language=zh -Duser.variant 
java_command: org.gradle.launcher.daemon.bootstrap.GradleDaemon 4.4
java_class_path (initial): C:\Users\samsung\.gradle\wrapper\dists\gradle-4.4-all\9br9xq1tocpiv8o6njlyu5op1\gradle-4.4\lib\gradle-launcher-4.4.jar
Launcher Type: SUN_STANDARD

Environment Variables:
JAVA_HOME=D:\Program Files\Java\jdk-11.0.2
CLASSPATH=.D:\Program Files\Java\jdk-11.0.2bin;D:\Program Files\Java\jdk-11.0.2\jre\bin;
PATH=C:\Program Files\Microsoft MPI\Bin\;C:\PROGRA~2\Bin;C:\PROGRA~2\Projects\Bpl;C:\PROGRA~2\Borland\CBUILD~1\Bin;C:\PROGRA~2\Borland\CBUILD~1\Projects\Bpl;C:\Program Files\Java\jre1.8.0_171\binC:\Program Files (x86)\Common Files\Oracle\Java\javapath;C:\Program Files (x86)\Intel\iCLS Client\;C:\Program Files\Intel\iCLS Client\;C:\Program Files (x86)\NVIDIA Corporation\PhysX\Common;C:\Windows\system32;C:\Windows;C:\Windows\System32\Wbem;C:\Windows\System32\WindowsPowerShell\v1.0\;C:\Program Files\Intel\Intel(R) Management Engine Components\DAL;C:\Program Files\Intel\Intel(R) Management Engine Components\IPT;C:\Program Files (x86)\Intel\Intel(R) Management Engine Components\DAL;C:\Program Files (x86)\Intel\Intel(R) Management Engine Components\IPT;C:\Program Files\dotnet\;C:\Program Files\Java\jdk1.8.0_171\bin;C:\Program Files (x86)\MySQL\MySQL Utilities 1.6\;C:\Program Files (x86)\Microsoft SQL Server\140\Tools\Binn\;C:\Program Files\Microsoft SQL Server\140\Tools\Binn\;C:\Program Files\Microsoft SQL Server\140\DTS\Binn\;C:\Program Files\Microsoft SQL Server\Client SDK\ODBC\130\Tools\Binn\;D:\Program Files (x86)\Dev-Cpp\MinGW64\bin;E:\Python27;E:\python-3.5.1-embed-adm64;D:\Program Files\Java\jdk-11.0.2\bin;E:\OpenCV4.0\opencv\build\x64\vc15\bin;D:\Program Files (x86)\;D:\android\sdk;D:\android\sdk\platform-tools;E:\Scripts\;E:\;D:\Tools\WinNT;D:\MSDev98\Bin;D:\Tools;c:\bin;C:\modeltech64_10.4\win64;D:\Program Files (x86)\modelsim\win64;D:\Program Files (x86)\win64;E:\OpenCV4.0\opencv\build\x64\vc15\bin;C:\Users\samsung\AppData\Roaming\npm
USERNAME=samsung
OS=Windows_NT
PROCESSOR_IDENTIFIER=Intel64 Family 6 Model 69 Stepping 1, GenuineIntel



---------------  S Y S T E M  ---------------

OS: Windows 8.1 , 64 bit Build 9600 (6.3.9600.19326)

CPU:total 2 (initial active 2) (2 cores per cpu, 1 threads per core) family 6 model 69 stepping 1, cmov, cx8, fxsr, mmx, sse, sse2, sse3, ssse3, sse4.1, sse4.2, popcnt, clmul, erms, lzcnt, tsc, tscinvbit

Memory: 4k page, physical 4106872k(717312k free), swap 7252604k(5584k free)

vm_info: OpenJDK 64-Bit Server VM (25.152-b01) for windows-amd64 JRE (1.8.0_152-release-1343-b01), built by "builder" with MS VC++ 10.0 (VS2010)

time: Fri Jul 12 10:37:16 2019
elapsed time: 33 seconds (0d 0h 0m 33s)

