#
# There is insufficient memory for the Java Runtime Environment to continue.
# Native memory allocation (malloc) failed to allocate 1558256 bytes for Chunk::new
# Possible reasons:
#   The system is out of physical RAM or swap space
#   In 32 bit mode, the process size limit was hit
# Possible solutions:
#   Reduce memory load on the system
#   Increase physical memory or swap space
#   Check if swap backing store is full
#   Use 64 bit Java on a 64 bit OS
#   Decrease Java heap size (-Xmx/-Xms)
#   Decrease number of Java threads
#   Decrease Java thread stack sizes (-Xss)
#   Set larger code cache with -XX:ReservedCodeCacheSize=
# This output file may be truncated or incomplete.
#
#  Out of Memory Error (allocation.cpp:390), pid=6732, tid=0x0000000000000ddc
#
# JRE version: OpenJDK Runtime Environment (8.0_152-b01) (build 1.8.0_152-release-1343-b01)
# Java VM: OpenJDK 64-Bit Server VM (25.152-b01 mixed mode windows-amd64 compressed oops)
# Failed to write core dump. Minidumps are not enabled by default on client versions of Windows
#

---------------  T H R E A D  ---------------

Current thread (0x00000000157eb000):  JavaThread "C2 CompilerThread0" daemon [_thread_in_native, id=3548, stack(0x0000000016720000,0x0000000016820000)]

Stack: [0x0000000016720000,0x0000000016820000]
[error occurred during error reporting (printing stack bounds), id 0xc0000005]

Native frames: (J=compiled Java code, j=interpreted, Vv=VM code, C=native code)


Current CompileTask:
C2:  30491 5522       4       java.security.SecureClassLoader::defineClass (16 bytes)


---------------  P R O C E S S  ---------------

Java Threads: ( => current thread )
  0x000000001b009000 JavaThread "Memory manager" [_thread_blocked, id=9864, stack(0x000000001cc60000,0x000000001cd60000)]
  0x000000001b008000 JavaThread "build operations Thread 2" [_thread_blocked, id=9492, stack(0x000000001c960000,0x000000001ca60000)]
  0x000000001b003000 JavaThread "build operations" [_thread_blocked, id=13076, stack(0x000000001bb90000,0x000000001bc90000)]
  0x000000001b003800 JavaThread "Cache worker for Artifact transforms cache (C:\Users\samsung\.gradle\caches\transforms-1)" [_thread_blocked, id=10152, stack(0x000000001aa20000,0x000000001ab20000)]
  0x0000000017695800 JavaThread "Cache worker for file hash cache (D:\OrderListLogic\.gradle\4.4\fileHashes)" [_thread_blocked, id=12872, stack(0x000000001a720000,0x000000001a820000)]
  0x0000000017e60800 JavaThread "File lock request listener" [_thread_in_native, id=3832, stack(0x0000000019650000,0x0000000019750000)]
  0x0000000017201800 JavaThread "Cache worker for file hash cache (C:\Users\samsung\.gradle\caches\4.4\fileHashes)" [_thread_blocked, id=9448, stack(0x0000000019550000,0x0000000019650000)]
  0x00000000171fe800 JavaThread "Stdin handler" [_thread_blocked, id=8356, stack(0x0000000019250000,0x0000000019350000)]
  0x0000000017e14800 JavaThread "Asynchronous log dispatcher for DefaultDaemonConnection: socket connection from /127.0.0.1:59905 to /127.0.0.1:59906" [_thread_blocked, id=10332, stack(0x0000000019150000,0x0000000019250000)]
  0x0000000017e0d000 JavaThread "Daemon worker" [_thread_in_Java, id=7616, stack(0x0000000019050000,0x0000000019150000)]
  0x0000000017e09800 JavaThread "Cancel handler" [_thread_blocked, id=4332, stack(0x0000000018f50000,0x0000000019050000)]
  0x0000000017df5000 JavaThread "Handler for socket connection from /127.0.0.1:59905 to /127.0.0.1:59906" [_thread_in_native, id=3288, stack(0x0000000018c50000,0x0000000018d50000)]
  0x0000000017df0800 JavaThread "Daemon" [_thread_blocked, id=11832, stack(0x0000000018b50000,0x0000000018c50000)]
  0x000000001715b000 JavaThread "Daemon periodic checks" [_thread_blocked, id=10424, stack(0x0000000018a50000,0x0000000018b50000)]
  0x000000001690f000 JavaThread "Incoming local TCP Connector on port 59905" [_thread_in_native, id=11476, stack(0x00000000188f0000,0x00000000189f0000)]
  0x0000000016833000 JavaThread "Service Thread" daemon [_thread_blocked, id=4208, stack(0x0000000016d20000,0x0000000016e20000)]
  0x000000001587b800 JavaThread "C1 CompilerThread1" daemon [_thread_in_native, id=10972, stack(0x0000000016c20000,0x0000000016d20000)]
=>0x00000000157eb000 JavaThread "C2 CompilerThread0" daemon [_thread_in_native, id=3548, stack(0x0000000016720000,0x0000000016820000)]
  0x00000000157e8800 JavaThread "Attach Listener" daemon [_thread_blocked, id=4120, stack(0x0000000016620000,0x0000000016720000)]
  0x000000001583e000 JavaThread "Signal Dispatcher" daemon [_thread_blocked, id=10356, stack(0x0000000016520000,0x0000000016620000)]
  0x00000000020a6000 JavaThread "Finalizer" daemon [_thread_blocked, id=12072, stack(0x0000000016420000,0x0000000016520000)]
  0x000000000209e000 JavaThread "Reference Handler" daemon [_thread_blocked, id=12944, stack(0x0000000016320000,0x0000000016420000)]
  0x000000000035e000 JavaThread "main" [_thread_blocked, id=7368, stack(0x0000000001eb0000,0x0000000001fb0000)]

Other Threads:
  0x00000000157a4800 VMThread [stack: 0x0000000016220000,0x0000000016320000] [id=11612]
  0x0000000016836000 WatcherThread [stack: 0x0000000016e20000,0x0000000016f20000] [id=11060]

VM state:not at safepoint (normal execution)

VM Mutex/Monitor currently owned by a thread: None

Heap:
 PSYoungGen      total 135168K, used 12934K [0x00000000e0000000, 0x00000000e9a80000, 0x0000000100000000)
  eden space 126976K, 3% used [0x00000000e0000000,0x00000000e04a5000,0x00000000e7c00000)
  from space 8192K, 99% used [0x00000000e7c00000,0x00000000e83fca20,0x00000000e8400000)
  to   space 11776K, 0% used [0x00000000e8f00000,0x00000000e8f00000,0x00000000e9a80000)
 ParOldGen       total 64000K, used 35631K [0x00000000a0000000, 0x00000000a3e80000, 0x00000000e0000000)
  object space 64000K, 55% used [0x00000000a0000000,0x00000000a22cbe20,0x00000000a3e80000)
 Metaspace       used 53891K, capacity 55644K, committed 55808K, reserved 1097728K
  class space    used 7447K, capacity 7882K, committed 7936K, reserved 1048576K

Card table byte_map: [0x0000000011470000,0x0000000011780000] byte_map_base: 0x0000000010f70000

Marking Bits: (ParMarkBitMap*) 0x000000005dc95aa0
 Begin Bits: [0x0000000011b80000, 0x0000000013380000)
 End Bits:   [0x0000000013380000, 0x0000000014b80000)

Polling page: 0x0000000000380000

CodeCache: size=245760Kb used=18012Kb max_used=18012Kb free=227747Kb
 bounds [0x00000000020b0000, 0x0000000003260000, 0x00000000110b0000]
 total_blobs=5977 nmethods=5224 adapters=667
 compilation: enabled

Compilation events (10 events):
Event: 30.428 Thread 0x000000001587b800 nmethod 5550 0x0000000003249d10 code [0x0000000003249e60, 0x0000000003249f70]
Event: 30.433 Thread 0x000000001587b800 5551       1       org.jetbrains.plugins.gradle.model.AbstractExternalDependency::getDependencies (5 bytes)
Event: 30.433 Thread 0x000000001587b800 nmethod 5551 0x0000000003249fd0 code [0x000000000324a120, 0x000000000324a230]
Event: 30.433 Thread 0x000000001587b800 5552       3       org.gradle.tooling.internal.adapter.TypeInspector::visit (170 bytes)
Event: 30.436 Thread 0x000000001587b800 nmethod 5552 0x000000000324a290 code [0x000000000324a660, 0x000000000324c778]
Event: 30.478 Thread 0x000000001587b800 5553       1       org.codehaus.groovy.runtime.metaclass.NewStaticMetaMethod::isStatic (2 bytes)
Event: 30.478 Thread 0x000000001587b800 nmethod 5553 0x000000000324e190 code [0x000000000324e2e0, 0x000000000324e3f0]
Event: 30.480 Thread 0x000000001587b800 5554       3       sun.reflect.generics.parser.SignatureParser::parseFormalTypeParameters (119 bytes)
Event: 30.482 Thread 0x000000001587b800 nmethod 5554 0x000000000324e450 code [0x000000000324e760, 0x000000000324fd38]
Event: 30.484 Thread 0x000000001587b800 5555       3       java.beans.Introspector::getTargetEventInfo (1082 bytes)

GC Heap History (10 events):
Event: 11.828 GC heap before
{Heap before GC invocations=9 (full 1):
 PSYoungGen      total 72192K, used 64512K [0x00000000e0000000, 0x00000000e8d00000, 0x0000000100000000)
  eden space 64512K, 100% used [0x00000000e0000000,0x00000000e3f00000,0x00000000e3f00000)
  from space 7680K, 0% used [0x00000000e3f00000,0x00000000e3f00000,0x00000000e4680000)
  to   space 7680K, 0% used [0x00000000e8580000,0x00000000e8580000,0x00000000e8d00000)
 ParOldGen       total 36352K, used 9400K [0x00000000a0000000, 0x00000000a2380000, 0x00000000e0000000)
  object space 36352K, 25% used [0x00000000a0000000,0x00000000a092e1b0,0x00000000a2380000)
 Metaspace       used 25954K, capacity 26566K, committed 26880K, reserved 1073152K
  class space    used 3621K, capacity 3776K, committed 3840K, reserved 1048576K
Event: 11.846 GC heap after
Heap after GC invocations=9 (full 1):
 PSYoungGen      total 108032K, used 6543K [0x00000000e0000000, 0x00000000e8c00000, 0x0000000100000000)
  eden space 101376K, 0% used [0x00000000e0000000,0x00000000e0000000,0x00000000e6300000)
  from space 6656K, 98% used [0x00000000e8580000,0x00000000e8be3d90,0x00000000e8c00000)
  to   space 8192K, 0% used [0x00000000e7c00000,0x00000000e7c00000,0x00000000e8400000)
 ParOldGen       total 36352K, used 9408K [0x00000000a0000000, 0x00000000a2380000, 0x00000000e0000000)
  object space 36352K, 25% used [0x00000000a0000000,0x00000000a09301b0,0x00000000a2380000)
 Metaspace       used 25954K, capacity 26566K, committed 26880K, reserved 1073152K
  class space    used 3621K, capacity 3776K, committed 3840K, reserved 1048576K
}
Event: 18.126 GC heap before
{Heap before GC invocations=10 (full 1):
 PSYoungGen      total 108032K, used 107919K [0x00000000e0000000, 0x00000000e8c00000, 0x0000000100000000)
  eden space 101376K, 100% used [0x00000000e0000000,0x00000000e6300000,0x00000000e6300000)
  from space 6656K, 98% used [0x00000000e8580000,0x00000000e8be3d90,0x00000000e8c00000)
  to   space 8192K, 0% used [0x00000000e7c00000,0x00000000e7c00000,0x00000000e8400000)
 ParOldGen       total 36352K, used 9408K [0x00000000a0000000, 0x00000000a2380000, 0x00000000e0000000)
  object space 36352K, 25% used [0x00000000a0000000,0x00000000a09301b0,0x00000000a2380000)
 Metaspace       used 34595K, capacity 35370K, committed 35416K, reserved 1079296K
  class space    used 4834K, capacity 5094K, committed 5120K, reserved 1048576K
Event: 18.180 GC heap after
Heap after GC invocations=10 (full 1):
 PSYoungGen      total 135168K, used 8163K [0x00000000e0000000, 0x00000000e9a80000, 0x0000000100000000)
  eden space 126976K, 0% used [0x00000000e0000000,0x00000000e0000000,0x00000000e7c00000)
  from space 8192K, 99% used [0x00000000e7c00000,0x00000000e83f8e48,0x00000000e8400000)
  to   space 11776K, 0% used [0x00000000e8f00000,0x00000000e8f00000,0x00000000e9a80000)
 ParOldGen       total 36352K, used 15667K [0x00000000a0000000, 0x00000000a2380000, 0x00000000e0000000)
  object space 36352K, 43% used [0x00000000a0000000,0x00000000a0f4cde0,0x00000000a2380000)
 Metaspace       used 34595K, capacity 35370K, committed 35416K, reserved 1079296K
  class space    used 4834K, capacity 5094K, committed 5120K, reserved 1048576K
}
Event: 18.181 GC heap before
{Heap before GC invocations=11 (full 2):
 PSYoungGen      total 135168K, used 8163K [0x00000000e0000000, 0x00000000e9a80000, 0x0000000100000000)
  eden space 126976K, 0% used [0x00000000e0000000,0x00000000e0000000,0x00000000e7c00000)
  from space 8192K, 99% used [0x00000000e7c00000,0x00000000e83f8e48,0x00000000e8400000)
  to   space 11776K, 0% used [0x00000000e8f00000,0x00000000e8f00000,0x00000000e9a80000)
 ParOldGen       total 36352K, used 15667K [0x00000000a0000000, 0x00000000a2380000, 0x00000000e0000000)
  object space 36352K, 43% used [0x00000000a0000000,0x00000000a0f4cde0,0x00000000a2380000)
 Metaspace       used 34595K, capacity 35370K, committed 35416K, reserved 1079296K
  class space    used 4834K, capacity 5094K, committed 5120K, reserved 1048576K
Event: 18.455 GC heap after
Heap after GC invocations=11 (full 2):
 PSYoungGen      total 135168K, used 0K [0x00000000e0000000, 0x00000000e9a80000, 0x0000000100000000)
  eden space 126976K, 0% used [0x00000000e0000000,0x00000000e0000000,0x00000000e7c00000)
  from space 8192K, 0% used [0x00000000e7c00000,0x00000000e7c00000,0x00000000e8400000)
  to   space 11776K, 0% used [0x00000000e8f00000,0x00000000e8f00000,0x00000000e9a80000)
 ParOldGen       total 64000K, used 20925K [0x00000000a0000000, 0x00000000a3e80000, 0x00000000e0000000)
  object space 64000K, 32% used [0x00000000a0000000,0x00000000a146f5f8,0x00000000a3e80000)
 Metaspace       used 34595K, capacity 35370K, committed 35416K, reserved 1079296K
  class space    used 4834K, capacity 5094K, committed 5120K, reserved 1048576K
}
Event: 23.141 GC heap before
{Heap before GC invocations=12 (full 2):
 PSYoungGen      total 135168K, used 126976K [0x00000000e0000000, 0x00000000e9a80000, 0x0000000100000000)
  eden space 126976K, 100% used [0x00000000e0000000,0x00000000e7c00000,0x00000000e7c00000)
  from space 8192K, 0% used [0x00000000e7c00000,0x00000000e7c00000,0x00000000e8400000)
  to   space 11776K, 0% used [0x00000000e8f00000,0x00000000e8f00000,0x00000000e9a80000)
 ParOldGen       total 64000K, used 20925K [0x00000000a0000000, 0x00000000a3e80000, 0x00000000e0000000)
  object space 64000K, 32% used [0x00000000a0000000,0x00000000a146f5f8,0x00000000a3e80000)
 Metaspace       used 43655K, capacity 44756K, committed 45056K, reserved 1087488K
  class space    used 6018K, capacity 6338K, committed 6400K, reserved 1048576K
Event: 23.189 GC heap after
Heap after GC invocations=12 (full 2):
 PSYoungGen      total 138752K, used 11745K [0x00000000e0000000, 0x00000000e9a80000, 0x0000000100000000)
  eden space 126976K, 0% used [0x00000000e0000000,0x00000000e0000000,0x00000000e7c00000)
  from space 11776K, 99% used [0x00000000e8f00000,0x00000000e9a78460,0x00000000e9a80000)
  to   space 8192K, 0% used [0x00000000e7c00000,0x00000000e7c00000,0x00000000e8400000)
 ParOldGen       total 64000K, used 23567K [0x00000000a0000000, 0x00000000a3e80000, 0x00000000e0000000)
  object space 64000K, 36% used [0x00000000a0000000,0x00000000a1703fb0,0x00000000a3e80000)
 Metaspace       used 43655K, capacity 44756K, committed 45056K, reserved 1087488K
  class space    used 6018K, capacity 6338K, committed 6400K, reserved 1048576K
}
Event: 30.266 GC heap before
{Heap before GC invocations=13 (full 2):
 PSYoungGen      total 138752K, used 138721K [0x00000000e0000000, 0x00000000e9a80000, 0x0000000100000000)
  eden space 126976K, 100% used [0x00000000e0000000,0x00000000e7c00000,0x00000000e7c00000)
  from space 11776K, 99% used [0x00000000e8f00000,0x00000000e9a78460,0x00000000e9a80000)
  to   space 8192K, 0% used [0x00000000e7c00000,0x00000000e7c00000,0x00000000e8400000)
 ParOldGen       total 64000K, used 23567K [0x00000000a0000000, 0x00000000a3e80000, 0x00000000e0000000)
  object space 64000K, 36% used [0x00000000a0000000,0x00000000a1703fb0,0x00000000a3e80000)
 Metaspace       used 53763K, capacity 55478K, committed 55808K, reserved 1097728K
  class space    used 7427K, capacity 7848K, committed 7936K, reserved 1048576K
Event: 30.379 GC heap after
Heap after GC invocations=13 (full 2):
 PSYoungGen      total 135168K, used 8178K [0x00000000e0000000, 0x00000000e9a80000, 0x0000000100000000)
  eden space 126976K, 0% used [0x00000000e0000000,0x00000000e0000000,0x00000000e7c00000)
  from space 8192K, 99% used [0x00000000e7c00000,0x00000000e83fca20,0x00000000e8400000)
  to   space 11776K, 0% used [0x00000000e8f00000,0x00000000e8f00000,0x00000000e9a80000)
 ParOldGen       total 64000K, used 35631K [0x00000000a0000000, 0x00000000a3e80000, 0x00000000e0000000)
  object space 64000K, 55% used [0x00000000a0000000,0x00000000a22cbe20,0x00000000a3e80000)
 Metaspace       used 53763K, capacity 55478K, committed 55808K, reserved 1097728K
  class space    used 7427K, capacity 7848K, committed 7936K, reserved 1048576K
}

Deoptimization events (10 events):
Event: 28.972 Thread 0x0000000017e0d000 Uncommon trap: reason=class_check action=maybe_recompile pc=0x0000000002e97528 method=java.util.regex.Matcher.search(I)Z @ 86
Event: 28.973 Thread 0x0000000017e0d000 Uncommon trap: reason=class_check action=maybe_recompile pc=0x0000000002e97528 method=java.util.regex.Matcher.search(I)Z @ 86
Event: 29.141 Thread 0x0000000017e0d000 Uncommon trap: reason=unstable_if action=reinterpret pc=0x0000000002b16050 method=java.lang.AbstractStringBuilder.append(I)Ljava/lang/AbstractStringBuilder; @ 16
Event: 29.233 Thread 0x0000000017e0d000 Uncommon trap: reason=class_check action=maybe_recompile pc=0x0000000002662fc0 method=java.lang.Throwable.<init>(Ljava/lang/String;Ljava/lang/Throwable;)V @ 24
Event: 29.233 Thread 0x0000000017e0d000 Uncommon trap: reason=class_check action=maybe_recompile pc=0x0000000002662fc0 method=java.lang.Throwable.<init>(Ljava/lang/String;Ljava/lang/Throwable;)V @ 24
Event: 29.235 Thread 0x0000000017e0d000 Uncommon trap: reason=class_check action=maybe_recompile pc=0x0000000002662fc0 method=java.lang.Throwable.<init>(Ljava/lang/String;Ljava/lang/Throwable;)V @ 24
Event: 29.247 Thread 0x0000000017e0d000 Uncommon trap: reason=class_check action=maybe_recompile pc=0x0000000002662fc0 method=java.lang.Throwable.<init>(Ljava/lang/String;Ljava/lang/Throwable;)V @ 24
Event: 30.087 Thread 0x0000000017e0d000 Uncommon trap: reason=unstable_if action=reinterpret pc=0x0000000002a12fc4 method=com.esotericsoftware.kryo.io.Input.readUtf8(I)V @ 79
Event: 30.478 Thread 0x0000000017e0d000 Uncommon trap: reason=unstable_if action=reinterpret pc=0x0000000002acf708 method=groovy.lang.MetaClassImpl.checkIfStdMethod(Lgroovy/lang/MetaMethod;)V @ 55
Event: 30.478 Thread 0x0000000017e0d000 Uncommon trap: reason=unstable_if action=reinterpret pc=0x0000000002b39248 method=groovy.lang.MetaClassImpl.checkIfStdMethod(Lgroovy/lang/MetaMethod;)V @ 55

Classes redefined (0 events):
No events

Internal exceptions (10 events):
Event: 29.164 Thread 0x0000000017e0d000 Exception <a 'java/lang/ClassNotFoundException': org/jetbrains/plugins/gradle/tooling/util/SourceSetCachedFinderBeanInfo> (0x00000000e7077218) thrown at [D:\src\AOSP-openjdk-cygwin\jdk8u\hotspot\src\share\vm\classfile\systemDictionary.cpp, line 210]
Event: 29.165 Thread 0x0000000017e0d000 Exception <a 'java/lang/ClassNotFoundException': org/jetbrains/plugins/gradle/tooling/util/SourceSetCachedFinderCustomizer> (0x00000000e7087810) thrown at [D:\src\AOSP-openjdk-cygwin\jdk8u\hotspot\src\share\vm\classfile\systemDictionary.cpp, line 210]
Event: 29.179 Thread 0x0000000017e0d000 Exception <a 'java/lang/ClassNotFoundException': groovy/lang/GString$1BeanInfo> (0x00000000e70c6b30) thrown at [D:\src\AOSP-openjdk-cygwin\jdk8u\hotspot\src\share\vm\classfile\systemDictionary.cpp, line 210]
Event: 29.180 Thread 0x0000000017e0d000 Exception <a 'java/lang/ClassNotFoundException': groovy/lang/GStringBeanInfo> (0x00000000e70d46d0) thrown at [D:\src\AOSP-openjdk-cygwin\jdk8u\hotspot\src\share\vm\classfile\systemDictionary.cpp, line 210]
Event: 29.180 Thread 0x0000000017e0d000 Exception <a 'java/lang/ClassNotFoundException': groovy/lang/GStringCustomizer> (0x00000000e70e2348) thrown at [D:\src\AOSP-openjdk-cygwin\jdk8u\hotspot\src\share\vm\classfile\systemDictionary.cpp, line 210]
Event: 29.182 Thread 0x0000000017e0d000 Exception <a 'java/lang/ClassNotFoundException': groovy/lang/GString$1Customizer> (0x00000000e70fbbb8) thrown at [D:\src\AOSP-openjdk-cygwin\jdk8u\hotspot\src\share\vm\classfile\systemDictionary.cpp, line 210]
Event: 29.186 Thread 0x0000000017e0d000 Exception <a 'java/lang/ClassNotFoundException': org/codehaus/groovy/runtime/GStringImplBeanInfo> (0x00000000e71354b0) thrown at [D:\src\AOSP-openjdk-cygwin\jdk8u\hotspot\src\share\vm\classfile\systemDictionary.cpp, line 210]
Event: 29.186 Thread 0x0000000017e0d000 Exception <a 'java/lang/ClassNotFoundException': org/codehaus/groovy/runtime/GStringImplCustomizer> (0x00000000e7146c90) thrown at [D:\src\AOSP-openjdk-cygwin\jdk8u\hotspot\src\share\vm\classfile\systemDictionary.cpp, line 210]
Event: 30.479 Thread 0x0000000017e0d000 Exception <a 'java/lang/ClassNotFoundException': org/gradle/api/internal/plugins/DefaultConventionBeanInfo> (0x00000000e034cc80) thrown at [D:\src\AOSP-openjdk-cygwin\jdk8u\hotspot\src\share\vm\classfile\systemDictionary.cpp, line 210]
Event: 30.479 Thread 0x0000000017e0d000 Exception <a 'java/lang/ClassNotFoundException': org/gradle/api/internal/plugins/DefaultConventionCustomizer> (0x00000000e0361a98) thrown at [D:\src\AOSP-openjdk-cygwin\jdk8u\hotspot\src\share\vm\classfile\systemDictionary.cpp, line 210]

Events (10 events):
Event: 30.479 loading class org/gradle/api/internal/plugins/DefaultConventionBeanInfo
Event: 30.479 loading class org/gradle/api/internal/plugins/DefaultConventionBeanInfo done
Event: 30.479 loading class org/gradle/api/internal/plugins/DefaultConventionBeanInfo
Event: 30.479 loading class org/gradle/api/internal/plugins/DefaultConventionBeanInfo done
Event: 30.479 loading class org/gradle/api/internal/plugins/DefaultConventionCustomizer
Event: 30.479 loading class org/gradle/api/internal/plugins/DefaultConventionCustomizer done
Event: 30.479 loading class org/gradle/api/internal/plugins/DefaultConventionCustomizer
Event: 30.479 loading class org/gradle/api/internal/plugins/DefaultConventionCustomizer done
Event: 30.479 loading class org/gradle/api/internal/plugins/DefaultConventionCustomizer
Event: 30.479 loading class org/gradle/api/internal/plugins/DefaultConventionCustomizer done


Dynamic libraries:
0x00007ff7cb9a0000 - 0x00007ff7cb9d1000 	D:\android\studio\jre\bin\java.exe
0x00007ff977060000 - 0x00007ff97720d000 	C:\Windows\SYSTEM32\ntdll.dll
0x00007ff974af0000 - 0x00007ff974c2f000 	C:\Windows\system32\KERNEL32.DLL
0x00007ff974540000 - 0x00007ff974656000 	C:\Windows\system32\KERNELBASE.dll
0x00007ff976f20000 - 0x00007ff976fca000 	C:\Windows\system32\ADVAPI32.dll
0x00007ff976350000 - 0x00007ff9764c7000 	C:\Windows\system32\USER32.dll
0x00007ff972280000 - 0x00007ff9724fb000 	C:\Windows\WinSxS\amd64_microsoft.windows.common-controls_6595b64144ccf1df_6.0.9600.19291_none_6248a9f3ecb5e89b\COMCTL32.dll
0x00007ff976990000 - 0x00007ff976a3a000 	C:\Windows\system32\msvcrt.dll
0x00007ff976590000 - 0x00007ff9765e9000 	C:\Windows\SYSTEM32\sechost.dll
0x00007ff9765f0000 - 0x00007ff976730000 	C:\Windows\system32\RPCRT4.dll
0x00007ff976a40000 - 0x00007ff976b8c000 	C:\Windows\system32\GDI32.dll
0x00007ff9746c0000 - 0x00007ff9746ee000 	C:\Windows\system32\SspiCli.dll
0x00007ff9768f0000 - 0x00007ff976926000 	C:\Windows\system32\IMM32.DLL
0x00007ff976dc0000 - 0x00007ff976f11000 	C:\Windows\system32\MSCTF.dll
0x000000005d0c0000 - 0x000000005d192000 	D:\android\studio\jre\jre\bin\msvcr100.dll
0x000000005d4d0000 - 0x000000005dd11000 	D:\android\studio\jre\jre\bin\server\jvm.dll
0x00007ff96e490000 - 0x00007ff96e499000 	C:\Windows\SYSTEM32\WSOCK32.dll
0x00007ff971a60000 - 0x00007ff971a82000 	C:\Windows\SYSTEM32\WINMM.dll
0x00007ff9721c0000 - 0x00007ff9721ca000 	C:\Windows\SYSTEM32\VERSION.dll
0x00007ff976fd0000 - 0x00007ff976fd7000 	C:\Windows\system32\PSAPI.DLL
0x00007ff976930000 - 0x00007ff97698a000 	C:\Windows\system32\WS2_32.dll
0x00007ff971a20000 - 0x00007ff971a4a000 	C:\Windows\SYSTEM32\WINMMBASE.dll
0x00007ff977050000 - 0x00007ff977059000 	C:\Windows\system32\NSI.dll
0x00007ff974260000 - 0x00007ff9742af000 	C:\Windows\SYSTEM32\cfgmgr32.dll
0x00007ff972fa0000 - 0x00007ff972fc8000 	C:\Windows\SYSTEM32\DEVOBJ.dll
0x00007ff96e320000 - 0x00007ff96e32f000 	D:\android\studio\jre\jre\bin\verify.dll
0x00007ff96bf40000 - 0x00007ff96bf69000 	D:\android\studio\jre\jre\bin\java.dll
0x00007ff96e300000 - 0x00007ff96e316000 	D:\android\studio\jre\jre\bin\zip.dll
0x00007ff974e20000 - 0x00007ff97634b000 	C:\Windows\system32\SHELL32.dll
0x00007ff976ba0000 - 0x00007ff976db0000 	C:\Windows\SYSTEM32\combase.dll
0x00007ff974890000 - 0x00007ff9748e4000 	C:\Windows\system32\SHLWAPI.dll
0x00007ff9729b0000 - 0x00007ff972a62000 	C:\Windows\SYSTEM32\SHCORE.dll
0x00007ff974190000 - 0x00007ff9741a5000 	C:\Windows\SYSTEM32\profapi.dll
0x00007ff9667a0000 - 0x00007ff9667ba000 	D:\android\studio\jre\jre\bin\net.dll
0x00007ff9739c0000 - 0x00007ff973a19000 	C:\Windows\system32\mswsock.dll
0x00007ff966780000 - 0x00007ff966791000 	D:\android\studio\jre\jre\bin\nio.dll
0x00007ff9614b0000 - 0x00007ff9614ce000 	C:\Users\samsung\.gradle\native\25\windows-amd64\native-platform.dll
0x00007ff96b950000 - 0x00007ff96b95d000 	D:\android\studio\jre\jre\bin\management.dll
0x00007ff973a20000 - 0x00007ff973a40000 	C:\Windows\SYSTEM32\CRYPTSP.dll
0x00007ff973640000 - 0x00007ff973676000 	C:\Windows\system32\rsaenh.dll
0x00007ff973cd0000 - 0x00007ff973cf6000 	C:\Windows\SYSTEM32\bcrypt.dll
0x00007ff973750000 - 0x00007ff973771000 	C:\Windows\SYSTEM32\USERENV.dll
0x00007ff973ff0000 - 0x00007ff974053000 	C:\Windows\system32\bcryptprimitives.dll
0x00007ff974060000 - 0x00007ff97406b000 	C:\Windows\SYSTEM32\CRYPTBASE.dll
0x00007ff96e120000 - 0x00007ff96e14a000 	C:\Windows\SYSTEM32\IPHLPAPI.DLL
0x00007ff96e0b0000 - 0x00007ff96e0ba000 	C:\Windows\SYSTEM32\WINNSI.DLL
0x00007ff96d310000 - 0x00007ff96d326000 	C:\Windows\SYSTEM32\dhcpcsvc6.DLL
0x00007ff96d6a0000 - 0x00007ff96d6ba000 	C:\Windows\SYSTEM32\dhcpcsvc.DLL

VM Arguments:
jvm_args: -Xmx1536m -Dfile.encoding=GBK -Duser.country=CN -Duser.language=zh -Duser.variant 
java_command: org.gradle.launcher.daemon.bootstrap.GradleDaemon 4.4
java_class_path (initial): C:\Users\samsung\.gradle\wrapper\dists\gradle-4.4-all\9br9xq1tocpiv8o6njlyu5op1\gradle-4.4\lib\gradle-launcher-4.4.jar
Launcher Type: SUN_STANDARD

Environment Variables:
JAVA_HOME=D:\Program Files\Java\jdk-11.0.2
CLASSPATH=.D:\Program Files\Java\jdk-11.0.2bin;D:\Program Files\Java\jdk-11.0.2\jre\bin;
PATH=C:\Program Files\Microsoft MPI\Bin\;C:\PROGRA~2\Bin;C:\PROGRA~2\Projects\Bpl;C:\PROGRA~2\Borland\CBUILD~1\Bin;C:\PROGRA~2\Borland\CBUILD~1\Projects\Bpl;C:\Program Files\Java\jre1.8.0_171\binC:\Program Files (x86)\Common Files\Oracle\Java\javapath;C:\Program Files (x86)\Intel\iCLS Client\;C:\Program Files\Intel\iCLS Client\;C:\Program Files (x86)\NVIDIA Corporation\PhysX\Common;C:\Windows\system32;C:\Windows;C:\Windows\System32\Wbem;C:\Windows\System32\WindowsPowerShell\v1.0\;C:\Program Files\Intel\Intel(R) Management Engine Components\DAL;C:\Program Files\Intel\Intel(R) Management Engine Components\IPT;C:\Program Files (x86)\Intel\Intel(R) Management Engine Components\DAL;C:\Program Files (x86)\Intel\Intel(R) Management Engine Components\IPT;C:\Program Files\dotnet\;C:\Program Files\Java\jdk1.8.0_171\bin;C:\Program Files (x86)\MySQL\MySQL Utilities 1.6\;C:\Program Files (x86)\Microsoft SQL Server\140\Tools\Binn\;C:\Program Files\Microsoft SQL Server\140\Tools\Binn\;C:\Program Files\Microsoft SQL Server\140\DTS\Binn\;C:\Program Files\Microsoft SQL Server\Client SDK\ODBC\130\Tools\Binn\;D:\Program Files (x86)\Dev-Cpp\MinGW64\bin;E:\Python27;E:\python-3.5.1-embed-adm64;D:\Program Files\Java\jdk-11.0.2\bin;E:\OpenCV4.0\opencv\build\x64\vc15\bin;D:\Program Files (x86)\;D:\android\sdk;D:\android\sdk\platform-tools;E:\Scripts\;E:\;D:\Tools\WinNT;D:\MSDev98\Bin;D:\Tools;c:\bin;C:\modeltech64_10.4\win64;D:\Program Files (x86)\modelsim\win64;D:\Program Files (x86)\win64;E:\OpenCV4.0\opencv\build\x64\vc15\bin;C:\Users\samsung\AppData\Roaming\npm
USERNAME=samsung
OS=Windows_NT
PROCESSOR_IDENTIFIER=Intel64 Family 6 Model 69 Stepping 1, GenuineIntel



---------------  S Y S T E M  ---------------

OS: Windows 8.1 , 64 bit Build 9600 (6.3.9600.19326)

CPU:total 2 (initial active 2) (2 cores per cpu, 1 threads per core) family 6 model 69 stepping 1, cmov, cx8, fxsr, mmx, sse, sse2, sse3, ssse3, sse4.1, sse4.2, popcnt, clmul, erms, lzcnt, tsc, tscinvbit

Memory: 4k page, physical 4106872k(541284k free), swap 7252604k(6624k free)

vm_info: OpenJDK 64-Bit Server VM (25.152-b01) for windows-amd64 JRE (1.8.0_152-release-1343-b01), built by "builder" with MS VC++ 10.0 (VS2010)

time: Fri Jul 12 10:38:45 2019
elapsed time: 30 seconds (0d 0h 0m 30s)

