#
# There is insufficient memory for the Java Runtime Environment to continue.
# Native memory allocation (malloc) failed to allocate 1672960 bytes for Chunk::new
# Possible reasons:
#   The system is out of physical RAM or swap space
#   In 32 bit mode, the process size limit was hit
# Possible solutions:
#   Reduce memory load on the system
#   Increase physical memory or swap space
#   Check if swap backing store is full
#   Use 64 bit Java on a 64 bit OS
#   Decrease Java heap size (-Xmx/-Xms)
#   Decrease number of Java threads
#   Decrease Java thread stack sizes (-Xss)
#   Set larger code cache with -XX:ReservedCodeCacheSize=
# This output file may be truncated or incomplete.
#
#  Out of Memory Error (allocation.cpp:390), pid=11460, tid=0x00000000000019bc
#
# JRE version: OpenJDK Runtime Environment (8.0_152-b01) (build 1.8.0_152-release-1343-b01)
# Java VM: OpenJDK 64-Bit Server VM (25.152-b01 mixed mode windows-amd64 compressed oops)
# Failed to write core dump. Minidumps are not enabled by default on client versions of Windows
#

---------------  T H R E A D  ---------------

Current thread (0x0000000015e2a800):  JavaThread "C2 CompilerThread0" daemon [_thread_in_native, id=6588, stack(0x0000000016d50000,0x0000000016e50000)]

Stack: [0x0000000016d50000,0x0000000016e50000]
[error occurred during error reporting (printing stack bounds), id 0xc0000005]

Native frames: (J=compiled Java code, j=interpreted, Vv=VM code, C=native code)


Current CompileTask:
C2:  28185 5315       4       sun.reflect.generics.parser.SignatureParser::parseFieldTypeSignature (73 bytes)


---------------  P R O C E S S  ---------------

Java Threads: ( => current thread )
  0x000000001b4b8800 JavaThread "Memory manager" [_thread_blocked, id=10716, stack(0x000000001e340000,0x000000001e440000)]
  0x000000001b4ba000 JavaThread "build operations Thread 2" [_thread_blocked, id=12680, stack(0x000000001de40000,0x000000001df40000)]
  0x000000001b4b9000 JavaThread "build operations" [_thread_blocked, id=3688, stack(0x000000001dd40000,0x000000001de40000)]
  0x000000001b4b5800 JavaThread "Cache worker for Artifact transforms cache (C:\Users\samsung\.gradle\caches\transforms-1)" [_thread_blocked, id=11992, stack(0x000000001c670000,0x000000001c770000)]
  0x0000000019e75800 JavaThread "Cache worker for file hash cache (D:\OrderListLogic\.gradle\4.4\fileHashes)" [_thread_blocked, id=8080, stack(0x000000001acf0000,0x000000001adf0000)]
  0x00000000185ec000 JavaThread "File lock request listener" [_thread_in_native, id=11368, stack(0x0000000019c20000,0x0000000019d20000)]
  0x00000000183d0800 JavaThread "Cache worker for file hash cache (C:\Users\samsung\.gradle\caches\4.4\fileHashes)" [_thread_blocked, id=11644, stack(0x0000000019b20000,0x0000000019c20000)]
  0x0000000017862800 JavaThread "Stdin handler" [_thread_blocked, id=13004, stack(0x0000000019820000,0x0000000019920000)]
  0x0000000017860000 JavaThread "Asynchronous log dispatcher for DefaultDaemonConnection: socket connection from /127.0.0.1:59890 to /127.0.0.1:59892" [_thread_blocked, id=13260, stack(0x0000000019720000,0x0000000019820000)]
  0x000000001785f800 JavaThread "Daemon worker" [_thread_in_Java, id=11536, stack(0x0000000019620000,0x0000000019720000)]
  0x000000001787b800 JavaThread "Cancel handler" [_thread_blocked, id=1324, stack(0x0000000019520000,0x0000000019620000)]
  0x0000000017a4f800 JavaThread "Handler for socket connection from /127.0.0.1:59890 to /127.0.0.1:59892" [_thread_in_native, id=12768, stack(0x0000000019220000,0x0000000019320000)]
  0x0000000017a4e000 JavaThread "Daemon" [_thread_blocked, id=2956, stack(0x0000000019120000,0x0000000019220000)]
  0x000000001817e000 JavaThread "Daemon periodic checks" [_thread_blocked, id=5384, stack(0x0000000019020000,0x0000000019120000)]
  0x000000001840e000 JavaThread "Incoming local TCP Connector on port 59890" [_thread_in_native, id=3356, stack(0x0000000018f20000,0x0000000019020000)]
  0x0000000015ebe800 JavaThread "Service Thread" daemon [_thread_blocked, id=3164, stack(0x0000000017350000,0x0000000017450000)]
  0x0000000016e58800 JavaThread "C1 CompilerThread1" daemon [_thread_in_native, id=8156, stack(0x0000000017250000,0x0000000017350000)]
=>0x0000000015e2a800 JavaThread "C2 CompilerThread0" daemon [_thread_in_native, id=6588, stack(0x0000000016d50000,0x0000000016e50000)]
  0x0000000015e80800 JavaThread "Attach Listener" daemon [_thread_blocked, id=12084, stack(0x0000000016c50000,0x0000000016d50000)]
  0x0000000015e7f800 JavaThread "Signal Dispatcher" daemon [_thread_blocked, id=11552, stack(0x0000000016b50000,0x0000000016c50000)]
  0x00000000026e6000 JavaThread "Finalizer" daemon [_thread_blocked, id=7104, stack(0x0000000016a50000,0x0000000016b50000)]
  0x00000000026de000 JavaThread "Reference Handler" daemon [_thread_blocked, id=9332, stack(0x0000000016950000,0x0000000016a50000)]
  0x000000000212e000 JavaThread "main" [_thread_blocked, id=13068, stack(0x00000000024f0000,0x00000000025f0000)]

Other Threads:
  0x0000000015de5000 VMThread [stack: 0x0000000016850000,0x0000000016950000] [id=8040]
  0x0000000016e7d800 WatcherThread [stack: 0x0000000017450000,0x0000000017550000] [id=10496]

VM state:not at safepoint (normal execution)

VM Mutex/Monitor currently owned by a thread: None

Heap:
 PSYoungGen      total 130048K, used 40517K [0x00000000e0000000, 0x00000000ea580000, 0x0000000100000000)
  eden space 119808K, 25% used [0x00000000e0000000,0x00000000e1d97138,0x00000000e7500000)
  from space 10240K, 99% used [0x00000000e7500000,0x00000000e7efa358,0x00000000e7f00000)
  to   space 14336K, 0% used [0x00000000e9780000,0x00000000e9780000,0x00000000ea580000)
 ParOldGen       total 56320K, used 26099K [0x00000000a0000000, 0x00000000a3700000, 0x00000000e0000000)
  object space 56320K, 46% used [0x00000000a0000000,0x00000000a197ce70,0x00000000a3700000)
 Metaspace       used 52952K, capacity 54654K, committed 54912K, reserved 1095680K
  class space    used 7304K, capacity 7748K, committed 7808K, reserved 1048576K

Card table byte_map: [0x0000000011ab0000,0x0000000011dc0000] byte_map_base: 0x00000000115b0000

Marking Bits: (ParMarkBitMap*) 0x000000005dc95aa0
 Begin Bits: [0x00000000121c0000, 0x00000000139c0000)
 End Bits:   [0x00000000139c0000, 0x00000000151c0000)

Polling page: 0x00000000007b0000

CodeCache: size=245760Kb used=16532Kb max_used=16532Kb free=229227Kb
 bounds [0x00000000026f0000, 0x0000000003720000, 0x00000000116f0000]
 total_blobs=5825 nmethods=5073 adapters=666
 compilation: enabled

Compilation events (10 events):
Event: 28.178 Thread 0x0000000016e58800 5415       2       org.gradle.api.internal.project.taskfactory.AbstractOutputPropertyAnnotationHandler$1::update (43 bytes)
Event: 28.178 Thread 0x0000000016e58800 nmethod 5415 0x000000000371e1d0 code [0x000000000371e360, 0x000000000371e5c8]
Event: 28.178 Thread 0x0000000016e58800 5416       2       org.gradle.api.internal.tasks.AbstractTaskOutputPropertySpec::<init> (5 bytes)
Event: 28.179 Thread 0x0000000016e58800 nmethod 5416 0x000000000371e750 code [0x000000000371e8a0, 0x000000000371e9f0]
Event: 28.179 Thread 0x0000000016e58800 5417       2       org.gradle.api.internal.tasks.DefaultTaskOutputs::addSpec (13 bytes)
Event: 28.179 Thread 0x0000000016e58800 nmethod 5417 0x000000000371ea90 code [0x000000000371ec00, 0x000000000371ed88]
Event: 28.179 Thread 0x0000000016e58800 5418       2       org.gradle.api.internal.tasks.AbstractTaskOutputPropertySpec::withPropertyName (10 bytes)
Event: 28.179 Thread 0x0000000016e58800 nmethod 5418 0x000000000371ee10 code [0x000000000371ef80, 0x000000000371f128]
Event: 28.179 Thread 0x0000000016e58800 5419       2       org.gradle.api.internal.tasks.AbstractTaskOutputPropertySpec::optional (7 bytes)
Event: 28.179 Thread 0x0000000016e58800 nmethod 5419 0x000000000371f1d0 code [0x000000000371f320, 0x000000000371f470]

GC Heap History (10 events):
Event: 16.738 GC heap before
{Heap before GC invocations=11 (full 1):
 PSYoungGen      total 72192K, used 72153K [0x00000000e0000000, 0x00000000e6780000, 0x0000000100000000)
  eden space 65536K, 100% used [0x00000000e0000000,0x00000000e4000000,0x00000000e4000000)
  from space 6656K, 99% used [0x00000000e4000000,0x00000000e4676720,0x00000000e4680000)
  to   space 7680K, 0% used [0x00000000e6000000,0x00000000e6000000,0x00000000e6780000)
 ParOldGen       total 35328K, used 10931K [0x00000000a0000000, 0x00000000a2280000, 0x00000000e0000000)
  object space 35328K, 30% used [0x00000000a0000000,0x00000000a0aacf00,0x00000000a2280000)
 Metaspace       used 30320K, capacity 30966K, committed 31104K, reserved 1075200K
  class space    used 4259K, capacity 4452K, committed 4480K, reserved 1048576K
Event: 16.786 GC heap after
Heap after GC invocations=11 (full 1):
 PSYoungGen      total 96768K, used 7672K [0x00000000e0000000, 0x00000000e6a00000, 0x0000000100000000)
  eden space 89088K, 0% used [0x00000000e0000000,0x00000000e0000000,0x00000000e5700000)
  from space 7680K, 99% used [0x00000000e6000000,0x00000000e677e268,0x00000000e6780000)
  to   space 9216K, 0% used [0x00000000e5700000,0x00000000e5700000,0x00000000e6000000)
 ParOldGen       total 35328K, used 13339K [0x00000000a0000000, 0x00000000a2280000, 0x00000000e0000000)
  object space 35328K, 37% used [0x00000000a0000000,0x00000000a0d06e48,0x00000000a2280000)
 Metaspace       used 30320K, capacity 30966K, committed 31104K, reserved 1075200K
  class space    used 4259K, capacity 4452K, committed 4480K, reserved 1048576K
}
Event: 19.075 GC heap before
{Heap before GC invocations=12 (full 1):
 PSYoungGen      total 96768K, used 42454K [0x00000000e0000000, 0x00000000e6a00000, 0x0000000100000000)
  eden space 89088K, 39% used [0x00000000e0000000,0x00000000e21f7770,0x00000000e5700000)
  from space 7680K, 99% used [0x00000000e6000000,0x00000000e677e268,0x00000000e6780000)
  to   space 9216K, 0% used [0x00000000e5700000,0x00000000e5700000,0x00000000e6000000)
 ParOldGen       total 35328K, used 13339K [0x00000000a0000000, 0x00000000a2280000, 0x00000000e0000000)
  object space 35328K, 37% used [0x00000000a0000000,0x00000000a0d06e48,0x00000000a2280000)
 Metaspace       used 34612K, capacity 35370K, committed 35416K, reserved 1079296K
  class space    used 4833K, capacity 5094K, committed 5120K, reserved 1048576K
Event: 19.123 GC heap after
Heap after GC invocations=12 (full 1):
 PSYoungGen      total 98304K, used 4457K [0x00000000e0000000, 0x00000000e8900000, 0x0000000100000000)
  eden space 89088K, 0% used [0x00000000e0000000,0x00000000e0000000,0x00000000e5700000)
  from space 9216K, 48% used [0x00000000e5700000,0x00000000e5b5a470,0x00000000e6000000)
  to   space 9216K, 0% used [0x00000000e8000000,0x00000000e8000000,0x00000000e8900000)
 ParOldGen       total 35328K, used 19943K [0x00000000a0000000, 0x00000000a2280000, 0x00000000e0000000)
  object space 35328K, 56% used [0x00000000a0000000,0x00000000a1379dd8,0x00000000a2280000)
 Metaspace       used 34612K, capacity 35370K, committed 35416K, reserved 1079296K
  class space    used 4833K, capacity 5094K, committed 5120K, reserved 1048576K
}
Event: 19.123 GC heap before
{Heap before GC invocations=13 (full 2):
 PSYoungGen      total 98304K, used 4457K [0x00000000e0000000, 0x00000000e8900000, 0x0000000100000000)
  eden space 89088K, 0% used [0x00000000e0000000,0x00000000e0000000,0x00000000e5700000)
  from space 9216K, 48% used [0x00000000e5700000,0x00000000e5b5a470,0x00000000e6000000)
  to   space 9216K, 0% used [0x00000000e8000000,0x00000000e8000000,0x00000000e8900000)
 ParOldGen       total 35328K, used 19943K [0x00000000a0000000, 0x00000000a2280000, 0x00000000e0000000)
  object space 35328K, 56% used [0x00000000a0000000,0x00000000a1379dd8,0x00000000a2280000)
 Metaspace       used 34612K, capacity 35370K, committed 35416K, reserved 1079296K
  class space    used 4833K, capacity 5094K, committed 5120K, reserved 1048576K
Event: 19.378 GC heap after
Heap after GC invocations=13 (full 2):
 PSYoungGen      total 98304K, used 0K [0x00000000e0000000, 0x00000000e8900000, 0x0000000100000000)
  eden space 89088K, 0% used [0x00000000e0000000,0x00000000e0000000,0x00000000e5700000)
  from space 9216K, 0% used [0x00000000e5700000,0x00000000e5700000,0x00000000e6000000)
  to   space 9216K, 0% used [0x00000000e8000000,0x00000000e8000000,0x00000000e8900000)
 ParOldGen       total 56320K, used 17716K [0x00000000a0000000, 0x00000000a3700000, 0x00000000e0000000)
  object space 56320K, 31% used [0x00000000a0000000,0x00000000a114d080,0x00000000a3700000)
 Metaspace       used 34612K, capacity 35370K, committed 35416K, reserved 1079296K
  class space    used 4833K, capacity 5094K, committed 5120K, reserved 1048576K
}
Event: 22.023 GC heap before
{Heap before GC invocations=14 (full 2):
 PSYoungGen      total 98304K, used 89088K [0x00000000e0000000, 0x00000000e8900000, 0x0000000100000000)
  eden space 89088K, 100% used [0x00000000e0000000,0x00000000e5700000,0x00000000e5700000)
  from space 9216K, 0% used [0x00000000e5700000,0x00000000e5700000,0x00000000e6000000)
  to   space 9216K, 0% used [0x00000000e8000000,0x00000000e8000000,0x00000000e8900000)
 ParOldGen       total 56320K, used 17716K [0x00000000a0000000, 0x00000000a3700000, 0x00000000e0000000)
  object space 56320K, 31% used [0x00000000a0000000,0x00000000a114d080,0x00000000a3700000)
 Metaspace       used 40954K, capacity 41818K, committed 41984K, reserved 1085440K
  class space    used 5568K, capacity 5848K, committed 5888K, reserved 1048576K
Event: 22.047 GC heap after
Heap after GC invocations=14 (full 2):
 PSYoungGen      total 121856K, used 9213K [0x00000000e0000000, 0x00000000e8900000, 0x0000000100000000)
  eden space 112640K, 0% used [0x00000000e0000000,0x00000000e0000000,0x00000000e6e00000)
  from space 9216K, 99% used [0x00000000e8000000,0x00000000e88ff798,0x00000000e8900000)
  to   space 10240K, 0% used [0x00000000e7500000,0x00000000e7500000,0x00000000e7f00000)
 ParOldGen       total 56320K, used 18301K [0x00000000a0000000, 0x00000000a3700000, 0x00000000e0000000)
  object space 56320K, 32% used [0x00000000a0000000,0x00000000a11df640,0x00000000a3700000)
 Metaspace       used 40954K, capacity 41818K, committed 41984K, reserved 1085440K
  class space    used 5568K, capacity 5848K, committed 5888K, reserved 1048576K
}
Event: 27.108 GC heap before
{Heap before GC invocations=15 (full 2):
 PSYoungGen      total 121856K, used 121853K [0x00000000e0000000, 0x00000000e8900000, 0x0000000100000000)
  eden space 112640K, 100% used [0x00000000e0000000,0x00000000e6e00000,0x00000000e6e00000)
  from space 9216K, 99% used [0x00000000e8000000,0x00000000e88ff798,0x00000000e8900000)
  to   space 10240K, 0% used [0x00000000e7500000,0x00000000e7500000,0x00000000e7f00000)
 ParOldGen       total 56320K, used 18301K [0x00000000a0000000, 0x00000000a3700000, 0x00000000e0000000)
  object space 56320K, 32% used [0x00000000a0000000,0x00000000a11df640,0x00000000a3700000)
 Metaspace       used 51672K, capacity 53294K, committed 53376K, reserved 1095680K
  class space    used 7090K, capacity 7475K, committed 7552K, reserved 1048576K
Event: 27.174 GC heap after
Heap after GC invocations=15 (full 2):
 PSYoungGen      total 130048K, used 10216K [0x00000000e0000000, 0x00000000ea580000, 0x0000000100000000)
  eden space 119808K, 0% used [0x00000000e0000000,0x00000000e0000000,0x00000000e7500000)
  from space 10240K, 99% used [0x00000000e7500000,0x00000000e7efa358,0x00000000e7f00000)
  to   space 14336K, 0% used [0x00000000e9780000,0x00000000e9780000,0x00000000ea580000)
 ParOldGen       total 56320K, used 26099K [0x00000000a0000000, 0x00000000a3700000, 0x00000000e0000000)
  object space 56320K, 46% used [0x00000000a0000000,0x00000000a197ce70,0x00000000a3700000)
 Metaspace       used 51672K, capacity 53294K, committed 53376K, reserved 1095680K
  class space    used 7090K, capacity 7475K, committed 7552K, reserved 1048576K
}

Deoptimization events (10 events):
Event: 25.514 Thread 0x000000001785f800 Uncommon trap: reason=unstable_if action=reinterpret pc=0x0000000002e2bb74 method=java.lang.String.lastIndexOf([CII[CIII)I @ 118
Event: 25.527 Thread 0x000000001785f800 Uncommon trap: reason=unstable_if action=reinterpret pc=0x0000000002e50370 method=org.objectweb.asm.ByteVector.putUTF8(Ljava/lang/String;)Lorg/objectweb/asm/ByteVector; @ 91
Event: 25.665 Thread 0x000000001785f800 Uncommon trap: reason=unstable_if action=reinterpret pc=0x000000000349a0d0 method=java.io.WinNTFileSystem.normalizePrefix(Ljava/lang/String;ILjava/lang/StringBuffer;)I @ 62
Event: 25.891 Thread 0x000000001785f800 Uncommon trap: reason=unstable_if action=reinterpret pc=0x00000000035842a8 method=java.util.regex.Pattern$GroupTail.match(Ljava/util/regex/Matcher;ILjava/lang/CharSequence;)Z @ 73
Event: 25.891 Thread 0x000000001785f800 Uncommon trap: reason=unstable_if action=reinterpret pc=0x000000000348ed7c method=com.sun.org.apache.xerces.internal.impl.XMLEntityScanner.scanContent(Lcom/sun/org/apache/xerces/internal/xni/XMLString;)I @ 127
Event: 26.639 Thread 0x000000001785f800 Uncommon trap: reason=unstable_if action=reinterpret pc=0x0000000002e83404 method=org.objectweb.asm.Type.getArgumentsAndReturnSizes(Ljava/lang/String;)I @ 47
Event: 26.639 Thread 0x000000001785f800 Uncommon trap: reason=unstable_if action=reinterpret pc=0x00000000034f3340 method=org.objectweb.asm.Type.getArgumentsAndReturnSizes(Ljava/lang/String;)I @ 47
Event: 26.723 Thread 0x000000001785f800 Uncommon trap: reason=unstable_if action=reinterpret pc=0x000000000338babc method=java.util.TreeMap.put(Ljava/lang/Object;Ljava/lang/Object;)Ljava/lang/Object; @ 163
Event: 27.460 Thread 0x000000001785f800 Uncommon trap: reason=class_check action=maybe_recompile pc=0x0000000002af6800 method=org.gradle.internal.logging.text.AbstractLineChoppingStyledTextOutput$StateContext.flushLineText()V @ 110
Event: 27.460 Thread 0x000000001785f800 Uncommon trap: reason=class_check action=maybe_recompile pc=0x0000000002af6800 method=org.gradle.internal.logging.text.AbstractLineChoppingStyledTextOutput$StateContext.flushLineText()V @ 110

Classes redefined (0 events):
No events

Internal exceptions (10 events):
Event: 27.808 Thread 0x000000001785f800 Exception <a 'java/lang/ClassNotFoundException': org/jetbrains/plugins/gradle/model/ear/EarConfigurationBeanInfo> (0x00000000e0fb00c0) thrown at [D:\src\AOSP-openjdk-cygwin\jdk8u\hotspot\src\share\vm\classfile\systemDictionary.cpp, line 210]
Event: 27.808 Thread 0x000000001785f800 Exception <a 'java/lang/ClassNotFoundException': org/jetbrains/plugins/gradle/model/ear/EarConfigurationCustomizer> (0x00000000e0fbf630) thrown at [D:\src\AOSP-openjdk-cygwin\jdk8u\hotspot\src\share\vm\classfile\systemDictionary.cpp, line 210]
Event: 27.812 Thread 0x000000001785f800 Exception <a 'java/lang/ClassNotFoundException': org/jetbrains/plugins/gradle/model/scala/ScalaModelBeanInfo> (0x00000000e0ffad88) thrown at [D:\src\AOSP-openjdk-cygwin\jdk8u\hotspot\src\share\vm\classfile\systemDictionary.cpp, line 210]
Event: 27.813 Thread 0x000000001785f800 Exception <a 'java/lang/ClassNotFoundException': org/jetbrains/plugins/gradle/model/scala/ScalaModelCustomizer> (0x00000000e1009cc8) thrown at [D:\src\AOSP-openjdk-cygwin\jdk8u\hotspot\src\share\vm\classfile\systemDictionary.cpp, line 210]
Event: 27.830 Thread 0x000000001785f800 Exception <a 'java/lang/ClassNotFoundException': org/jetbrains/plugins/gradle/model/ExternalProjectBeanInfo> (0x00000000e1034230) thrown at [D:\src\AOSP-openjdk-cygwin\jdk8u\hotspot\src\share\vm\classfile\systemDictionary.cpp, line 210]
Event: 27.831 Thread 0x000000001785f800 Exception <a 'java/lang/ClassNotFoundException': org/jetbrains/plugins/gradle/model/ExternalProjectCustomizer> (0x00000000e1042e38) thrown at [D:\src\AOSP-openjdk-cygwin\jdk8u\hotspot\src\share\vm\classfile\systemDictionary.cpp, line 210]
Event: 27.834 Thread 0x000000001785f800 Exception <a 'java/lang/ClassNotFoundException': org/jetbrains/plugins/gradle/model/ExternalProjectPreviewBeanInfo> (0x00000000e1080ab0) thrown at [D:\src\AOSP-openjdk-cygwin\jdk8u\hotspot\src\share\vm\classfile\systemDictionary.cpp, line 210]
Event: 27.834 Thread 0x000000001785f800 Exception <a 'java/lang/ClassNotFoundException': org/jetbrains/plugins/gradle/model/ExternalProjectPreviewCustomizer> (0x00000000e1090848) thrown at [D:\src\AOSP-openjdk-cygwin\jdk8u\hotspot\src\share\vm\classfile\systemDictionary.cpp, line 210]
Event: 27.839 Thread 0x000000001785f800 Exception <a 'java/lang/ClassNotFoundException': org/jetbrains/plugins/gradle/model/IntelliJProjectSettingsBeanInfo> (0x00000000e10c1ab8) thrown at [D:\src\AOSP-openjdk-cygwin\jdk8u\hotspot\src\share\vm\classfile\systemDictionary.cpp, line 210]
Event: 27.839 Thread 0x000000001785f800 Exception <a 'java/lang/ClassNotFoundException': org/jetbrains/plugins/gradle/model/IntelliJProjectSettingsCustomizer> (0x00000000e10d1860) thrown at [D:\src\AOSP-openjdk-cygwin\jdk8u\hotspot\src\share\vm\classfile\systemDictionary.cpp, line 210]

Events (10 events):
Event: 28.098 loading class org/gradle/language/base/plugins/LifecycleBasePlugin$2$1
Event: 28.098 loading class org/gradle/language/base/plugins/LifecycleBasePlugin$2$1 done
Event: 28.140 loading class org/gradle/api/plugins/HelpTasksPlugin$Rules$1
Event: 28.140 loading class org/gradle/api/plugins/HelpTasksPlugin$Rules$1 done
Event: 28.166 loading class org/gradle/api/reporting/model/ModelReport$Format
Event: 28.166 loading class org/gradle/api/reporting/model/ModelReport$Format done
Event: 28.174 loading class org/gradle/internal/graph/GraphRenderer
Event: 28.174 loading class org/gradle/internal/graph/GraphRenderer done
Event: 28.182 loading class org/gradle/api/tasks/diagnostics/internal/PropertyReportRenderer
Event: 28.182 loading class org/gradle/api/tasks/diagnostics/internal/PropertyReportRenderer done


Dynamic libraries:
0x00007ff7cb9a0000 - 0x00007ff7cb9d1000 	D:\android\studio\jre\bin\java.exe
0x00007ff977060000 - 0x00007ff97720d000 	C:\Windows\SYSTEM32\ntdll.dll
0x00007ff974af0000 - 0x00007ff974c2f000 	C:\Windows\system32\KERNEL32.DLL
0x00007ff974540000 - 0x00007ff974656000 	C:\Windows\system32\KERNELBASE.dll
0x00007ff976f20000 - 0x00007ff976fca000 	C:\Windows\system32\ADVAPI32.dll
0x00007ff976350000 - 0x00007ff9764c7000 	C:\Windows\system32\USER32.dll
0x00007ff972280000 - 0x00007ff9724fb000 	C:\Windows\WinSxS\amd64_microsoft.windows.common-controls_6595b64144ccf1df_6.0.9600.19291_none_6248a9f3ecb5e89b\COMCTL32.dll
0x00007ff976990000 - 0x00007ff976a3a000 	C:\Windows\system32\msvcrt.dll
0x00007ff976590000 - 0x00007ff9765e9000 	C:\Windows\SYSTEM32\sechost.dll
0x00007ff9765f0000 - 0x00007ff976730000 	C:\Windows\system32\RPCRT4.dll
0x00007ff976a40000 - 0x00007ff976b8c000 	C:\Windows\system32\GDI32.dll
0x00007ff9746c0000 - 0x00007ff9746ee000 	C:\Windows\system32\SspiCli.dll
0x00007ff9768f0000 - 0x00007ff976926000 	C:\Windows\system32\IMM32.DLL
0x00007ff976dc0000 - 0x00007ff976f11000 	C:\Windows\system32\MSCTF.dll
0x000000005d0c0000 - 0x000000005d192000 	D:\android\studio\jre\jre\bin\msvcr100.dll
0x000000005d4d0000 - 0x000000005dd11000 	D:\android\studio\jre\jre\bin\server\jvm.dll
0x00007ff96e490000 - 0x00007ff96e499000 	C:\Windows\SYSTEM32\WSOCK32.dll
0x00007ff971a60000 - 0x00007ff971a82000 	C:\Windows\SYSTEM32\WINMM.dll
0x00007ff9721c0000 - 0x00007ff9721ca000 	C:\Windows\SYSTEM32\VERSION.dll
0x00007ff976fd0000 - 0x00007ff976fd7000 	C:\Windows\system32\PSAPI.DLL
0x00007ff976930000 - 0x00007ff97698a000 	C:\Windows\system32\WS2_32.dll
0x00007ff971a20000 - 0x00007ff971a4a000 	C:\Windows\SYSTEM32\WINMMBASE.dll
0x00007ff977050000 - 0x00007ff977059000 	C:\Windows\system32\NSI.dll
0x00007ff974260000 - 0x00007ff9742af000 	C:\Windows\SYSTEM32\cfgmgr32.dll
0x00007ff972fa0000 - 0x00007ff972fc8000 	C:\Windows\SYSTEM32\DEVOBJ.dll
0x00007ff96e320000 - 0x00007ff96e32f000 	D:\android\studio\jre\jre\bin\verify.dll
0x00007ff96bf40000 - 0x00007ff96bf69000 	D:\android\studio\jre\jre\bin\java.dll
0x00007ff96e300000 - 0x00007ff96e316000 	D:\android\studio\jre\jre\bin\zip.dll
0x00007ff974e20000 - 0x00007ff97634b000 	C:\Windows\system32\SHELL32.dll
0x00007ff976ba0000 - 0x00007ff976db0000 	C:\Windows\SYSTEM32\combase.dll
0x00007ff974890000 - 0x00007ff9748e4000 	C:\Windows\system32\SHLWAPI.dll
0x00007ff9729b0000 - 0x00007ff972a62000 	C:\Windows\SYSTEM32\SHCORE.dll
0x00007ff974190000 - 0x00007ff9741a5000 	C:\Windows\SYSTEM32\profapi.dll
0x00007ff9667a0000 - 0x00007ff9667ba000 	D:\android\studio\jre\jre\bin\net.dll
0x00007ff9739c0000 - 0x00007ff973a19000 	C:\Windows\system32\mswsock.dll
0x00007ff966780000 - 0x00007ff966791000 	D:\android\studio\jre\jre\bin\nio.dll
0x00007ff9614b0000 - 0x00007ff9614ce000 	C:\Users\samsung\.gradle\native\25\windows-amd64\native-platform.dll
0x00007ff96b950000 - 0x00007ff96b95d000 	D:\android\studio\jre\jre\bin\management.dll
0x00007ff973a20000 - 0x00007ff973a40000 	C:\Windows\SYSTEM32\CRYPTSP.dll
0x00007ff973640000 - 0x00007ff973676000 	C:\Windows\system32\rsaenh.dll
0x00007ff973cd0000 - 0x00007ff973cf6000 	C:\Windows\SYSTEM32\bcrypt.dll
0x00007ff973750000 - 0x00007ff973771000 	C:\Windows\SYSTEM32\USERENV.dll
0x00007ff973ff0000 - 0x00007ff974053000 	C:\Windows\system32\bcryptprimitives.dll
0x00007ff974060000 - 0x00007ff97406b000 	C:\Windows\SYSTEM32\CRYPTBASE.dll
0x00007ff96e120000 - 0x00007ff96e14a000 	C:\Windows\SYSTEM32\IPHLPAPI.DLL
0x00007ff96e0b0000 - 0x00007ff96e0ba000 	C:\Windows\SYSTEM32\WINNSI.DLL
0x00007ff96d310000 - 0x00007ff96d326000 	C:\Windows\SYSTEM32\dhcpcsvc6.DLL
0x00007ff96d6a0000 - 0x00007ff96d6ba000 	C:\Windows\SYSTEM32\dhcpcsvc.DLL

VM Arguments:
jvm_args: -Xmx1536m -Dfile.encoding=GBK -Duser.country=CN -Duser.language=zh -Duser.variant 
java_command: org.gradle.launcher.daemon.bootstrap.GradleDaemon 4.4
java_class_path (initial): C:\Users\samsung\.gradle\wrapper\dists\gradle-4.4-all\9br9xq1tocpiv8o6njlyu5op1\gradle-4.4\lib\gradle-launcher-4.4.jar
Launcher Type: SUN_STANDARD

Environment Variables:
JAVA_HOME=D:\Program Files\Java\jdk-11.0.2
CLASSPATH=.D:\Program Files\Java\jdk-11.0.2bin;D:\Program Files\Java\jdk-11.0.2\jre\bin;
PATH=C:\Program Files\Microsoft MPI\Bin\;C:\PROGRA~2\Bin;C:\PROGRA~2\Projects\Bpl;C:\PROGRA~2\Borland\CBUILD~1\Bin;C:\PROGRA~2\Borland\CBUILD~1\Projects\Bpl;C:\Program Files\Java\jre1.8.0_171\binC:\Program Files (x86)\Common Files\Oracle\Java\javapath;C:\Program Files (x86)\Intel\iCLS Client\;C:\Program Files\Intel\iCLS Client\;C:\Program Files (x86)\NVIDIA Corporation\PhysX\Common;C:\Windows\system32;C:\Windows;C:\Windows\System32\Wbem;C:\Windows\System32\WindowsPowerShell\v1.0\;C:\Program Files\Intel\Intel(R) Management Engine Components\DAL;C:\Program Files\Intel\Intel(R) Management Engine Components\IPT;C:\Program Files (x86)\Intel\Intel(R) Management Engine Components\DAL;C:\Program Files (x86)\Intel\Intel(R) Management Engine Components\IPT;C:\Program Files\dotnet\;C:\Program Files\Java\jdk1.8.0_171\bin;C:\Program Files (x86)\MySQL\MySQL Utilities 1.6\;C:\Program Files (x86)\Microsoft SQL Server\140\Tools\Binn\;C:\Program Files\Microsoft SQL Server\140\Tools\Binn\;C:\Program Files\Microsoft SQL Server\140\DTS\Binn\;C:\Program Files\Microsoft SQL Server\Client SDK\ODBC\130\Tools\Binn\;D:\Program Files (x86)\Dev-Cpp\MinGW64\bin;E:\Python27;E:\python-3.5.1-embed-adm64;D:\Program Files\Java\jdk-11.0.2\bin;E:\OpenCV4.0\opencv\build\x64\vc15\bin;D:\Program Files (x86)\;D:\android\sdk;D:\android\sdk\platform-tools;E:\Scripts\;E:\;D:\Tools\WinNT;D:\MSDev98\Bin;D:\Tools;c:\bin;C:\modeltech64_10.4\win64;D:\Program Files (x86)\modelsim\win64;D:\Program Files (x86)\win64;E:\OpenCV4.0\opencv\build\x64\vc15\bin;C:\Users\samsung\AppData\Roaming\npm
USERNAME=samsung
OS=Windows_NT
PROCESSOR_IDENTIFIER=Intel64 Family 6 Model 69 Stepping 1, GenuineIntel



---------------  S Y S T E M  ---------------

OS: Windows 8.1 , 64 bit Build 9600 (6.3.9600.19326)

CPU:total 2 (initial active 2) (2 cores per cpu, 1 threads per core) family 6 model 69 stepping 1, cmov, cx8, fxsr, mmx, sse, sse2, sse3, ssse3, sse4.1, sse4.2, popcnt, clmul, erms, lzcnt, tsc, tscinvbit

Memory: 4k page, physical 4106872k(688308k free), swap 7252604k(6464k free)

vm_info: OpenJDK 64-Bit Server VM (25.152-b01) for windows-amd64 JRE (1.8.0_152-release-1343-b01), built by "builder" with MS VC++ 10.0 (VS2010)

time: Fri Jul 12 10:37:57 2019
elapsed time: 28 seconds (0d 0h 0m 28s)

